<?xml version="1.0" encoding="utf-8"?>
<TestRun id="56399036-f97b-4ef2-9231-f83106d2f031" name="inedb@MSI-DT 2026-09-20 12:37:37" runUser="MSI-DT\inedb" xmlns="http://microsoft.com/schemas/VisualStudio/TeamTest/2010">
  <Times creation="2026-09-20T12:37:37.1710071+03:00" queuing="2026-09-20T12:37:37.1710075+03:00" start="2026-09-20T12:36:54.1904663+03:00" finish="2026-09-20T12:37:37.1763917+03:00" />
  <TestSettings name="default" id="9f284915-a90b-4ec1-a0d5-2697dfce4fd9">
    <Deployment runDeploymentRoot="inedb_MSI-DT_2026-09-20_12_37_37" />
  </TestSettings>
  <Results>
    <UnitTestResult executionId="53372ed7-24c2-4ab1-8dfc-634a2d57f9ad" testId="cfff95df-fa5d-2c4a-2062-9ed0fd2db1e8" testName="NovaCart.Tests.OrderFlow.E2E.OrderFlowE2EIntegrationTests.BasketCheckout_Should_Create_Order_And_Reach_Terminal_Payment_Status" computerName="MSI-DT" duration="00:00:42.3331915" startTime="2026-09-20T12:36:54.7306228+03:00" endTime="2026-09-20T12:37:37.0716688+03:00" testType="13cdc9d9-ddb5-4fa4-a97d-d965ccfc6d4b" outcome="Passed" testListId="8c84fa94-04c1-424b-9868-57a2d4851a1d" relativeResultsDirectory="53372ed7-24c2-4ab1-8dfc-634a2d57f9ad" />
  </Results>
  <TestDefinitions>
    <UnitTest name="NovaCart.Tests.OrderFlow.E2E.OrderFlowE2EIntegrationTests.BasketCheckout_Should_Create_Order_And_Reach_Terminal_Payment_Status" storage="d:\repos\novacart\tests\integrationtests\orderflow.e2e\bin\release\net10.0\novacart.tests.orderflow.e2e.dll" id="cfff95df-fa5d-2c4a-2062-9ed0fd2db1e8">
      <Execution id="53372ed7-24c2-4ab1-8dfc-634a2d57f9ad" />
      <TestMethod codeBase="D:\Repos\NovaCart\tests\IntegrationTests\OrderFlow.E2E\bin\Release\net10.0\NovaCart.Tests.OrderFlow.E2E.dll" adapterTypeName="executor://xunit/VsTestRunner3/netcore/" className="NovaCart.Tests.OrderFlow.E2E.OrderFlowE2EIntegrationTests" name="BasketCheckout_Should_Create_Order_And_Reach_Terminal_Payment_Status" />
    </UnitTest>
  </TestDefinitions>
  <TestEntries>
    <TestEntry testId="cfff95df-fa5d-2c4a-2062-9ed0fd2db1e8" executionId="53372ed7-24c2-4ab1-8dfc-634a2d57f9ad" testListId="8c84fa94-04c1-424b-9868-57a2d4851a1d" />
  </TestEntries>
  <TestLists>
    <TestList name="Список результатов" id="8c84fa94-04c1-424b-9868-57a2d4851a1d" />
    <TestList name="Все загруженные результаты" id="19431567-8539-422a-85d7-44ee4e166bda" />
  </TestLists>
  <ResultSummary outcome="Completed">
    <Counters total="1" executed="1" passed="1" failed="0" error="0" timeout="0" aborted="0" inconclusive="0" passedButRunAborted="0" notRunnable="0" notExecuted="0" disconnected="0" warning="0" completed="0" inProgress="0" pending="0" />
    <Output>
      <StdOut>[xUnit.net 00:00:00.00] xUnit.net VSTest Adapter v3.1.4+50e68bbb8b (64-bit .NET 10.0.12)&#xD;
[xUnit.net 00:00:00.07]   Discovering: NovaCart.Tests.OrderFlow.E2E&#xD;
[xUnit.net 00:00:00.11]   Discovered:  NovaCart.Tests.OrderFlow.E2E&#xD;
[xUnit.net 00:00:00.14]   Starting:    NovaCart.Tests.OrderFlow.E2E&#xD;
info: Aspire.Hosting.DistributedApplication[0]&#xD;
      Aspire AppHost version: 13.5.4+9c1b401dd67746739044f68959cbf4d3d7af93a6&#xD;
info: Aspire.Hosting.DistributedApplication[0]&#xD;
      Distributed application starting.&#xD;
info: Aspire.Hosting.DistributedApplication[0]&#xD;
      Application host directory is: D:\Repos\NovaCart\NovaCart.AppHost&#xD;
info: Aspire.Hosting.Dcp.DcpHost[0]&#xD;
      Starting DCP with arguments: start-apiserver --monitor 48224 --detach --kubeconfig "C:\Users\inedb\AppData\Local\Temp\aspire-dcpzyuvv0bv.uo4\kubeconfig"&#xD;
info: NovaCart.AppHost.Resources.identity-api[0]&#xD;
      1: 2026-09-20T09:36:57.0825551Z Waiting for resource 'postgres' to enter the 'Running' state.&#xD;
info: NovaCart.AppHost.Resources.payment-api[0]&#xD;
      1: 2026-09-20T09:36:57.0825620Z Waiting for resource 'postgres' to enter the 'Running' state.&#xD;
info: NovaCart.AppHost.Resources.ordering-api[0]&#xD;
      1: 2026-09-20T09:36:57.0825746Z Waiting for resource 'postgres' to enter the 'Running' state.&#xD;
info: NovaCart.AppHost.Resources.basket-api[0]&#xD;
      1: 2026-09-20T09:36:57.0825791Z Waiting for resource 'redis' to enter the 'Running' state.&#xD;
info: NovaCart.AppHost.Resources.catalog-api[0]&#xD;
      1: 2026-09-20T09:36:57.0825506Z Waiting for resource 'postgres' to enter the 'Running' state.&#xD;
info: NovaCart.AppHost.Resources.ordering-api[0]&#xD;
      2: 2026-09-20T09:36:57.0896866Z Waiting for resource 'orderingdb' to enter the 'Running' state.&#xD;
info: NovaCart.AppHost.Resources.payment-api[0]&#xD;
      2: 2026-09-20T09:36:57.0896881Z Waiting for resource 'paymentdb' to enter the 'Running' state.&#xD;
info: NovaCart.AppHost.Resources.catalog-api[0]&#xD;
      2: 2026-09-20T09:36:57.0896866Z Waiting for resource 'catalogdb' to enter the 'Running' state.&#xD;
info: NovaCart.AppHost.Resources.basket-api[0]&#xD;
      2: 2026-09-20T09:36:57.0896860Z Waiting for resource 'rabbitmq' to enter the 'Running' state.&#xD;
info: NovaCart.AppHost.Resources.identity-api[0]&#xD;
      2: 2026-09-20T09:36:57.0896866Z Waiting for resource 'identitydb' to enter the 'Running' state.&#xD;
info: NovaCart.AppHost.Resources.payment-api[0]&#xD;
      3: 2026-09-20T09:36:57.0901794Z Waiting for resource 'rabbitmq' to enter the 'Running' state.&#xD;
info: NovaCart.AppHost.Resources.basket-api[0]&#xD;
      3: 2026-09-20T09:36:57.0901955Z Waiting for resource 'catalog-api' to enter the 'Running' state.&#xD;
info: NovaCart.AppHost.Resources.catalog-api[0]&#xD;
      3: 2026-09-20T09:36:57.0902001Z Waiting for resource 'rabbitmq' to enter the 'Running' state.&#xD;
info: NovaCart.AppHost.Resources.ordering-api[0]&#xD;
      3: 2026-09-20T09:36:57.0901997Z Waiting for resource 'rabbitmq' to enter the 'Running' state.&#xD;
info: NovaCart.AppHost.Resources.identity-api[0]&#xD;
      3: 2026-09-20T09:36:57.0902144Z Waiting for resource 'rabbitmq' to enter the 'Running' state.&#xD;
info: NovaCart.AppHost.Resources.ordering-api[0]&#xD;
      4: 2026-09-20T09:36:57.0902663Z Waiting for resource 'catalog-api' to enter the 'Running' state.&#xD;
info: NovaCart.AppHost.Resources.web[0]&#xD;
      1: 2026-09-20T09:36:57.1310000Z [sys] Starting process...: Cmd = C:\Program Files\dotnet\dotnet.exe, Args = ["run", "--project", "D:\\Repos\\NovaCart\\src\\Web\\NovaCart.Web\\NovaCart.Web.csproj", "--no-build", "--configuration", "Release", "--no-launch-profile"]&#xD;
info: NovaCart.AppHost.Resources.gateway[0]&#xD;
      1: 2026-09-20T09:36:57.1390000Z [sys] Starting process...: Cmd = C:\Program Files\dotnet\dotnet.exe, Args = ["run", "--project", "D:\\Repos\\NovaCart\\src\\ApiGateway\\Gateway.Yarp\\NovaCart.ApiGateway.Yarp.csproj", "--no-build", "--configuration", "Release", "--no-launch-profile"]&#xD;
info: NovaCart.AppHost.Resources.redis[0]&#xD;
      1: 2026-09-20T09:36:58.3480000Z 7f728706aac6aa7f6b072492546c7fb99384ef7d89ad6644bb9e21df63178c01&#xD;
info: NovaCart.AppHost.Resources.postgres[0]&#xD;
      1: 2026-09-20T09:36:58.3880000Z 8747d73d86026bb3b6abd00b80ebf2748c380cffbc43398fd89cf3d788aac133&#xD;
info: NovaCart.AppHost.Resources.rabbitmq[0]&#xD;
      1: 2026-09-20T09:36:58.3950000Z 6ca688bdd50a063992da278708bc757135473bb212a0d50aedebfc29458d0bf0&#xD;
info: NovaCart.AppHost.Resources.gateway[0]&#xD;
      2: 2026-09-20T09:36:58.4220000Z info: Yarp.ReverseProxy.Configuration.ConfigProvider.ConfigurationConfigProvider[1]&#xD;
info: NovaCart.AppHost.Resources.gateway[0]&#xD;
      3: 2026-09-20T09:36:58.4220000Z       Loading proxy data from config.&#xD;
info: NovaCart.AppHost.Resources.gateway[0]&#xD;
      4: 2026-09-20T09:36:58.4930000Z dbug: Yarp.ReverseProxy.Management.ProxyConfigManager[24]&#xD;
info: NovaCart.AppHost.Resources.gateway[0]&#xD;
      5: 2026-09-20T09:36:58.4930000Z       Destination 'destination1[http://localhost:60926/]' has been added.&#xD;
info: NovaCart.AppHost.Resources.gateway[0]&#xD;
      6: 2026-09-20T09:36:58.4990000Z dbug: Yarp.ReverseProxy.Forwarder.ForwarderHttpClientFactory[45]&#xD;
info: NovaCart.AppHost.Resources.gateway[0]&#xD;
      7: 2026-09-20T09:36:58.4990000Z       New client created for cluster 'basket-cluster'.&#xD;
info: NovaCart.AppHost.Resources.gateway[0]&#xD;
      8: 2026-09-20T09:36:58.4990000Z dbug: Yarp.ReverseProxy.Management.ProxyConfigManager[21]&#xD;
info: NovaCart.AppHost.Resources.gateway[0]&#xD;
      9: 2026-09-20T09:36:58.4990000Z       Cluster 'basket-cluster' has been added.&#xD;
info: NovaCart.AppHost.Resources.gateway[0]&#xD;
      10: 2026-09-20T09:36:58.5020000Z dbug: Yarp.ReverseProxy.Management.ProxyConfigManager[24]&#xD;
info: NovaCart.AppHost.Resources.gateway[0]&#xD;
      11: 2026-09-20T09:36:58.5020000Z       Destination 'destination1[http://localhost:60928/]' has been added.&#xD;
info: NovaCart.AppHost.Resources.gateway[0]&#xD;
      12: 2026-09-20T09:36:58.5020000Z dbug: Yarp.ReverseProxy.Forwarder.ForwarderHttpClientFactory[45]&#xD;
info: NovaCart.AppHost.Resources.gateway[0]&#xD;
      13: 2026-09-20T09:36:58.5020000Z       New client created for cluster 'catalog-cluster'.&#xD;
info: NovaCart.AppHost.Resources.gateway[0]&#xD;
      14: 2026-09-20T09:36:58.5020000Z dbug: Yarp.ReverseProxy.Management.ProxyConfigManager[21]&#xD;
info: NovaCart.AppHost.Resources.gateway[0]&#xD;
      15: 2026-09-20T09:36:58.5020000Z       Cluster 'catalog-cluster' has been added.&#xD;
info: NovaCart.AppHost.Resources.gateway[0]&#xD;
      16: 2026-09-20T09:36:58.5020000Z dbug: Yarp.ReverseProxy.Management.ProxyConfigManager[24]&#xD;
info: NovaCart.AppHost.Resources.gateway[0]&#xD;
      17: 2026-09-20T09:36:58.5020000Z       Destination 'destination1[http://localhost:60929/]' has been added.&#xD;
info: NovaCart.AppHost.Resources.gateway[0]&#xD;
      18: 2026-09-20T09:36:58.5020000Z dbug: Yarp.ReverseProxy.Forwarder.ForwarderHttpClientFactory[45]&#xD;
info: NovaCart.AppHost.Resources.gateway[0]&#xD;
      19: 2026-09-20T09:36:58.5020000Z       New client created for cluster 'identity-cluster'.&#xD;
info: NovaCart.AppHost.Resources.gateway[0]&#xD;
      20: 2026-09-20T09:36:58.5080000Z dbug: Yarp.ReverseProxy.Management.ProxyConfigManager[21]&#xD;
info: NovaCart.AppHost.Resources.gateway[0]&#xD;
      21: 2026-09-20T09:36:58.5080000Z       Cluster 'identity-cluster' has been added.&#xD;
info: NovaCart.AppHost.Resources.gateway[0]&#xD;
      22: 2026-09-20T09:36:58.5080000Z dbug: Yarp.ReverseProxy.Management.ProxyConfigManager[24]&#xD;
info: NovaCart.AppHost.Resources.gateway[0]&#xD;
      23: 2026-09-20T09:36:58.5080000Z       Destination 'destination1[http://localhost:60933/]' has been added.&#xD;
info: NovaCart.AppHost.Resources.gateway[0]&#xD;
      24: 2026-09-20T09:36:58.5090000Z dbug: Yarp.ReverseProxy.Forwarder.ForwarderHttpClientFactory[45]&#xD;
info: NovaCart.AppHost.Resources.gateway[0]&#xD;
      25: 2026-09-20T09:36:58.5090000Z       New client created for cluster 'ordering-cluster'.&#xD;
info: NovaCart.AppHost.Resources.gateway[0]&#xD;
      26: 2026-09-20T09:36:58.5090000Z dbug: Yarp.ReverseProxy.Management.ProxyConfigManager[21]&#xD;
info: NovaCart.AppHost.Resources.gateway[0]&#xD;
      27: 2026-09-20T09:36:58.5090000Z       Cluster 'ordering-cluster' has been added.&#xD;
info: NovaCart.AppHost.Resources.gateway[0]&#xD;
      28: 2026-09-20T09:36:58.5130000Z dbug: Yarp.ReverseProxy.Management.ProxyConfigManager[27]&#xD;
info: NovaCart.AppHost.Resources.gateway[0]&#xD;
      29: 2026-09-20T09:36:58.5140000Z       Route 'auth-route' has been added.&#xD;
info: NovaCart.AppHost.Resources.gateway[0]&#xD;
      30: 2026-09-20T09:36:58.5140000Z dbug: Yarp.ReverseProxy.Management.ProxyConfigManager[27]&#xD;
info: NovaCart.AppHost.Resources.gateway[0]&#xD;
      31: 2026-09-20T09:36:58.5140000Z       Route 'baskets-route' has been added.&#xD;
info: NovaCart.AppHost.Resources.gateway[0]&#xD;
      32: 2026-09-20T09:36:58.5140000Z dbug: Yarp.ReverseProxy.Management.ProxyConfigManager[27]&#xD;
info: NovaCart.AppHost.Resources.gateway[0]&#xD;
      33: 2026-09-20T09:36:58.5140000Z       Route 'categories-route' has been added.&#xD;
info: NovaCart.AppHost.Resources.gateway[0]&#xD;
      34: 2026-09-20T09:36:58.5140000Z dbug: Yarp.ReverseProxy.Management.ProxyConfigManager[27]&#xD;
info: NovaCart.AppHost.Resources.gateway[0]&#xD;
      35: 2026-09-20T09:36:58.5140000Z       Route 'orders-route' has been added.&#xD;
info: NovaCart.AppHost.Resources.gateway[0]&#xD;
      36: 2026-09-20T09:36:58.5140000Z dbug: Yarp.ReverseProxy.Management.ProxyConfigManager[27]&#xD;
info: NovaCart.AppHost.Resources.gateway[0]&#xD;
      37: 2026-09-20T09:36:58.5140000Z       Route 'products-route' has been added.&#xD;
info: NovaCart.AppHost.Resources.gateway[0]&#xD;
      38: 2026-09-20T09:36:58.6550000Z info: Microsoft.Hosting.Lifetime[14]&#xD;
info: NovaCart.AppHost.Resources.gateway[0]&#xD;
      39: 2026-09-20T09:36:58.6550000Z       Now listening on: http://localhost:60938&#xD;
info: NovaCart.AppHost.Resources.gateway[0]&#xD;
      40: 2026-09-20T09:36:58.6550000Z info: Microsoft.Hosting.Lifetime[0]&#xD;
info: NovaCart.AppHost.Resources.gateway[0]&#xD;
      41: 2026-09-20T09:36:58.6550000Z       Application started. Press Ctrl+C to shut down.&#xD;
info: NovaCart.AppHost.Resources.gateway[0]&#xD;
      42: 2026-09-20T09:36:58.6560000Z info: Microsoft.Hosting.Lifetime[0]&#xD;
info: NovaCart.AppHost.Resources.gateway[0]&#xD;
      43: 2026-09-20T09:36:58.6560000Z       Hosting environment: Development&#xD;
info: NovaCart.AppHost.Resources.gateway[0]&#xD;
      44: 2026-09-20T09:36:58.6560000Z info: Microsoft.Hosting.Lifetime[0]&#xD;
info: NovaCart.AppHost.Resources.gateway[0]&#xD;
      45: 2026-09-20T09:36:58.6560000Z       Content root path: D:\Repos\NovaCart\src\ApiGateway\Gateway.Yarp&#xD;
info: NovaCart.AppHost.Resources.web[0]&#xD;
      2: 2026-09-20T09:36:58.7970000Z info: Microsoft.Hosting.Lifetime[14]&#xD;
info: NovaCart.AppHost.Resources.web[0]&#xD;
      3: 2026-09-20T09:36:58.7970000Z       Now listening on: http://localhost:60937&#xD;
info: NovaCart.AppHost.Resources.web[0]&#xD;
      4: 2026-09-20T09:36:58.8020000Z info: Microsoft.Hosting.Lifetime[0]&#xD;
info: NovaCart.AppHost.Resources.web[0]&#xD;
      5: 2026-09-20T09:36:58.8020000Z       Application started. Press Ctrl+C to shut down.&#xD;
info: NovaCart.AppHost.Resources.web[0]&#xD;
      6: 2026-09-20T09:36:58.8030000Z info: Microsoft.Hosting.Lifetime[0]&#xD;
info: NovaCart.AppHost.Resources.web[0]&#xD;
      7: 2026-09-20T09:36:58.8030000Z       Hosting environment: Development&#xD;
info: NovaCart.AppHost.Resources.web[0]&#xD;
      8: 2026-09-20T09:36:58.8030000Z info: Microsoft.Hosting.Lifetime[0]&#xD;
info: NovaCart.AppHost.Resources.web[0]&#xD;
      9: 2026-09-20T09:36:58.8030000Z       Content root path: D:\Repos\NovaCart\src\Web\NovaCart.Web&#xD;
info: NovaCart.AppHost.Resources.redis[0]&#xD;
      2: 2026-09-20T09:36:59.5240000Z &#xD;
info: NovaCart.AppHost.Resources.rabbitmq[0]&#xD;
      2: 2026-09-20T09:36:59.6110000Z &#xD;
info: NovaCart.AppHost.Resources.postgres[0]&#xD;
      2: 2026-09-20T09:36:59.5740000Z &#xD;
info: NovaCart.AppHost.Resources.postgres[0]&#xD;
      3: 2026-09-20T09:36:59.5740000Z 8747d73d86026bb3b6abd00b80ebf2748c380cffbc43398fd89cf3d788aac133&#xD;
info: NovaCart.AppHost.Resources.redis[0]&#xD;
      3: 2026-09-20T09:36:59.5240000Z 7f728706aac6aa7f6b072492546c7fb99384ef7d89ad6644bb9e21df63178c01&#xD;
info: NovaCart.AppHost.Resources.rabbitmq[0]&#xD;
      3: 2026-09-20T09:36:59.6110000Z 6ca688bdd50a063992da278708bc757135473bb212a0d50aedebfc29458d0bf0&#xD;
info: NovaCart.AppHost.Resources.web[0]&#xD;
      10: 2026-09-20T09:36:59.5100000Z warn: Microsoft.AspNetCore.HttpsPolicy.HttpsRedirectionMiddleware[3]&#xD;
info: NovaCart.AppHost.Resources.web[0]&#xD;
      11: 2026-09-20T09:36:59.5100000Z       Failed to determine the https port for redirect.&#xD;
info: NovaCart.AppHost.Resources.redis[0]&#xD;
      4: 2026-09-20T09:37:00.6620000Z [sys] Added new ContainerNetworkConnection: ContainerName = redis-awgxhfra&#xD;
info: NovaCart.AppHost.Resources.basket-api[0]&#xD;
      4: 2026-09-20T09:37:00.6707126Z Waiting for resource 'redis' to become healthy.&#xD;
info: NovaCart.AppHost.Resources.postgres[0]&#xD;
      4: 2026-09-20T09:37:00.7170000Z [sys] Added new ContainerNetworkConnection: ContainerName = postgres-pwapqyww&#xD;
info: NovaCart.AppHost.Resources.identity-api[0]&#xD;
      4: 2026-09-20T09:37:00.7225124Z Waiting for resource 'postgres' to become healthy.&#xD;
info: NovaCart.AppHost.Resources.catalog-api[0]&#xD;
      4: 2026-09-20T09:37:00.7225137Z Waiting for resource 'postgres' to become healthy.&#xD;
info: NovaCart.AppHost.Resources.payment-api[0]&#xD;
      4: 2026-09-20T09:37:00.7225124Z Waiting for resource 'postgres' to become healthy.&#xD;
info: NovaCart.AppHost.Resources.ordering-api[0]&#xD;
      5: 2026-09-20T09:37:00.7225123Z Waiting for resource 'postgres' to become healthy.&#xD;
info: NovaCart.AppHost.Resources.catalog-api[0]&#xD;
      5: 2026-09-20T09:37:00.7226176Z Waiting for resource 'catalogdb' to become healthy.&#xD;
info: NovaCart.AppHost.Resources.ordering-api[0]&#xD;
      6: 2026-09-20T09:37:00.7226201Z Waiting for resource 'orderingdb' to become healthy.&#xD;
info: NovaCart.AppHost.Resources.identity-api[0]&#xD;
      5: 2026-09-20T09:37:00.7226389Z Waiting for resource 'identitydb' to become healthy.&#xD;
info: NovaCart.AppHost.Resources.payment-api[0]&#xD;
      5: 2026-09-20T09:37:00.7225124Z Waiting for resource 'paymentdb' to become healthy.&#xD;
info: NovaCart.AppHost.Resources.rabbitmq[0]&#xD;
      4: 2026-09-20T09:37:00.7620000Z [sys] Added new ContainerNetworkConnection: ContainerName = rabbitmq-mmbexbrh&#xD;
info: NovaCart.AppHost.Resources.basket-api[0]&#xD;
      5: 2026-09-20T09:37:00.7684275Z Waiting for resource 'rabbitmq' to become healthy.&#xD;
info: NovaCart.AppHost.Resources.payment-api[0]&#xD;
      6: 2026-09-20T09:37:00.7685574Z Waiting for resource 'rabbitmq' to become healthy.&#xD;
info: NovaCart.AppHost.Resources.catalog-api[0]&#xD;
      6: 2026-09-20T09:37:00.7686278Z Waiting for resource 'rabbitmq' to become healthy.&#xD;
info: NovaCart.AppHost.Resources.ordering-api[0]&#xD;
      7: 2026-09-20T09:37:00.7687032Z Waiting for resource 'rabbitmq' to become healthy.&#xD;
info: NovaCart.AppHost.Resources.identity-api[0]&#xD;
      6: 2026-09-20T09:37:00.7687724Z Waiting for resource 'rabbitmq' to become healthy.&#xD;
info: NovaCart.AppHost.Resources.basket-api[0]&#xD;
      6: 2026-09-20T09:37:00.8437452Z Waiting for resource ready to execute for 'redis'.&#xD;
info: NovaCart.AppHost.Resources.basket-api[0]&#xD;
      7: 2026-09-20T09:37:00.8441019Z Finished waiting for resource 'redis'.&#xD;
fail: Microsoft.Extensions.Diagnostics.HealthChecks.DefaultHealthCheckService[103]&#xD;
      Health check rabbitmq_check with status Unhealthy completed after 108.2316ms with message '(null)'&#xD;
      RabbitMQ.Client.Exceptions.BrokerUnreachableException: None of the specified endpoints were reachable&#xD;
       ---&gt; System.IO.IOException: connection.start was never received, likely due to a network timeout&#xD;
       ---&gt; System.IO.IOException: Unable to read data from the transport connection: Программа на вашем хост-компьютере разорвала установленное подключение..&#xD;
       ---&gt; System.Net.Sockets.SocketException (10053): Программа на вашем хост-компьютере разорвала установленное подключение.&#xD;
         at System.Net.Sockets.Socket.AwaitableSocketAsyncEventArgs.CreateException(SocketError error, Boolean forAsyncThrow)&#xD;
         at System.Net.Sockets.NetworkStream.ReadAsync(Memory`1 buffer, CancellationToken cancellationToken)&#xD;
         at System.IO.Pipelines.StreamPipeReader.&lt;ReadInternalAsync&gt;g__Core|39_0(StreamPipeReader reader, Nullable`1 minimumSize, CancellationTokenSource tokenSource, CancellationToken cancellationToken)&#xD;
         at System.IO.Pipelines.StreamPipeReader.ReadAsync(CancellationToken cancellationToken)&#xD;
         at RabbitMQ.Client.Impl.InboundFrame.ReadFromPipeAsync(PipeReader reader, UInt32 maxInboundMessageBodySize, InboundFrame frame, CancellationToken mainLoopCancellationToken)&#xD;
         at System.Runtime.CompilerServices.AsyncMethodBuilderCore.Start[TStateMachine](TStateMachine&amp; stateMachine)&#xD;
         at RabbitMQ.Client.Impl.InboundFrame.ReadFromPipeAsync(PipeReader reader, UInt32 maxInboundMessageBodySize, InboundFrame frame, CancellationToken mainLoopCancellationToken)&#xD;
         at RabbitMQ.Client.Impl.SocketFrameHandler.ReadFrameAsync(InboundFrame frame, CancellationToken mainLoopCancellationToken)&#xD;
         at RabbitMQ.Client.Framing.Connection.ReceiveLoopAsync(CancellationToken mainLoopCancellationToken)&#xD;
         at System.Runtime.CompilerServices.AsyncMethodBuilderCore.Start[TStateMachine](TStateMachine&amp; stateMachine)&#xD;
         at RabbitMQ.Client.Framing.Connection.ReceiveLoopAsync(CancellationToken mainLoopCancellationToken)&#xD;
         at RabbitMQ.Client.Framing.Connection.MainLoop()&#xD;
         at System.Runtime.CompilerServices.AsyncMethodBuilderCore.Start[TStateMachine](TStateMachine&amp; stateMachine)&#xD;
         at RabbitMQ.Client.Framing.Connection.MainLoop()&#xD;
         at System.Threading.Tasks.Task`1.InnerInvoke()&#xD;
         at System.Threading.ExecutionContext.RunFromThreadPoolDispatchLoop(Thread threadPoolThread, ExecutionContext executionContext, ContextCallback callback, Object state)&#xD;
         at System.Threading.Tasks.Task.ExecuteWithThreadLocal(Task&amp; currentTaskSlot, Thread threadPoolThread)&#xD;
         at System.Threading.ThreadPoolWorkQueue.Dispatch()&#xD;
         at System.Threading.PortableThreadPool.WorkerThread.WorkerThreadStart()&#xD;
         at System.Threading.Thread.StartCallback()&#xD;
      --- End of stack trace from previous location ---&#xD;
         --- End of inner exception stack trace ---&#xD;
         at System.IO.Pipelines.StreamPipeReader.&lt;ReadInternalAsync&gt;g__Core|39_0(StreamPipeReader reader, Nullable`1 minimumSize, CancellationTokenSource tokenSource, CancellationToken cancellationToken)&#xD;
         at System.Runtime.CompilerServices.PoolingAsyncValueTaskMethodBuilder`1.StateMachineBox`1.System.Threading.Tasks.Sources.IValueTaskSource&lt;TResult&gt;.GetResult(Int16 token)&#xD;
         at RabbitMQ.Client.Impl.InboundFrame.ReadFromPipeAsync(PipeReader reader, UInt32 maxInboundMessageBodySize, InboundFrame frame, CancellationToken mainLoopCancellationToken)&#xD;
         at RabbitMQ.Client.Framing.Connection.ReceiveLoopAsync(CancellationToken mainLoopCancellationToken)&#xD;
         at RabbitMQ.Client.Framing.Connection.MainLoop()&#xD;
         --- End of inner exception stack trace ---&#xD;
         at RabbitMQ.Client.Framing.Connection.StartAndTuneAsync(CancellationToken cancellationToken)&#xD;
         at RabbitMQ.Client.Framing.Connection.OpenAsync(CancellationToken cancellationToken)&#xD;
         at RabbitMQ.Client.Framing.Connection.OpenAsync(CancellationToken cancellationToken)&#xD;
         at RabbitMQ.Client.Framing.AutorecoveringConnection.CreateAsync(ConnectionConfig config, IEndpointResolver endpoints, CancellationToken cancellationToken)&#xD;
         at RabbitMQ.Client.Framing.AutorecoveringConnection.CreateAsync(ConnectionConfig config, IEndpointResolver endpoints, CancellationToken cancellationToken)&#xD;
         at RabbitMQ.Client.ConnectionFactory.CreateConnectionAsync(IEndpointResolver endpointResolver, String clientProvidedName, CancellationToken cancellationToken)&#xD;
         --- End of inner exception stack trace ---&#xD;
         at RabbitMQ.Client.ConnectionFactory.CreateConnectionAsync(IEndpointResolver endpointResolver, String clientProvidedName, CancellationToken cancellationToken)&#xD;
         at Aspire.Hosting.RabbitMQBuilderExtensions.&lt;&gt;c__DisplayClass0_0.&lt;&lt;AddRabbitMQ&gt;b__1&gt;d.MoveNext() in /_/src/Aspire.Hosting.RabbitMQ/RabbitMQBuilderExtensions.cs:line 64&#xD;
      --- End of stack trace from previous location ---&#xD;
         at HealthChecks.RabbitMQ.RabbitMQHealthCheck.CheckHealthAsync(HealthCheckContext context, CancellationToken cancellationToken) in /home/runner/work/AspNetCore.Diagnostics.HealthChecks/AspNetCore.Diagnostics.HealthChecks/src/HealthChecks.Rabbitmq/RabbitMQHealthCheck.cs:line 31&#xD;
fail: Microsoft.Extensions.Diagnostics.HealthChecks.DefaultHealthCheckService[103]&#xD;
      Health check postgres_check with status Unhealthy completed after 153.6989ms with message '57P03: the database system is starting up'&#xD;
      Npgsql.PostgresException (0x80004005): 57P03: the database system is starting up&#xD;
         at Npgsql.Internal.NpgsqlConnector.ReadMessageLong(Boolean async, DataRowLoadingMode dataRowLoadingMode, Boolean readingNotifications, Boolean isReadingPrependedMessage)&#xD;
         at System.Runtime.CompilerServices.PoolingAsyncValueTaskMethodBuilder`1.StateMachineBox`1.System.Threading.Tasks.Sources.IValueTaskSource&lt;TResult&gt;.GetResult(Int16 token)&#xD;
         at Npgsql.Internal.NpgsqlConnector.Authenticate(String username, NpgsqlTimeout timeout, Boolean async, CancellationToken cancellationToken)&#xD;
         at Npgsql.Internal.NpgsqlConnector.&lt;Open&gt;g__OpenCore|213_1(NpgsqlConnector conn, SslMode sslMode, NpgsqlTimeout timeout, Boolean async, CancellationToken cancellationToken, Boolean isFirstAttempt)&#xD;
         at Npgsql.Internal.NpgsqlConnector.Open(NpgsqlTimeout timeout, Boolean async, CancellationToken cancellationToken)&#xD;
         at Npgsql.PoolingDataSource.OpenNewConnector(NpgsqlConnection conn, NpgsqlTimeout timeout, Boolean async, CancellationToken cancellationToken)&#xD;
         at Npgsql.PoolingDataSource.&lt;Get&gt;g__RentAsync|34_0(NpgsqlConnection conn, NpgsqlTimeout timeout, Boolean async, CancellationToken cancellationToken)&#xD;
         at Npgsql.NpgsqlConnection.&lt;Open&gt;g__OpenAsync|42_0(Boolean async, CancellationToken cancellationToken)&#xD;
         at HealthChecks.NpgSql.NpgSqlHealthCheck.CheckHealthAsync(HealthCheckContext context, CancellationToken cancellationToken) in /home/runner/work/AspNetCore.Diagnostics.HealthChecks/AspNetCore.Diagnostics.HealthChecks/src/HealthChecks.NpgSql/NpgSqlHealthCheck.cs:line 31&#xD;
         at HealthChecks.NpgSql.NpgSqlHealthCheck.CheckHealthAsync(HealthCheckContext context, CancellationToken cancellationToken) in /home/runner/work/AspNetCore.Diagnostics.HealthChecks/AspNetCore.Diagnostics.HealthChecks/src/HealthChecks.NpgSql/NpgSqlHealthCheck.cs:line 37&#xD;
        Exception data:&#xD;
          Severity: FATAL&#xD;
          SqlState: 57P03&#xD;
          MessageText: the database system is starting up&#xD;
          File: backend_startup.c&#xD;
          Line: 275&#xD;
          Routine: BackendInitialize&#xD;
fail: Microsoft.Extensions.Diagnostics.HealthChecks.DefaultHealthCheckService[103]&#xD;
      Health check catalogdb_check with status Unhealthy completed after 153.6799ms with message '57P03: the database system is starting up'&#xD;
      Npgsql.PostgresException (0x80004005): 57P03: the database system is starting up&#xD;
         at Npgsql.Internal.NpgsqlConnector.ReadMessageLong(Boolean async, DataRowLoadingMode dataRowLoadingMode, Boolean readingNotifications, Boolean isReadingPrependedMessage)&#xD;
         at System.Runtime.CompilerServices.PoolingAsyncValueTaskMethodBuilder`1.StateMachineBox`1.System.Threading.Tasks.Sources.IValueTaskSource&lt;TResult&gt;.GetResult(Int16 token)&#xD;
         at Npgsql.Internal.NpgsqlConnector.Authenticate(String username, NpgsqlTimeout timeout, Boolean async, CancellationToken cancellationToken)&#xD;
         at Npgsql.Internal.NpgsqlConnector.&lt;Open&gt;g__OpenCore|213_1(NpgsqlConnector conn, SslMode sslMode, NpgsqlTimeout timeout, Boolean async, CancellationToken cancellationToken, Boolean isFirstAttempt)&#xD;
         at Npgsql.Internal.NpgsqlConnector.Open(NpgsqlTimeout timeout, Boolean async, CancellationToken cancellationToken)&#xD;
         at Npgsql.PoolingDataSource.OpenNewConnector(NpgsqlConnection conn, NpgsqlTimeout timeout, Boolean async, CancellationToken cancellationToken)&#xD;
         at Npgsql.PoolingDataSource.&lt;Get&gt;g__RentAsync|34_0(NpgsqlConnection conn, NpgsqlTimeout timeout, Boolean async, CancellationToken cancellationToken)&#xD;
         at Npgsql.NpgsqlConnection.&lt;Open&gt;g__OpenAsync|42_0(Boolean async, CancellationToken cancellationToken)&#xD;
         at HealthChecks.NpgSql.NpgSqlHealthCheck.CheckHealthAsync(HealthCheckContext context, CancellationToken cancellationToken) in /home/runner/work/AspNetCore.Diagnostics.HealthChecks/AspNetCore.Diagnostics.HealthChecks/src/HealthChecks.NpgSql/NpgSqlHealthCheck.cs:line 31&#xD;
         at HealthChecks.NpgSql.NpgSqlHealthCheck.CheckHealthAsync(HealthCheckContext context, CancellationToken cancellationToken) in /home/runner/work/AspNetCore.Diagnostics.HealthChecks/AspNetCore.Diagnostics.HealthChecks/src/HealthChecks.NpgSql/NpgSqlHealthCheck.cs:line 37&#xD;
        Exception data:&#xD;
          Severity: FATAL&#xD;
          SqlState: 57P03&#xD;
          MessageText: the database system is starting up&#xD;
          File: backend_startup.c&#xD;
          Line: 275&#xD;
          Routine: BackendInitialize&#xD;
fail: Microsoft.Extensions.Diagnostics.HealthChecks.DefaultHealthCheckService[103]&#xD;
      Health check paymentdb_check with status Unhealthy completed after 153.6602ms with message '57P03: the database system is starting up'&#xD;
      Npgsql.PostgresException (0x80004005): 57P03: the database system is starting up&#xD;
         at Npgsql.Internal.NpgsqlConnector.ReadMessageLong(Boolean async, DataRowLoadingMode dataRowLoadingMode, Boolean readingNotifications, Boolean isReadingPrependedMessage)&#xD;
         at System.Runtime.CompilerServices.PoolingAsyncValueTaskMethodBuilder`1.StateMachineBox`1.System.Threading.Tasks.Sources.IValueTaskSource&lt;TResult&gt;.GetResult(Int16 token)&#xD;
         at Npgsql.Internal.NpgsqlConnector.Authenticate(String username, NpgsqlTimeout timeout, Boolean async, CancellationToken cancellationToken)&#xD;
         at Npgsql.Internal.NpgsqlConnector.&lt;Open&gt;g__OpenCore|213_1(NpgsqlConnector conn, SslMode sslMode, NpgsqlTimeout timeout, Boolean async, CancellationToken cancellationToken, Boolean isFirstAttempt)&#xD;
         at Npgsql.Internal.NpgsqlConnector.Open(NpgsqlTimeout timeout, Boolean async, CancellationToken cancellationToken)&#xD;
         at Npgsql.PoolingDataSource.OpenNewConnector(NpgsqlConnection conn, NpgsqlTimeout timeout, Boolean async, CancellationToken cancellationToken)&#xD;
         at Npgsql.PoolingDataSource.&lt;Get&gt;g__RentAsync|34_0(NpgsqlConnection conn, NpgsqlTimeout timeout, Boolean async, CancellationToken cancellationToken)&#xD;
         at Npgsql.NpgsqlConnection.&lt;Open&gt;g__OpenAsync|42_0(Boolean async, CancellationToken cancellationToken)&#xD;
         at HealthChecks.NpgSql.NpgSqlHealthCheck.CheckHealthAsync(HealthCheckContext context, CancellationToken cancellationToken) in /home/runner/work/AspNetCore.Diagnostics.HealthChecks/AspNetCore.Diagnostics.HealthChecks/src/HealthChecks.NpgSql/NpgSqlHealthCheck.cs:line 31&#xD;
         at HealthChecks.NpgSql.NpgSqlHealthCheck.CheckHealthAsync(HealthCheckContext context, CancellationToken cancellationToken) in /home/runner/work/AspNetCore.Diagnostics.HealthChecks/AspNetCore.Diagnostics.HealthChecks/src/HealthChecks.NpgSql/NpgSqlHealthCheck.cs:line 37&#xD;
        Exception data:&#xD;
          Severity: FATAL&#xD;
          SqlState: 57P03&#xD;
          MessageText: the database system is starting up&#xD;
          File: backend_startup.c&#xD;
          Line: 275&#xD;
          Routine: BackendInitialize&#xD;
fail: Microsoft.Extensions.Diagnostics.HealthChecks.DefaultHealthCheckService[103]&#xD;
      Health check postgres_check with status Unhealthy completed after 153.6596ms with message '57P03: the database system is starting up'&#xD;
      Npgsql.PostgresException (0x80004005): 57P03: the database system is starting up&#xD;
         at Npgsql.Internal.NpgsqlConnector.ReadMessageLong(Boolean async, DataRowLoadingMode dataRowLoadingMode, Boolean readingNotifications, Boolean isReadingPrependedMessage)&#xD;
         at System.Runtime.CompilerServices.PoolingAsyncValueTaskMethodBuilder`1.StateMachineBox`1.System.Threading.Tasks.Sources.IValueTaskSource&lt;TResult&gt;.GetResult(Int16 token)&#xD;
         at Npgsql.Internal.NpgsqlConnector.Authenticate(String username, NpgsqlTimeout timeout, Boolean async, CancellationToken cancellationToken)&#xD;
         at Npgsql.Internal.NpgsqlConnector.&lt;Open&gt;g__OpenCore|213_1(NpgsqlConnector conn, SslMode sslMode, NpgsqlTimeout timeout, Boolean async, CancellationToken cancellationToken, Boolean isFirstAttempt)&#xD;
         at Npgsql.Internal.NpgsqlConnector.Open(NpgsqlTimeout timeout, Boolean async, CancellationToken cancellationToken)&#xD;
         at Npgsql.PoolingDataSource.OpenNewConnector(NpgsqlConnection conn, NpgsqlTimeout timeout, Boolean async, CancellationToken cancellationToken)&#xD;
         at Npgsql.PoolingDataSource.&lt;Get&gt;g__RentAsync|34_0(NpgsqlConnection conn, NpgsqlTimeout timeout, Boolean async, CancellationToken cancellationToken)&#xD;
         at Npgsql.NpgsqlConnection.&lt;Open&gt;g__OpenAsync|42_0(Boolean async, CancellationToken cancellationToken)&#xD;
         at HealthChecks.NpgSql.NpgSqlHealthCheck.CheckHealthAsync(HealthCheckContext context, CancellationToken cancellationToken) in /home/runner/work/AspNetCore.Diagnostics.HealthChecks/AspNetCore.Diagnostics.HealthChecks/src/HealthChecks.NpgSql/NpgSqlHealthCheck.cs:line 31&#xD;
         at HealthChecks.NpgSql.NpgSqlHealthCheck.CheckHealthAsync(HealthCheckContext context, CancellationToken cancellationToken) in /home/runner/work/AspNetCore.Diagnostics.HealthChecks/AspNetCore.Diagnostics.HealthChecks/src/HealthChecks.NpgSql/NpgSqlHealthCheck.cs:line 37&#xD;
        Exception data:&#xD;
          Severity: FATAL&#xD;
          SqlState: 57P03&#xD;
          MessageText: the database system is starting up&#xD;
          File: backend_startup.c&#xD;
          Line: 275&#xD;
          Routine: BackendInitialize&#xD;
fail: Microsoft.Extensions.Diagnostics.HealthChecks.DefaultHealthCheckService[103]&#xD;
      Health check identitydb_check with status Unhealthy completed after 153.5039ms with message '57P03: the database system is starting up'&#xD;
      Npgsql.PostgresException (0x80004005): 57P03: the database system is starting up&#xD;
         at Npgsql.Internal.NpgsqlConnector.ReadMessageLong(Boolean async, DataRowLoadingMode dataRowLoadingMode, Boolean readingNotifications, Boolean isReadingPrependedMessage)&#xD;
         at System.Runtime.CompilerServices.PoolingAsyncValueTaskMethodBuilder`1.StateMachineBox`1.System.Threading.Tasks.Sources.IValueTaskSource&lt;TResult&gt;.GetResult(Int16 token)&#xD;
         at Npgsql.Internal.NpgsqlConnector.Authenticate(String username, NpgsqlTimeout timeout, Boolean async, CancellationToken cancellationToken)&#xD;
         at Npgsql.Internal.NpgsqlConnector.&lt;Open&gt;g__OpenCore|213_1(NpgsqlConnector conn, SslMode sslMode, NpgsqlTimeout timeout, Boolean async, CancellationToken cancellationToken, Boolean isFirstAttempt)&#xD;
         at Npgsql.Internal.NpgsqlConnector.Open(NpgsqlTimeout timeout, Boolean async, CancellationToken cancellationToken)&#xD;
         at Npgsql.PoolingDataSource.OpenNewConnector(NpgsqlConnection conn, NpgsqlTimeout timeout, Boolean async, CancellationToken cancellationToken)&#xD;
         at Npgsql.PoolingDataSource.&lt;Get&gt;g__RentAsync|34_0(NpgsqlConnection conn, NpgsqlTimeout timeout, Boolean async, CancellationToken cancellationToken)&#xD;
         at Npgsql.NpgsqlConnection.&lt;Open&gt;g__OpenAsync|42_0(Boolean async, CancellationToken cancellationToken)&#xD;
         at HealthChecks.NpgSql.NpgSqlHealthCheck.CheckHealthAsync(HealthCheckContext context, CancellationToken cancellationToken) in /home/runner/work/AspNetCore.Diagnostics.HealthChecks/AspNetCore.Diagnostics.HealthChecks/src/HealthChecks.NpgSql/NpgSqlHealthCheck.cs:line 31&#xD;
         at HealthChecks.NpgSql.NpgSqlHealthCheck.CheckHealthAsync(HealthCheckContext context, CancellationToken cancellationToken) in /home/runner/work/AspNetCore.Diagnostics.HealthChecks/AspNetCore.Diagnostics.HealthChecks/src/HealthChecks.NpgSql/NpgSqlHealthCheck.cs:line 37&#xD;
        Exception data:&#xD;
          Severity: FATAL&#xD;
          SqlState: 57P03&#xD;
          MessageText: the database system is starting up&#xD;
          File: backend_startup.c&#xD;
          Line: 275&#xD;
          Routine: BackendInitialize&#xD;
fail: Microsoft.Extensions.Diagnostics.HealthChecks.DefaultHealthCheckService[103]&#xD;
      Health check postgres_check with status Unhealthy completed after 153.7277ms with message '57P03: the database system is starting up'&#xD;
      Npgsql.PostgresException (0x80004005): 57P03: the database system is starting up&#xD;
         at Npgsql.Internal.NpgsqlConnector.ReadMessageLong(Boolean async, DataRowLoadingMode dataRowLoadingMode, Boolean readingNotifications, Boolean isReadingPrependedMessage)&#xD;
         at System.Runtime.CompilerServices.PoolingAsyncValueTaskMethodBuilder`1.StateMachineBox`1.System.Threading.Tasks.Sources.IValueTaskSource&lt;TResult&gt;.GetResult(Int16 token)&#xD;
         at Npgsql.Internal.NpgsqlConnector.Authenticate(String username, NpgsqlTimeout timeout, Boolean async, CancellationToken cancellationToken)&#xD;
         at Npgsql.Internal.NpgsqlConnector.&lt;Open&gt;g__OpenCore|213_1(NpgsqlConnector conn, SslMode sslMode, NpgsqlTimeout timeout, Boolean async, CancellationToken cancellationToken, Boolean isFirstAttempt)&#xD;
         at Npgsql.Internal.NpgsqlConnector.Open(NpgsqlTimeout timeout, Boolean async, CancellationToken cancellationToken)&#xD;
         at Npgsql.PoolingDataSource.OpenNewConnector(NpgsqlConnection conn, NpgsqlTimeout timeout, Boolean async, CancellationToken cancellationToken)&#xD;
         at Npgsql.PoolingDataSource.&lt;Get&gt;g__RentAsync|34_0(NpgsqlConnection conn, NpgsqlTimeout timeout, Boolean async, CancellationToken cancellationToken)&#xD;
         at Npgsql.NpgsqlConnection.&lt;Open&gt;g__OpenAsync|42_0(Boolean async, CancellationToken cancellationToken)&#xD;
         at HealthChecks.NpgSql.NpgSqlHealthCheck.CheckHealthAsync(HealthCheckContext context, CancellationToken cancellationToken) in /home/runner/work/AspNetCore.Diagnostics.HealthChecks/AspNetCore.Diagnostics.HealthChecks/src/HealthChecks.NpgSql/NpgSqlHealthCheck.cs:line 31&#xD;
         at HealthChecks.NpgSql.NpgSqlHealthCheck.CheckHealthAsync(HealthCheckContext context, CancellationToken cancellationToken) in /home/runner/work/AspNetCore.Diagnostics.HealthChecks/AspNetCore.Diagnostics.HealthChecks/src/HealthChecks.NpgSql/NpgSqlHealthCheck.cs:line 37&#xD;
        Exception data:&#xD;
          Severity: FATAL&#xD;
          SqlState: 57P03&#xD;
          MessageText: the database system is starting up&#xD;
          File: backend_startup.c&#xD;
          Line: 275&#xD;
          Routine: BackendInitialize&#xD;
fail: Microsoft.Extensions.Diagnostics.HealthChecks.DefaultHealthCheckService[103]&#xD;
      Health check orderingdb_check with status Unhealthy completed after 153.6829ms with message '57P03: the database system is starting up'&#xD;
      Npgsql.PostgresException (0x80004005): 57P03: the database system is starting up&#xD;
         at Npgsql.Internal.NpgsqlConnector.ReadMessageLong(Boolean async, DataRowLoadingMode dataRowLoadingMode, Boolean readingNotifications, Boolean isReadingPrependedMessage)&#xD;
         at System.Runtime.CompilerServices.PoolingAsyncValueTaskMethodBuilder`1.StateMachineBox`1.System.Threading.Tasks.Sources.IValueTaskSource&lt;TResult&gt;.GetResult(Int16 token)&#xD;
         at Npgsql.Internal.NpgsqlConnector.Authenticate(String username, NpgsqlTimeout timeout, Boolean async, CancellationToken cancellationToken)&#xD;
         at Npgsql.Internal.NpgsqlConnector.&lt;Open&gt;g__OpenCore|213_1(NpgsqlConnector conn, SslMode sslMode, NpgsqlTimeout timeout, Boolean async, CancellationToken cancellationToken, Boolean isFirstAttempt)&#xD;
         at Npgsql.Internal.NpgsqlConnector.Open(NpgsqlTimeout timeout, Boolean async, CancellationToken cancellationToken)&#xD;
         at Npgsql.PoolingDataSource.OpenNewConnector(NpgsqlConnection conn, NpgsqlTimeout timeout, Boolean async, CancellationToken cancellationToken)&#xD;
         at Npgsql.PoolingDataSource.&lt;Get&gt;g__RentAsync|34_0(NpgsqlConnection conn, NpgsqlTimeout timeout, Boolean async, CancellationToken cancellationToken)&#xD;
         at Npgsql.NpgsqlConnection.&lt;Open&gt;g__OpenAsync|42_0(Boolean async, CancellationToken cancellationToken)&#xD;
         at HealthChecks.NpgSql.NpgSqlHealthCheck.CheckHealthAsync(HealthCheckContext context, CancellationToken cancellationToken) in /home/runner/work/AspNetCore.Diagnostics.HealthChecks/AspNetCore.Diagnostics.HealthChecks/src/HealthChecks.NpgSql/NpgSqlHealthCheck.cs:line 31&#xD;
         at HealthChecks.NpgSql.NpgSqlHealthCheck.CheckHealthAsync(HealthCheckContext context, CancellationToken cancellationToken) in /home/runner/work/AspNetCore.Diagnostics.HealthChecks/AspNetCore.Diagnostics.HealthChecks/src/HealthChecks.NpgSql/NpgSqlHealthCheck.cs:line 37&#xD;
        Exception data:&#xD;
          Severity: FATAL&#xD;
          SqlState: 57P03&#xD;
          MessageText: the database system is starting up&#xD;
          File: backend_startup.c&#xD;
          Line: 275&#xD;
          Routine: BackendInitialize&#xD;
fail: Microsoft.Extensions.Diagnostics.HealthChecks.DefaultHealthCheckService[103]&#xD;
      Health check postgres_check with status Unhealthy completed after 153.7514ms with message '57P03: the database system is starting up'&#xD;
      Npgsql.PostgresException (0x80004005): 57P03: the database system is starting up&#xD;
         at Npgsql.Internal.NpgsqlConnector.ReadMessageLong(Boolean async, DataRowLoadingMode dataRowLoadingMode, Boolean readingNotifications, Boolean isReadingPrependedMessage)&#xD;
         at System.Runtime.CompilerServices.PoolingAsyncValueTaskMethodBuilder`1.StateMachineBox`1.System.Threading.Tasks.Sources.IValueTaskSource&lt;TResult&gt;.GetResult(Int16 token)&#xD;
         at Npgsql.Internal.NpgsqlConnector.Authenticate(String username, NpgsqlTimeout timeout, Boolean async, CancellationToken cancellationToken)&#xD;
         at Npgsql.Internal.NpgsqlConnector.&lt;Open&gt;g__OpenCore|213_1(NpgsqlConnector conn, SslMode sslMode, NpgsqlTimeout timeout, Boolean async, CancellationToken cancellationToken, Boolean isFirstAttempt)&#xD;
         at Npgsql.Internal.NpgsqlConnector.Open(NpgsqlTimeout timeout, Boolean async, CancellationToken cancellationToken)&#xD;
         at Npgsql.PoolingDataSource.OpenNewConnector(NpgsqlConnection conn, NpgsqlTimeout timeout, Boolean async, CancellationToken cancellationToken)&#xD;
         at Npgsql.PoolingDataSource.&lt;Get&gt;g__RentAsync|34_0(NpgsqlConnection conn, NpgsqlTimeout timeout, Boolean async, CancellationToken cancellationToken)&#xD;
         at Npgsql.NpgsqlConnection.&lt;Open&gt;g__OpenAsync|42_0(Boolean async, CancellationToken cancellationToken)&#xD;
         at HealthChecks.NpgSql.NpgSqlHealthCheck.CheckHealthAsync(HealthCheckContext context, CancellationToken cancellationToken) in /home/runner/work/AspNetCore.Diagnostics.HealthChecks/AspNetCore.Diagnostics.HealthChecks/src/HealthChecks.NpgSql/NpgSqlHealthCheck.cs:line 31&#xD;
         at HealthChecks.NpgSql.NpgSqlHealthCheck.CheckHealthAsync(HealthCheckContext context, CancellationToken cancellationToken) in /home/runner/work/AspNetCore.Diagnostics.HealthChecks/AspNetCore.Diagnostics.HealthChecks/src/HealthChecks.NpgSql/NpgSqlHealthCheck.cs:line 37&#xD;
        Exception data:&#xD;
          Severity: FATAL&#xD;
          SqlState: 57P03&#xD;
          MessageText: the database system is starting up&#xD;
          File: backend_startup.c&#xD;
          Line: 275&#xD;
          Routine: BackendInitialize&#xD;
fail: Microsoft.Extensions.Diagnostics.HealthChecks.DefaultHealthCheckService[103]&#xD;
      Health check postgres_check with status Unhealthy completed after 153.6405ms with message '57P03: the database system is starting up'&#xD;
      Npgsql.PostgresException (0x80004005): 57P03: the database system is starting up&#xD;
         at Npgsql.Internal.NpgsqlConnector.ReadMessageLong(Boolean async, DataRowLoadingMode dataRowLoadingMode, Boolean readingNotifications, Boolean isReadingPrependedMessage)&#xD;
         at System.Runtime.CompilerServices.PoolingAsyncValueTaskMethodBuilder`1.StateMachineBox`1.System.Threading.Tasks.Sources.IValueTaskSource&lt;TResult&gt;.GetResult(Int16 token)&#xD;
         at Npgsql.Internal.NpgsqlConnector.Authenticate(String username, NpgsqlTimeout timeout, Boolean async, CancellationToken cancellationToken)&#xD;
         at Npgsql.Internal.NpgsqlConnector.&lt;Open&gt;g__OpenCore|213_1(NpgsqlConnector conn, SslMode sslMode, NpgsqlTimeout timeout, Boolean async, CancellationToken cancellationToken, Boolean isFirstAttempt)&#xD;
         at Npgsql.Internal.NpgsqlConnector.Open(NpgsqlTimeout timeout, Boolean async, CancellationToken cancellationToken)&#xD;
         at Npgsql.PoolingDataSource.OpenNewConnector(NpgsqlConnection conn, NpgsqlTimeout timeout, Boolean async, CancellationToken cancellationToken)&#xD;
         at Npgsql.PoolingDataSource.&lt;Get&gt;g__RentAsync|34_0(NpgsqlConnection conn, NpgsqlTimeout timeout, Boolean async, CancellationToken cancellationToken)&#xD;
         at Npgsql.NpgsqlConnection.&lt;Open&gt;g__OpenAsync|42_0(Boolean async, CancellationToken cancellationToken)&#xD;
         at HealthChecks.NpgSql.NpgSqlHealthCheck.CheckHealthAsync(HealthCheckContext context, CancellationToken cancellationToken) in /home/runner/work/AspNetCore.Diagnostics.HealthChecks/AspNetCore.Diagnostics.HealthChecks/src/HealthChecks.NpgSql/NpgSqlHealthCheck.cs:line 31&#xD;
         at HealthChecks.NpgSql.NpgSqlHealthCheck.CheckHealthAsync(HealthCheckContext context, CancellationToken cancellationToken) in /home/runner/work/AspNetCore.Diagnostics.HealthChecks/AspNetCore.Diagnostics.HealthChecks/src/HealthChecks.NpgSql/NpgSqlHealthCheck.cs:line 37&#xD;
        Exception data:&#xD;
          Severity: FATAL&#xD;
          SqlState: 57P03&#xD;
          MessageText: the database system is starting up&#xD;
          File: backend_startup.c&#xD;
          Line: 275&#xD;
          Routine: BackendInitialize&#xD;
info: NovaCart.AppHost.Resources.redis[0]&#xD;
      5: 2026-09-20T09:36:59.4891372Z 7:C 20 Sep 2026 09:36:59.489 * oO0OoO0OoO0Oo Redis is starting oO0OoO0OoO0Oo&#xD;
info: NovaCart.AppHost.Resources.redis[0]&#xD;
      6: 2026-09-20T09:36:59.4891691Z 7:C 20 Sep 2026 09:36:59.489 * Redis version=7.4.9, bits=64, commit=00000000, modified=0, pid=7, just started&#xD;
info: NovaCart.AppHost.Resources.redis[0]&#xD;
      7: 2026-09-20T09:36:59.4891712Z 7:C 20 Sep 2026 09:36:59.489 * Configuration loaded&#xD;
info: NovaCart.AppHost.Resources.redis[0]&#xD;
      8: 2026-09-20T09:36:59.4893757Z 7:M 20 Sep 2026 09:36:59.489 * monotonic clock: POSIX clock_gettime&#xD;
info: NovaCart.AppHost.Resources.redis[0]&#xD;
      9: 2026-09-20T09:36:59.4900091Z 7:M 20 Sep 2026 09:36:59.489 * Running mode=standalone, port=6380.&#xD;
info: NovaCart.AppHost.Resources.redis[0]&#xD;
      10: 2026-09-20T09:36:59.4918613Z 7:M 20 Sep 2026 09:36:59.491 * Server initialized&#xD;
info: NovaCart.AppHost.Resources.redis[0]&#xD;
      11: 2026-09-20T09:36:59.4918758Z 7:M 20 Sep 2026 09:36:59.491 * Reading RDB base file on AOF loading...&#xD;
info: NovaCart.AppHost.Resources.redis[0]&#xD;
      12: 2026-09-20T09:36:59.4919356Z 7:M 20 Sep 2026 09:36:59.491 * Loading RDB produced by version 7.4.9&#xD;
info: NovaCart.AppHost.Resources.redis[0]&#xD;
      13: 2026-09-20T09:36:59.4919423Z 7:M 20 Sep 2026 09:36:59.491 * RDB age 728 seconds&#xD;
info: NovaCart.AppHost.Resources.redis[0]&#xD;
      14: 2026-09-20T09:36:59.4919440Z 7:M 20 Sep 2026 09:36:59.491 * RDB memory usage when created 0.91 Mb&#xD;
info: NovaCart.AppHost.Resources.redis[0]&#xD;
      15: 2026-09-20T09:36:59.4919452Z 7:M 20 Sep 2026 09:36:59.491 * RDB is base AOF&#xD;
info: NovaCart.AppHost.Resources.redis[0]&#xD;
      16: 2026-09-20T09:36:59.4919462Z 7:M 20 Sep 2026 09:36:59.491 * Done loading RDB, keys loaded: 0, keys expired: 0.&#xD;
info: NovaCart.AppHost.Resources.redis[0]&#xD;
      17: 2026-09-20T09:36:59.4919472Z 7:M 20 Sep 2026 09:36:59.491 * DB loaded from base file appendonly.aof.1.base.rdb: 0.000 seconds&#xD;
info: NovaCart.AppHost.Resources.redis[0]&#xD;
      18: 2026-09-20T09:36:59.4920182Z 7:M 20 Sep 2026 09:36:59.491 * DB loaded from incr file appendonly.aof.1.incr.aof: 0.000 seconds&#xD;
info: NovaCart.AppHost.Resources.redis[0]&#xD;
      19: 2026-09-20T09:36:59.4920209Z 7:M 20 Sep 2026 09:36:59.491 * DB loaded from append only file: 0.000 seconds&#xD;
info: NovaCart.AppHost.Resources.redis[0]&#xD;
      20: 2026-09-20T09:36:59.4920219Z 7:M 20 Sep 2026 09:36:59.491 * Opening AOF incr file appendonly.aof.1.incr.aof on server start&#xD;
info: NovaCart.AppHost.Resources.redis[0]&#xD;
      21: 2026-09-20T09:36:59.4920230Z 7:M 20 Sep 2026 09:36:59.491 * Ready to accept connections tcp&#xD;
info: NovaCart.AppHost.Resources.redis[0]&#xD;
      22: 2026-09-20T09:36:59.4920240Z 7:M 20 Sep 2026 09:36:59.491 * Ready to accept connections tls&#xD;
info: NovaCart.AppHost.Resources.postgres[0]&#xD;
      5: 2026-09-20T09:36:59.5812763Z The files belonging to this database system will be owned by user "postgres".&#xD;
info: NovaCart.AppHost.Resources.postgres[0]&#xD;
      6: 2026-09-20T09:36:59.5813134Z This user must also own the server process.&#xD;
info: NovaCart.AppHost.Resources.postgres[0]&#xD;
      7: 2026-09-20T09:36:59.5813156Z &#xD;
info: NovaCart.AppHost.Resources.postgres[0]&#xD;
      8: 2026-09-20T09:36:59.5813167Z The database cluster will be initialized with locale "en_US.utf8".&#xD;
info: NovaCart.AppHost.Resources.postgres[0]&#xD;
      9: 2026-09-20T09:36:59.5813178Z The default database encoding has accordingly been set to "UTF8".&#xD;
info: NovaCart.AppHost.Resources.postgres[0]&#xD;
      10: 2026-09-20T09:36:59.5813190Z The default text search configuration will be set to "english".&#xD;
info: NovaCart.AppHost.Resources.postgres[0]&#xD;
      11: 2026-09-20T09:36:59.5813202Z &#xD;
info: NovaCart.AppHost.Resources.postgres[0]&#xD;
      12: 2026-09-20T09:36:59.5813211Z Data page checksums are disabled.&#xD;
info: NovaCart.AppHost.Resources.postgres[0]&#xD;
      13: 2026-09-20T09:36:59.5813671Z &#xD;
info: NovaCart.AppHost.Resources.postgres[0]&#xD;
      14: 2026-09-20T09:36:59.5813796Z fixing permissions on existing directory /var/lib/postgresql/data ... ok&#xD;
info: NovaCart.AppHost.Resources.postgres[0]&#xD;
      15: 2026-09-20T09:36:59.5835641Z creating subdirectories ... ok&#xD;
info: NovaCart.AppHost.Resources.postgres[0]&#xD;
      16: 2026-09-20T09:36:59.5835705Z selecting dynamic shared memory implementation ... posix&#xD;
info: NovaCart.AppHost.Resources.postgres[0]&#xD;
      17: 2026-09-20T09:36:59.5958320Z selecting default "max_connections" ... 100&#xD;
info: NovaCart.AppHost.Resources.postgres[0]&#xD;
      18: 2026-09-20T09:36:59.6138937Z selecting default "shared_buffers" ... 128MB&#xD;
info: NovaCart.AppHost.Resources.postgres[0]&#xD;
      19: 2026-09-20T09:36:59.6222019Z selecting default time zone ... Etc/UTC&#xD;
info: NovaCart.AppHost.Resources.postgres[0]&#xD;
      20: 2026-09-20T09:36:59.6225752Z creating configuration files ... ok&#xD;
info: NovaCart.AppHost.Resources.postgres[0]&#xD;
      21: 2026-09-20T09:36:59.7107241Z running bootstrap script ... ok&#xD;
info: NovaCart.AppHost.Resources.postgres[0]&#xD;
      22: 2026-09-20T09:36:59.9649485Z performing post-bootstrap initialization ... ok&#xD;
info: NovaCart.AppHost.Resources.postgres[0]&#xD;
      23: 2026-09-20T09:37:00.5114519Z syncing data to disk ... ok&#xD;
info: NovaCart.AppHost.Resources.postgres[0]&#xD;
      24: 2026-09-20T09:37:00.5114764Z &#xD;
info: NovaCart.AppHost.Resources.postgres[0]&#xD;
      25: 2026-09-20T09:37:00.5114780Z Success. You can now start the database server using:&#xD;
info: NovaCart.AppHost.Resources.postgres[0]&#xD;
      26: 2026-09-20T09:37:00.5114791Z &#xD;
info: NovaCart.AppHost.Resources.postgres[0]&#xD;
      27: 2026-09-20T09:37:00.5114801Z     pg_ctl -D /var/lib/postgresql/data -l logfile start&#xD;
info: NovaCart.AppHost.Resources.postgres[0]&#xD;
      28: 2026-09-20T09:37:00.5114811Z &#xD;
info: NovaCart.AppHost.Resources.postgres[0]&#xD;
      29: 2026-09-20T09:37:00.5554659Z waiting for server to start....2026-09-20 09:37:00.555 UTC [48] LOG:  starting PostgreSQL 17.4 (Debian 17.4-1.pgdg120+2) on x86_64-pc-linux-gnu, compiled by gcc (Debian 12.2.0-14) 12.2.0, 64-bit&#xD;
info: NovaCart.AppHost.Resources.postgres[0]&#xD;
      30: 2026-09-20T09:37:00.5599377Z 2026-09-20 09:37:00.559 UTC [48] LOG:  listening on Unix socket "/var/run/postgresql/.s.PGSQL.5432"&#xD;
info: NovaCart.AppHost.Resources.postgres[0]&#xD;
      31: 2026-09-20T09:37:00.5697787Z 2026-09-20 09:37:00.569 UTC [51] LOG:  database system was shut down at 2026-09-20 09:36:59 UTC&#xD;
info: NovaCart.AppHost.Resources.postgres[0]&#xD;
      32: 2026-09-20T09:37:00.5765672Z 2026-09-20 09:37:00.576 UTC [48] LOG:  database system is ready to accept connections&#xD;
info: NovaCart.AppHost.Resources.postgres[0]&#xD;
      33: 2026-09-20T09:37:00.6305852Z  done&#xD;
info: NovaCart.AppHost.Resources.postgres[0]&#xD;
      34: 2026-09-20T09:37:00.6306169Z server started&#xD;
info: NovaCart.AppHost.Resources.postgres[0]&#xD;
      35: 2026-09-20T09:37:00.6746475Z &#xD;
info: NovaCart.AppHost.Resources.postgres[0]&#xD;
      36: 2026-09-20T09:37:00.6746746Z /usr/local/bin/docker-entrypoint.sh: ignoring /docker-entrypoint-initdb.d/*&#xD;
info: NovaCart.AppHost.Resources.postgres[0]&#xD;
      37: 2026-09-20T09:37:00.6746779Z &#xD;
info: NovaCart.AppHost.Resources.postgres[0]&#xD;
      38: 2026-09-20T09:37:00.6758058Z waiting for server to shut down...2026-09-20 09:37:00.675 UTC [48] LOG:  received fast shutdown request&#xD;
info: NovaCart.AppHost.Resources.postgres[0]&#xD;
      39: 2026-09-20T09:37:00.6801567Z .2026-09-20 09:37:00.679 UTC [48] LOG:  aborting any active transactions&#xD;
info: NovaCart.AppHost.Resources.postgres[0]&#xD;
      40: 2026-09-20T09:37:00.6819037Z 2026-09-20 09:37:00.681 UTC [48] LOG:  background worker "logical replication launcher" (PID 54) exited with exit code 1&#xD;
info: NovaCart.AppHost.Resources.postgres[0]&#xD;
      41: 2026-09-20T09:37:00.6824846Z 2026-09-20 09:37:00.682 UTC [49] LOG:  shutting down&#xD;
info: NovaCart.AppHost.Resources.postgres[0]&#xD;
      42: 2026-09-20T09:37:00.6873447Z 2026-09-20 09:37:00.687 UTC [49] LOG:  checkpoint starting: shutdown immediate&#xD;
info: NovaCart.AppHost.Resources.postgres[0]&#xD;
      43: 2026-09-20T09:37:00.7186232Z 2026-09-20 09:37:00.718 UTC [49] LOG:  checkpoint complete: wrote 3 buffers (0.0%); 0 WAL file(s) added, 0 removed, 0 recycled; write=0.009 s, sync=0.004 s, total=0.036 s; sync files=2, longest=0.002 s, average=0.002 s; distance=0 kB, estimate=0 kB; lsn=0/14E4FA0, redo lsn=0/14E4FA0&#xD;
info: NovaCart.AppHost.Resources.postgres[0]&#xD;
      44: 2026-09-20T09:37:00.7244899Z 2026-09-20 09:37:00.724 UTC [48] LOG:  database system is shut down&#xD;
info: NovaCart.AppHost.Resources.postgres[0]&#xD;
      45: 2026-09-20T09:37:00.7760348Z  done&#xD;
info: NovaCart.AppHost.Resources.postgres[0]&#xD;
      46: 2026-09-20T09:37:00.7760627Z server stopped&#xD;
info: NovaCart.AppHost.Resources.postgres[0]&#xD;
      47: 2026-09-20T09:37:00.7776953Z &#xD;
info: NovaCart.AppHost.Resources.postgres[0]&#xD;
      48: 2026-09-20T09:37:00.7777161Z PostgreSQL init process complete; ready for start up.&#xD;
info: NovaCart.AppHost.Resources.postgres[0]&#xD;
      49: 2026-09-20T09:37:00.7777189Z &#xD;
fail: NovaCart.AppHost.Resources.postgres[0]&#xD;
      50: 2026-09-20T09:37:00.8209805Z 2026-09-20 09:37:00.816 UTC [1] LOG:  starting PostgreSQL 17.4 (Debian 17.4-1.pgdg120+2) on x86_64-pc-linux-gnu, compiled by gcc (Debian 12.2.0-14) 12.2.0, 64-bit&#xD;
fail: NovaCart.AppHost.Resources.postgres[0]&#xD;
      51: 2026-09-20T09:37:00.8210105Z 2026-09-20 09:37:00.817 UTC [1] LOG:  listening on IPv4 address "0.0.0.0", port 5432&#xD;
fail: NovaCart.AppHost.Resources.postgres[0]&#xD;
      52: 2026-09-20T09:37:00.8210127Z 2026-09-20 09:37:00.817 UTC [1] LOG:  listening on IPv6 address "::", port 5432&#xD;
fail: NovaCart.AppHost.Resources.postgres[0]&#xD;
      53: 2026-09-20T09:37:00.8398268Z 2026-09-20 09:37:00.839 UTC [1] LOG:  listening on Unix socket "/var/run/postgresql/.s.PGSQL.5432"&#xD;
fail: NovaCart.AppHost.Resources.postgres[0]&#xD;
      54: 2026-09-20T09:37:00.8509925Z 2026-09-20 09:37:00.850 UTC [62] LOG:  database system was shut down at 2026-09-20 09:37:00 UTC&#xD;
fail: NovaCart.AppHost.Resources.postgres[0]&#xD;
      55: 2026-09-20T09:37:00.8571202Z 2026-09-20 09:37:00.856 UTC [70] FATAL:  the database system is starting up&#xD;
fail: NovaCart.AppHost.Resources.postgres[0]&#xD;
      56: 2026-09-20T09:37:00.8571567Z 2026-09-20 09:37:00.856 UTC [64] FATAL:  the database system is starting up&#xD;
fail: NovaCart.AppHost.Resources.postgres[0]&#xD;
      57: 2026-09-20T09:37:00.8571601Z 2026-09-20 09:37:00.856 UTC [66] FATAL:  the database system is starting up&#xD;
fail: NovaCart.AppHost.Resources.postgres[0]&#xD;
      58: 2026-09-20T09:37:00.8571618Z 2026-09-20 09:37:00.856 UTC [65] FATAL:  the database system is starting up&#xD;
fail: NovaCart.AppHost.Resources.postgres[0]&#xD;
      59: 2026-09-20T09:37:00.8571634Z 2026-09-20 09:37:00.856 UTC [63] FATAL:  the database system is starting up&#xD;
fail: NovaCart.AppHost.Resources.postgres[0]&#xD;
      60: 2026-09-20T09:37:00.8571649Z 2026-09-20 09:37:00.856 UTC [68] FATAL:  the database system is starting up&#xD;
fail: NovaCart.AppHost.Resources.postgres[0]&#xD;
      61: 2026-09-20T09:37:00.8571666Z 2026-09-20 09:37:00.856 UTC [69] FATAL:  the database system is starting up&#xD;
fail: NovaCart.AppHost.Resources.postgres[0]&#xD;
      62: 2026-09-20T09:37:00.8572820Z 2026-09-20 09:37:00.857 UTC [67] FATAL:  the database system is starting up&#xD;
fail: NovaCart.AppHost.Resources.postgres[0]&#xD;
      63: 2026-09-20T09:37:00.8606319Z 2026-09-20 09:37:00.858 UTC [71] FATAL:  the database system is starting up&#xD;
fail: NovaCart.AppHost.Resources.postgres[0]&#xD;
      64: 2026-09-20T09:37:00.8609940Z 2026-09-20 09:37:00.859 UTC [1] LOG:  database system is ready to accept connections&#xD;
fail: Microsoft.Extensions.Diagnostics.HealthChecks.DefaultHealthCheckService[103]&#xD;
      Health check rabbitmq_check with status Unhealthy completed after 7.8147ms with message '(null)'&#xD;
      RabbitMQ.Client.Exceptions.BrokerUnreachableException: None of the specified endpoints were reachable&#xD;
       ---&gt; System.IO.IOException: connection.start was never received, likely due to a network timeout&#xD;
       ---&gt; System.IO.EndOfStreamException: Pipe is completed.&#xD;
         at RabbitMQ.Client.Impl.InboundFrame.ReadFromPipeAsync(PipeReader reader, UInt32 maxInboundMessageBodySize, InboundFrame frame, CancellationToken mainLoopCancellationToken)&#xD;
         at RabbitMQ.Client.Framing.Connection.ReceiveLoopAsync(CancellationToken mainLoopCancellationToken)&#xD;
         at RabbitMQ.Client.Framing.Connection.MainLoop()&#xD;
         --- End of inner exception stack trace ---&#xD;
         at RabbitMQ.Client.Framing.Connection.StartAndTuneAsync(CancellationToken cancellationToken)&#xD;
         at RabbitMQ.Client.Framing.Connection.OpenAsync(CancellationToken cancellationToken)&#xD;
         at RabbitMQ.Client.Framing.Connection.OpenAsync(CancellationToken cancellationToken)&#xD;
         at RabbitMQ.Client.Framing.AutorecoveringConnection.CreateAsync(ConnectionConfig config, IEndpointResolver endpoints, CancellationToken cancellationToken)&#xD;
         at RabbitMQ.Client.Framing.AutorecoveringConnection.CreateAsync(ConnectionConfig config, IEndpointResolver endpoints, CancellationToken cancellationToken)&#xD;
         at RabbitMQ.Client.ConnectionFactory.CreateConnectionAsync(IEndpointResolver endpointResolver, String clientProvidedName, CancellationToken cancellationToken)&#xD;
         --- End of inner exception stack trace ---&#xD;
         at RabbitMQ.Client.ConnectionFactory.CreateConnectionAsync(IEndpointResolver endpointResolver, String clientProvidedName, CancellationToken cancellationToken)&#xD;
         at Aspire.Hosting.RabbitMQBuilderExtensions.&lt;&gt;c__DisplayClass0_0.&lt;&lt;AddRabbitMQ&gt;b__1&gt;d.MoveNext() in /_/src/Aspire.Hosting.RabbitMQ/RabbitMQBuilderExtensions.cs:line 64&#xD;
      --- End of stack trace from previous location ---&#xD;
         at HealthChecks.RabbitMQ.RabbitMQHealthCheck.CheckHealthAsync(HealthCheckContext context, CancellationToken cancellationToken) in /home/runner/work/AspNetCore.Diagnostics.HealthChecks/AspNetCore.Diagnostics.HealthChecks/src/HealthChecks.Rabbitmq/RabbitMQHealthCheck.cs:line 31&#xD;
fail: Microsoft.Extensions.Diagnostics.HealthChecks.DefaultHealthCheckService[103]&#xD;
      Health check orderingdb_check with status Unhealthy completed after 22.8839ms with message '3D000: database "orderingdb" does not exist'&#xD;
      Npgsql.PostgresException (0x80004005): 3D000: database "orderingdb" does not exist&#xD;
         at Npgsql.Internal.NpgsqlConnector.ReadMessageLong(Boolean async, DataRowLoadingMode dataRowLoadingMode, Boolean readingNotifications, Boolean isReadingPrependedMessage)&#xD;
         at System.Runtime.CompilerServices.PoolingAsyncValueTaskMethodBuilder`1.StateMachineBox`1.System.Threading.Tasks.Sources.IValueTaskSource&lt;TResult&gt;.GetResult(Int16 token)&#xD;
         at Npgsql.Internal.NpgsqlConnector.&lt;Open&gt;g__OpenCore|213_1(NpgsqlConnector conn, SslMode sslMode, NpgsqlTimeout timeout, Boolean async, CancellationToken cancellationToken, Boolean isFirstAttempt)&#xD;
         at Npgsql.Internal.NpgsqlConnector.Open(NpgsqlTimeout timeout, Boolean async, CancellationToken cancellationToken)&#xD;
         at Npgsql.PoolingDataSource.OpenNewConnector(NpgsqlConnection conn, NpgsqlTimeout timeout, Boolean async, CancellationToken cancellationToken)&#xD;
         at Npgsql.PoolingDataSource.&lt;Get&gt;g__RentAsync|34_0(NpgsqlConnection conn, NpgsqlTimeout timeout, Boolean async, CancellationToken cancellationToken)&#xD;
         at Npgsql.NpgsqlConnection.&lt;Open&gt;g__OpenAsync|42_0(Boolean async, CancellationToken cancellationToken)&#xD;
         at HealthChecks.NpgSql.NpgSqlHealthCheck.CheckHealthAsync(HealthCheckContext context, CancellationToken cancellationToken) in /home/runner/work/AspNetCore.Diagnostics.HealthChecks/AspNetCore.Diagnostics.HealthChecks/src/HealthChecks.NpgSql/NpgSqlHealthCheck.cs:line 31&#xD;
         at HealthChecks.NpgSql.NpgSqlHealthCheck.CheckHealthAsync(HealthCheckContext context, CancellationToken cancellationToken) in /home/runner/work/AspNetCore.Diagnostics.HealthChecks/AspNetCore.Diagnostics.HealthChecks/src/HealthChecks.NpgSql/NpgSqlHealthCheck.cs:line 37&#xD;
        Exception data:&#xD;
          Severity: FATAL&#xD;
          SqlState: 3D000&#xD;
          MessageText: database "orderingdb" does not exist&#xD;
          File: postinit.c&#xD;
          Line: 1032&#xD;
          Routine: InitPostgres&#xD;
fail: Microsoft.Extensions.Diagnostics.HealthChecks.DefaultHealthCheckService[103]&#xD;
      Health check paymentdb_check with status Unhealthy completed after 22.7575ms with message '3D000: database "paymentdb" does not exist'&#xD;
      Npgsql.PostgresException (0x80004005): 3D000: database "paymentdb" does not exist&#xD;
         at Npgsql.Internal.NpgsqlConnector.ReadMessageLong(Boolean async, DataRowLoadingMode dataRowLoadingMode, Boolean readingNotifications, Boolean isReadingPrependedMessage)&#xD;
         at System.Runtime.CompilerServices.PoolingAsyncValueTaskMethodBuilder`1.StateMachineBox`1.System.Threading.Tasks.Sources.IValueTaskSource&lt;TResult&gt;.GetResult(Int16 token)&#xD;
         at Npgsql.Internal.NpgsqlConnector.&lt;Open&gt;g__OpenCore|213_1(NpgsqlConnector conn, SslMode sslMode, NpgsqlTimeout timeout, Boolean async, CancellationToken cancellationToken, Boolean isFirstAttempt)&#xD;
         at Npgsql.Internal.NpgsqlConnector.Open(NpgsqlTimeout timeout, Boolean async, CancellationToken cancellationToken)&#xD;
         at Npgsql.PoolingDataSource.OpenNewConnector(NpgsqlConnection conn, NpgsqlTimeout timeout, Boolean async, CancellationToken cancellationToken)&#xD;
         at Npgsql.PoolingDataSource.&lt;Get&gt;g__RentAsync|34_0(NpgsqlConnection conn, NpgsqlTimeout timeout, Boolean async, CancellationToken cancellationToken)&#xD;
         at Npgsql.NpgsqlConnection.&lt;Open&gt;g__OpenAsync|42_0(Boolean async, CancellationToken cancellationToken)&#xD;
         at HealthChecks.NpgSql.NpgSqlHealthCheck.CheckHealthAsync(HealthCheckContext context, CancellationToken cancellationToken) in /home/runner/work/AspNetCore.Diagnostics.HealthChecks/AspNetCore.Diagnostics.HealthChecks/src/HealthChecks.NpgSql/NpgSqlHealthCheck.cs:line 31&#xD;
         at HealthChecks.NpgSql.NpgSqlHealthCheck.CheckHealthAsync(HealthCheckContext context, CancellationToken cancellationToken) in /home/runner/work/AspNetCore.Diagnostics.HealthChecks/AspNetCore.Diagnostics.HealthChecks/src/HealthChecks.NpgSql/NpgSqlHealthCheck.cs:line 37&#xD;
        Exception data:&#xD;
          Severity: FATAL&#xD;
          SqlState: 3D000&#xD;
          MessageText: database "paymentdb" does not exist&#xD;
          File: postinit.c&#xD;
          Line: 1032&#xD;
          Routine: InitPostgres&#xD;
fail: Microsoft.Extensions.Diagnostics.HealthChecks.DefaultHealthCheckService[103]&#xD;
      Health check catalogdb_check with status Unhealthy completed after 22.931ms with message '3D000: database "catalogdb" does not exist'&#xD;
      Npgsql.PostgresException (0x80004005): 3D000: database "catalogdb" does not exist&#xD;
         at Npgsql.Internal.NpgsqlConnector.ReadMessageLong(Boolean async, DataRowLoadingMode dataRowLoadingMode, Boolean readingNotifications, Boolean isReadingPrependedMessage)&#xD;
         at System.Runtime.CompilerServices.PoolingAsyncValueTaskMethodBuilder`1.StateMachineBox`1.System.Threading.Tasks.Sources.IValueTaskSource&lt;TResult&gt;.GetResult(Int16 token)&#xD;
         at Npgsql.Internal.NpgsqlConnector.&lt;Open&gt;g__OpenCore|213_1(NpgsqlConnector conn, SslMode sslMode, NpgsqlTimeout timeout, Boolean async, CancellationToken cancellationToken, Boolean isFirstAttempt)&#xD;
         at Npgsql.Internal.NpgsqlConnector.Open(NpgsqlTimeout timeout, Boolean async, CancellationToken cancellationToken)&#xD;
         at Npgsql.PoolingDataSource.OpenNewConnector(NpgsqlConnection conn, NpgsqlTimeout timeout, Boolean async, CancellationToken cancellationToken)&#xD;
         at Npgsql.PoolingDataSource.&lt;Get&gt;g__RentAsync|34_0(NpgsqlConnection conn, NpgsqlTimeout timeout, Boolean async, CancellationToken cancellationToken)&#xD;
         at Npgsql.NpgsqlConnection.&lt;Open&gt;g__OpenAsync|42_0(Boolean async, CancellationToken cancellationToken)&#xD;
         at HealthChecks.NpgSql.NpgSqlHealthCheck.CheckHealthAsync(HealthCheckContext context, CancellationToken cancellationToken) in /home/runner/work/AspNetCore.Diagnostics.HealthChecks/AspNetCore.Diagnostics.HealthChecks/src/HealthChecks.NpgSql/NpgSqlHealthCheck.cs:line 31&#xD;
         at HealthChecks.NpgSql.NpgSqlHealthCheck.CheckHealthAsync(HealthCheckContext context, CancellationToken cancellationToken) in /home/runner/work/AspNetCore.Diagnostics.HealthChecks/AspNetCore.Diagnostics.HealthChecks/src/HealthChecks.NpgSql/NpgSqlHealthCheck.cs:line 37&#xD;
        Exception data:&#xD;
          Severity: FATAL&#xD;
          SqlState: 3D000&#xD;
          MessageText: database "catalogdb" does not exist&#xD;
          File: postinit.c&#xD;
          Line: 1032&#xD;
          Routine: InitPostgres&#xD;
fail: Microsoft.Extensions.Diagnostics.HealthChecks.DefaultHealthCheckService[103]&#xD;
      Health check identitydb_check with status Unhealthy completed after 22.7522ms with message '3D000: database "identitydb" does not exist'&#xD;
      Npgsql.PostgresException (0x80004005): 3D000: database "identitydb" does not exist&#xD;
         at Npgsql.Internal.NpgsqlConnector.ReadMessageLong(Boolean async, DataRowLoadingMode dataRowLoadingMode, Boolean readingNotifications, Boolean isReadingPrependedMessage)&#xD;
         at System.Runtime.CompilerServices.PoolingAsyncValueTaskMethodBuilder`1.StateMachineBox`1.System.Threading.Tasks.Sources.IValueTaskSource&lt;TResult&gt;.GetResult(Int16 token)&#xD;
         at Npgsql.Internal.NpgsqlConnector.&lt;Open&gt;g__OpenCore|213_1(NpgsqlConnector conn, SslMode sslMode, NpgsqlTimeout timeout, Boolean async, CancellationToken cancellationToken, Boolean isFirstAttempt)&#xD;
         at Npgsql.Internal.NpgsqlConnector.Open(NpgsqlTimeout timeout, Boolean async, CancellationToken cancellationToken)&#xD;
         at Npgsql.PoolingDataSource.OpenNewConnector(NpgsqlConnection conn, NpgsqlTimeout timeout, Boolean async, CancellationToken cancellationToken)&#xD;
         at Npgsql.PoolingDataSource.&lt;Get&gt;g__RentAsync|34_0(NpgsqlConnection conn, NpgsqlTimeout timeout, Boolean async, CancellationToken cancellationToken)&#xD;
         at Npgsql.NpgsqlConnection.&lt;Open&gt;g__OpenAsync|42_0(Boolean async, CancellationToken cancellationToken)&#xD;
         at HealthChecks.NpgSql.NpgSqlHealthCheck.CheckHealthAsync(HealthCheckContext context, CancellationToken cancellationToken) in /home/runner/work/AspNetCore.Diagnostics.HealthChecks/AspNetCore.Diagnostics.HealthChecks/src/HealthChecks.NpgSql/NpgSqlHealthCheck.cs:line 31&#xD;
         at HealthChecks.NpgSql.NpgSqlHealthCheck.CheckHealthAsync(HealthCheckContext context, CancellationToken cancellationToken) in /home/runner/work/AspNetCore.Diagnostics.HealthChecks/AspNetCore.Diagnostics.HealthChecks/src/HealthChecks.NpgSql/NpgSqlHealthCheck.cs:line 37&#xD;
        Exception data:&#xD;
          Severity: FATAL&#xD;
          SqlState: 3D000&#xD;
          MessageText: database "identitydb" does not exist&#xD;
          File: postinit.c&#xD;
          Line: 1032&#xD;
          Routine: InitPostgres&#xD;
fail: NovaCart.AppHost.Resources.postgres[0]&#xD;
      65: 2026-09-20T09:37:01.9160489Z 2026-09-20 09:37:01.915 UTC [83] FATAL:  database "identitydb" does not exist&#xD;
fail: NovaCart.AppHost.Resources.postgres[0]&#xD;
      66: 2026-09-20T09:37:01.9160992Z 2026-09-20 09:37:01.915 UTC [78] FATAL:  database "orderingdb" does not exist&#xD;
fail: NovaCart.AppHost.Resources.postgres[0]&#xD;
      67: 2026-09-20T09:37:01.9161029Z 2026-09-20 09:37:01.915 UTC [79] FATAL:  database "paymentdb" does not exist&#xD;
fail: NovaCart.AppHost.Resources.postgres[0]&#xD;
      68: 2026-09-20T09:37:01.9163200Z 2026-09-20 09:37:01.916 UTC [76] FATAL:  database "catalogdb" does not exist&#xD;
info: NovaCart.AppHost.Resources.catalog-api[0]&#xD;
      7: 2026-09-20T09:37:02.0017577Z Waiting for resource ready to execute for 'postgres'.&#xD;
info: NovaCart.AppHost.Resources.payment-api[0]&#xD;
      7: 2026-09-20T09:37:02.0017507Z Waiting for resource ready to execute for 'postgres'.&#xD;
info: NovaCart.AppHost.Resources.identity-api[0]&#xD;
      7: 2026-09-20T09:37:02.0017471Z Waiting for resource ready to execute for 'postgres'.&#xD;
info: NovaCart.AppHost.Resources.ordering-api[0]&#xD;
      8: 2026-09-20T09:37:02.0017495Z Waiting for resource ready to execute for 'postgres'.&#xD;
info: NovaCart.AppHost.Resources.postgres[0]&#xD;
      69: 2026-09-20T09:37:02.0046153Z Creating database 'catalogdb'&#xD;
info: NovaCart.AppHost.Resources.postgres[0]&#xD;
      70: 2026-09-20T09:37:02.0432940Z Database 'catalogdb' created successfully&#xD;
info: NovaCart.AppHost.Resources.postgres[0]&#xD;
      71: 2026-09-20T09:37:02.0435394Z Creating database 'orderingdb'&#xD;
info: NovaCart.AppHost.Resources.postgres[0]&#xD;
      72: 2026-09-20T09:37:02.0772024Z Database 'orderingdb' created successfully&#xD;
info: NovaCart.AppHost.Resources.postgres[0]&#xD;
      73: 2026-09-20T09:37:02.0772570Z Creating database 'identitydb'&#xD;
info: NovaCart.AppHost.Resources.postgres[0]&#xD;
      74: 2026-09-20T09:37:02.1417188Z Database 'identitydb' created successfully&#xD;
info: NovaCart.AppHost.Resources.postgres[0]&#xD;
      75: 2026-09-20T09:37:02.1417729Z Creating database 'paymentdb'&#xD;
info: NovaCart.AppHost.Resources.rabbitmq[0]&#xD;
      5: 2026-09-20T09:37:02.1227007Z 2026-09-20 09:37:02.117237+00:00 [notice] &lt;0.45.0&gt; Application syslog exited with reason: stopped&#xD;
info: NovaCart.AppHost.Resources.rabbitmq[0]&#xD;
      6: 2026-09-20T09:37:02.1227548Z 2026-09-20 09:37:02.122394+00:00 [notice] &lt;0.209.0&gt; Logging: switching to configured handler(s); following messages may not be visible in this log output&#xD;
info: NovaCart.AppHost.Resources.rabbitmq[0]&#xD;
      7: 2026-09-20T09:37:02.1235570Z \u001b[38;5;87m2026-09-20 09:37:02.123335+00:00 [notice] &lt;0.209.0&gt; Logging: configured log handlers are now ACTIVE&#xD;
info: NovaCart.AppHost.Resources.rabbitmq[0]&#xD;
      8: 2026-09-20T09:37:02.1319805Z 2026-09-20 09:37:02.131699+00:00 [info] &lt;0.209.0&gt; ra: starting system coordination&#xD;
info: NovaCart.AppHost.Resources.rabbitmq[0]&#xD;
      9: 2026-09-20T09:37:02.1320124Z 2026-09-20 09:37:02.131808+00:00 [info] &lt;0.209.0&gt; starting Ra system: coordination in directory: /var/lib/rabbitmq/mnesia/rabbit@6ca688bdd50a/coordination/rabbit@6ca688bdd50a&#xD;
info: NovaCart.AppHost.Resources.rabbitmq[0]&#xD;
      10: 2026-09-20T09:37:02.1399920Z 2026-09-20 09:37:02.139499+00:00 [info] &lt;0.216.0&gt; ra_coordination_log_ets: in system coordination initialising. Mem table opts: [set,{write_concurrency,auto},public,{compressed,false}]&#xD;
info: NovaCart.AppHost.Resources.postgres[0]&#xD;
      76: 2026-09-20T09:37:02.1762807Z Database 'paymentdb' created successfully&#xD;
info: NovaCart.AppHost.Resources.identity-api[0]&#xD;
      8: 2026-09-20T09:37:02.1782662Z Finished waiting for resource 'postgres'.&#xD;
info: NovaCart.AppHost.Resources.ordering-api[0]&#xD;
      9: 2026-09-20T09:37:02.1782661Z Finished waiting for resource 'postgres'.&#xD;
info: NovaCart.AppHost.Resources.catalog-api[0]&#xD;
      8: 2026-09-20T09:37:02.1782662Z Finished waiting for resource 'postgres'.&#xD;
info: NovaCart.AppHost.Resources.payment-api[0]&#xD;
      8: 2026-09-20T09:37:02.1782661Z Finished waiting for resource 'postgres'.&#xD;
info: NovaCart.AppHost.Resources.rabbitmq[0]&#xD;
      11: 2026-09-20T09:37:02.1896990Z 2026-09-20 09:37:02.189431+00:00 [info] &lt;0.222.0&gt; ra system 'coordination' running pre init for 0 registered servers&#xD;
info: NovaCart.AppHost.Resources.rabbitmq[0]&#xD;
      12: 2026-09-20T09:37:02.1979531Z 2026-09-20 09:37:02.197678+00:00 [info] &lt;0.223.0&gt; ra: meta data store initialised for system coordination. 0 record(s) recovered&#xD;
info: NovaCart.AppHost.Resources.rabbitmq[0]&#xD;
      13: 2026-09-20T09:37:02.2025323Z 2026-09-20 09:37:02.202254+00:00 [info] &lt;0.226.0&gt; segment_writer: upgrading segment file names to new format in dirctory /var/lib/rabbitmq/mnesia/rabbit@6ca688bdd50a/coordination/rabbit@6ca688bdd50a&#xD;
info: NovaCart.AppHost.Resources.rabbitmq[0]&#xD;
      14: 2026-09-20T09:37:02.2169603Z \u001b[38;5;87m2026-09-20 09:37:02.216629+00:00 [notice] &lt;0.228.0&gt; WAL: ra_coordination_log_wal init, mem-tables table name: ra_coordination_log_open_mem_tables&#xD;
info: NovaCart.AppHost.Resources.rabbitmq[0]&#xD;
      15: 2026-09-20T09:37:02.2275168Z 2026-09-20 09:37:02.227292+00:00 [info] &lt;0.209.0&gt; ra: starting system quorum_queues&#xD;
info: NovaCart.AppHost.Resources.rabbitmq[0]&#xD;
      16: 2026-09-20T09:37:02.2275448Z 2026-09-20 09:37:02.227339+00:00 [info] &lt;0.209.0&gt; starting Ra system: quorum_queues in directory: /var/lib/rabbitmq/mnesia/rabbit@6ca688bdd50a/quorum/rabbit@6ca688bdd50a&#xD;
info: NovaCart.AppHost.Resources.rabbitmq[0]&#xD;
      17: 2026-09-20T09:37:02.2282386Z 2026-09-20 09:37:02.227944+00:00 [info] &lt;0.232.0&gt; ra_log_ets: in system quorum_queues initialising. Mem table opts: [set,{write_concurrency,auto},public,{compressed,true}]&#xD;
info: NovaCart.AppHost.Resources.rabbitmq[0]&#xD;
      18: 2026-09-20T09:37:02.2291005Z 2026-09-20 09:37:02.228841+00:00 [info] &lt;0.236.0&gt; ra system 'quorum_queues' running pre init for 0 registered servers&#xD;
info: NovaCart.AppHost.Resources.rabbitmq[0]&#xD;
      19: 2026-09-20T09:37:02.2299048Z 2026-09-20 09:37:02.229697+00:00 [info] &lt;0.237.0&gt; ra: meta data store initialised for system quorum_queues. 0 record(s) recovered&#xD;
info: NovaCart.AppHost.Resources.rabbitmq[0]&#xD;
      20: 2026-09-20T09:37:02.2302260Z 2026-09-20 09:37:02.229996+00:00 [info] &lt;0.240.0&gt; segment_writer: upgrading segment file names to new format in dirctory /var/lib/rabbitmq/mnesia/rabbit@6ca688bdd50a/quorum/rabbit@6ca688bdd50a&#xD;
info: NovaCart.AppHost.Resources.rabbitmq[0]&#xD;
      21: 2026-09-20T09:37:02.2341238Z \u001b[38;5;87m2026-09-20 09:37:02.233828+00:00 [notice] &lt;0.242.0&gt; WAL: ra_log_wal init, mem-tables table name: ra_log_open_mem_tables&#xD;
info: NovaCart.AppHost.Resources.rabbitmq[0]&#xD;
      22: 2026-09-20T09:37:02.2378542Z 2026-09-20 09:37:02.237626+00:00 [info] &lt;0.244.0&gt; ra_system_recover: ra system 'quorum_queues' server recovery strategy rabbit_quorum_queue:system_recover&#xD;
info: NovaCart.AppHost.Resources.rabbitmq[0]&#xD;
      23: 2026-09-20T09:37:02.2378844Z 2026-09-20 09:37:02.237717+00:00 [info] &lt;0.244.0&gt; [rabbit_quorum_queue:system_recover/1] rabbit not booted, skipping queue recovery&#xD;
info: NovaCart.AppHost.Resources.rabbitmq[0]&#xD;
      24: 2026-09-20T09:37:02.2379063Z 2026-09-20 09:37:02.237810+00:00 [info] &lt;0.209.0&gt; ra: starting system coordination&#xD;
info: NovaCart.AppHost.Resources.rabbitmq[0]&#xD;
      25: 2026-09-20T09:37:02.2379818Z 2026-09-20 09:37:02.237825+00:00 [info] &lt;0.209.0&gt; starting Ra system: coordination in directory: /var/lib/rabbitmq/mnesia/rabbit@6ca688bdd50a/coordination/rabbit@6ca688bdd50a&#xD;
info: NovaCart.AppHost.Resources.rabbitmq[0]&#xD;
      26: 2026-09-20T09:37:02.3354086Z \u001b[38;5;87m2026-09-20 09:37:02.335027+00:00 [notice] &lt;0.246.0&gt; RabbitMQ metadata store: candidate -&gt; leader in term: 1 machine version: 1, last applied 0&#xD;
info: NovaCart.AppHost.Resources.rabbitmq[0]&#xD;
      27: 2026-09-20T09:37:02.4711544Z 2026-09-20 09:37:02.470910+00:00 [info] &lt;0.209.0&gt; &#xD;
info: NovaCart.AppHost.Resources.rabbitmq[0]&#xD;
      28: 2026-09-20T09:37:02.4711943Z 2026-09-20 09:37:02.470910+00:00 [info] &lt;0.209.0&gt;  Starting RabbitMQ 4.1.8 on Erlang 27.3.4.13 [jit]&#xD;
info: NovaCart.AppHost.Resources.rabbitmq[0]&#xD;
      29: 2026-09-20T09:37:02.4711974Z 2026-09-20 09:37:02.470910+00:00 [info] &lt;0.209.0&gt;  Copyright (c) 2007-2026 Broadcom Inc and/or its subsidiaries&#xD;
info: NovaCart.AppHost.Resources.rabbitmq[0]&#xD;
      30: 2026-09-20T09:37:02.4711987Z 2026-09-20 09:37:02.470910+00:00 [info] &lt;0.209.0&gt;  Licensed under the MPL 2.0. Website: https://rabbitmq.com&#xD;
info: NovaCart.AppHost.Resources.rabbitmq[0]&#xD;
      31: 2026-09-20T09:37:02.4720630Z &#xD;
info: NovaCart.AppHost.Resources.rabbitmq[0]&#xD;
      32: 2026-09-20T09:37:02.4721127Z   ##  ##      RabbitMQ 4.1.8&#xD;
info: NovaCart.AppHost.Resources.rabbitmq[0]&#xD;
      33: 2026-09-20T09:37:02.4721195Z   ##  ##&#xD;
info: NovaCart.AppHost.Resources.rabbitmq[0]&#xD;
[...]
         at HealthChecks.RabbitMQ.RabbitMQHealthCheck.CheckHealthAsync(HealthCheckContext context, CancellationToken cancellationToken) in /home/runner/work/AspNetCore.Diagnostics.HealthChecks/AspNetCore.Diagnostics.HealthChecks/src/HealthChecks.Rabbitmq/RabbitMQHealthCheck.cs:line 33&#xD;
fail: Microsoft.Extensions.Diagnostics.HealthChecks.DefaultHealthCheckService[103]&#xD;
      Health check redis_check with status Unhealthy completed after 5977.0113ms with message '(null)'&#xD;
      StackExchange.Redis.RedisConnectionException: The message timed out in the backlog attempting to send because no connection became available (5000ms) - Last Connection Exception: It was not possible to connect to the redis server(s) localhost:60927/Interactive. Error connecting right now. To allow this multiplexer to continue retrying until it's able to connect, use abortConnect=false in your connection string or AbortOnConnectFail=false; in your code. ConnectTimeout, command=PING, timeout: 5000, inst: 0, qu: 0, qs: 0, aw: False, bw: CheckingForTimeout, rs: NotStarted, ws: Initializing, in: 0, last-in: 0, cur-in: 0, sync-ops: 0, async-ops: 3, serverEndpoint: localhost:60927, conn-sec: n/a, aoc: 1, mc: 1/1/0, mgr: 10 of 10 available, clientName: MSI-DT(SE.Redis-v2.13.1.38939), IOCP: (Busy=0,Free=1000,Min=1,Max=1000), WORKER: (Busy=2,Free=32765,Min=16,Max=32767), POOL: (Threads=11,QueuedItems=0,CompletedItems=4275,Timers=41), v: 2.13.1.38939 (Please take a look at this article for some common client-side issues that can cause timeouts: https://stackexchange.github.io/StackExchange.Redis/Timeouts)&#xD;
       ---&gt; StackExchange.Redis.RedisConnectionException: It was not possible to connect to the redis server(s) localhost:60927/Interactive. Error connecting right now. To allow this multiplexer to continue retrying until it's able to connect, use abortConnect=false in your connection string or AbortOnConnectFail=false; in your code. ConnectTimeout&#xD;
         --- End of inner exception stack trace ---&#xD;
         at HealthChecks.Redis.RedisHealthCheck.CheckHealthAsync(HealthCheckContext context, CancellationToken cancellationToken) in /home/runner/work/AspNetCore.Diagnostics.HealthChecks/AspNetCore.Diagnostics.HealthChecks/src/HealthChecks.Redis/RedisHealthCheck.cs:line 75&#xD;
fail: Microsoft.Extensions.Diagnostics.HealthChecks.DefaultHealthCheckService[103]&#xD;
      Health check rabbitmq_check with status Unhealthy completed after 0.2004ms with message '(null)'&#xD;
      RabbitMQ.Client.Exceptions.AlreadyClosedException: Already closed: The AMQP operation was interrupted: AMQP close-reason, initiated by Library, code=0, text='End of stream', classId=0, methodId=0, exception=System.IO.EndOfStreamException: Pipe is completed.&#xD;
         at RabbitMQ.Client.Impl.InboundFrame.ReadFromPipeAsync(PipeReader reader, UInt32 maxInboundMessageBodySize, InboundFrame frame, CancellationToken mainLoopCancellationToken)&#xD;
         at RabbitMQ.Client.Framing.Connection.ReceiveLoopAsync(CancellationToken mainLoopCancellationToken)&#xD;
         at RabbitMQ.Client.Framing.Connection.MainLoop()&#xD;
       ---&gt; System.IO.EndOfStreamException: Pipe is completed.&#xD;
         at RabbitMQ.Client.Impl.InboundFrame.ReadFromPipeAsync(PipeReader reader, UInt32 maxInboundMessageBodySize, InboundFrame frame, CancellationToken mainLoopCancellationToken)&#xD;
         at RabbitMQ.Client.Framing.Connection.ReceiveLoopAsync(CancellationToken mainLoopCancellationToken)&#xD;
         at RabbitMQ.Client.Framing.Connection.MainLoop()&#xD;
         --- End of inner exception stack trace ---&#xD;
         at RabbitMQ.Client.Framing.Connection.ThrowAlreadyClosedException(ShutdownEventArgs closeReason)&#xD;
         at RabbitMQ.Client.Framing.Connection.EnsureIsOpen()&#xD;
         at RabbitMQ.Client.Framing.AutorecoveringConnection.EnsureIsOpen()&#xD;
         at RabbitMQ.Client.Framing.AutorecoveringConnection.CreateChannelAsync(CreateChannelOptions createChannelOptions, CancellationToken cancellationToken)&#xD;
         at HealthChecks.RabbitMQ.RabbitMQHealthCheck.CheckHealthAsync(HealthCheckContext context, CancellationToken cancellationToken) in /home/runner/work/AspNetCore.Diagnostics.HealthChecks/AspNetCore.Diagnostics.HealthChecks/src/HealthChecks.Rabbitmq/RabbitMQHealthCheck.cs:line 33&#xD;
fail: Microsoft.Extensions.Diagnostics.HealthChecks.DefaultHealthCheckService[103]&#xD;
      Health check postgres_check with status Unhealthy completed after 2993.4456ms with message 'The operation was canceled.'&#xD;
      System.OperationCanceledException: The operation was canceled.&#xD;
         at System.Threading.CancellationToken.ThrowOperationCanceledException()&#xD;
         at System.Threading.CancellationToken.ThrowIfCancellationRequested()&#xD;
         at Npgsql.Internal.NpgsqlConnector.ConnectAsync(NpgsqlTimeout timeout, CancellationToken cancellationToken)&#xD;
         at Npgsql.Internal.NpgsqlConnector.RawOpen(SslMode sslMode, NpgsqlTimeout timeout, Boolean async, CancellationToken cancellationToken, Boolean isFirstAttempt)&#xD;
         at Npgsql.Internal.NpgsqlConnector.&lt;Open&gt;g__OpenCore|213_1(NpgsqlConnector conn, SslMode sslMode, NpgsqlTimeout timeout, Boolean async, CancellationToken cancellationToken, Boolean isFirstAttempt)&#xD;
         at Npgsql.Internal.NpgsqlConnector.Open(NpgsqlTimeout timeout, Boolean async, CancellationToken cancellationToken)&#xD;
         at Npgsql.PoolingDataSource.OpenNewConnector(NpgsqlConnection conn, NpgsqlTimeout timeout, Boolean async, CancellationToken cancellationToken)&#xD;
         at Npgsql.PoolingDataSource.&lt;Get&gt;g__RentAsync|34_0(NpgsqlConnection conn, NpgsqlTimeout timeout, Boolean async, CancellationToken cancellationToken)&#xD;
         at Npgsql.NpgsqlConnection.&lt;Open&gt;g__OpenAsync|42_0(Boolean async, CancellationToken cancellationToken)&#xD;
         at HealthChecks.NpgSql.NpgSqlHealthCheck.CheckHealthAsync(HealthCheckContext context, CancellationToken cancellationToken) in /home/runner/work/AspNetCore.Diagnostics.HealthChecks/AspNetCore.Diagnostics.HealthChecks/src/HealthChecks.NpgSql/NpgSqlHealthCheck.cs:line 31&#xD;
         at HealthChecks.NpgSql.NpgSqlHealthCheck.CheckHealthAsync(HealthCheckContext context, CancellationToken cancellationToken) in /home/runner/work/AspNetCore.Diagnostics.HealthChecks/AspNetCore.Diagnostics.HealthChecks/src/HealthChecks.NpgSql/NpgSqlHealthCheck.cs:line 37&#xD;
fail: Microsoft.Extensions.Diagnostics.HealthChecks.DefaultHealthCheckService[103]&#xD;
      Health check postgres_check with status Unhealthy completed after 2994.635ms with message 'The operation was canceled.'&#xD;
      System.OperationCanceledException: The operation was canceled.&#xD;
         at System.Threading.CancellationToken.ThrowOperationCanceledException()&#xD;
         at System.Threading.CancellationToken.ThrowIfCancellationRequested()&#xD;
         at Npgsql.Internal.NpgsqlConnector.ConnectAsync(NpgsqlTimeout timeout, CancellationToken cancellationToken)&#xD;
         at Npgsql.Internal.NpgsqlConnector.RawOpen(SslMode sslMode, NpgsqlTimeout timeout, Boolean async, CancellationToken cancellationToken, Boolean isFirstAttempt)&#xD;
         at Npgsql.Internal.NpgsqlConnector.&lt;Open&gt;g__OpenCore|213_1(NpgsqlConnector conn, SslMode sslMode, NpgsqlTimeout timeout, Boolean async, CancellationToken cancellationToken, Boolean isFirstAttempt)&#xD;
         at Npgsql.Internal.NpgsqlConnector.Open(NpgsqlTimeout timeout, Boolean async, CancellationToken cancellationToken)&#xD;
         at Npgsql.PoolingDataSource.OpenNewConnector(NpgsqlConnection conn, NpgsqlTimeout timeout, Boolean async, CancellationToken cancellationToken)&#xD;
         at Npgsql.PoolingDataSource.&lt;Get&gt;g__RentAsync|34_0(NpgsqlConnection conn, NpgsqlTimeout timeout, Boolean async, CancellationToken cancellationToken)&#xD;
         at Npgsql.NpgsqlConnection.&lt;Open&gt;g__OpenAsync|42_0(Boolean async, CancellationToken cancellationToken)&#xD;
         at HealthChecks.NpgSql.NpgSqlHealthCheck.CheckHealthAsync(HealthCheckContext context, CancellationToken cancellationToken) in /home/runner/work/AspNetCore.Diagnostics.HealthChecks/AspNetCore.Diagnostics.HealthChecks/src/HealthChecks.NpgSql/NpgSqlHealthCheck.cs:line 31&#xD;
         at HealthChecks.NpgSql.NpgSqlHealthCheck.CheckHealthAsync(HealthCheckContext context, CancellationToken cancellationToken) in /home/runner/work/AspNetCore.Diagnostics.HealthChecks/AspNetCore.Diagnostics.HealthChecks/src/HealthChecks.NpgSql/NpgSqlHealthCheck.cs:line 37&#xD;
fail: Microsoft.Extensions.Diagnostics.HealthChecks.DefaultHealthCheckService[103]&#xD;
      Health check postgres_check with status Unhealthy completed after 2996.463ms with message 'The operation was canceled.'&#xD;
      System.OperationCanceledException: The operation was canceled.&#xD;
         at System.Threading.CancellationToken.ThrowOperationCanceledException()&#xD;
         at System.Threading.CancellationToken.ThrowIfCancellationRequested()&#xD;
         at Npgsql.Internal.NpgsqlConnector.ConnectAsync(NpgsqlTimeout timeout, CancellationToken cancellationToken)&#xD;
         at Npgsql.Internal.NpgsqlConnector.RawOpen(SslMode sslMode, NpgsqlTimeout timeout, Boolean async, CancellationToken cancellationToken, Boolean isFirstAttempt)&#xD;
         at Npgsql.Internal.NpgsqlConnector.&lt;Open&gt;g__OpenCore|213_1(NpgsqlConnector conn, SslMode sslMode, NpgsqlTimeout timeout, Boolean async, CancellationToken cancellationToken, Boolean isFirstAttempt)&#xD;
         at Npgsql.Internal.NpgsqlConnector.Open(NpgsqlTimeout timeout, Boolean async, CancellationToken cancellationToken)&#xD;
         at Npgsql.PoolingDataSource.OpenNewConnector(NpgsqlConnection conn, NpgsqlTimeout timeout, Boolean async, CancellationToken cancellationToken)&#xD;
         at Npgsql.PoolingDataSource.&lt;Get&gt;g__RentAsync|34_0(NpgsqlConnection conn, NpgsqlTimeout timeout, Boolean async, CancellationToken cancellationToken)&#xD;
         at Npgsql.NpgsqlConnection.&lt;Open&gt;g__OpenAsync|42_0(Boolean async, CancellationToken cancellationToken)&#xD;
         at HealthChecks.NpgSql.NpgSqlHealthCheck.CheckHealthAsync(HealthCheckContext context, CancellationToken cancellationToken) in /home/runner/work/AspNetCore.Diagnostics.HealthChecks/AspNetCore.Diagnostics.HealthChecks/src/HealthChecks.NpgSql/NpgSqlHealthCheck.cs:line 31&#xD;
         at HealthChecks.NpgSql.NpgSqlHealthCheck.CheckHealthAsync(HealthCheckContext context, CancellationToken cancellationToken) in /home/runner/work/AspNetCore.Diagnostics.HealthChecks/AspNetCore.Diagnostics.HealthChecks/src/HealthChecks.NpgSql/NpgSqlHealthCheck.cs:line 37&#xD;
fail: Microsoft.Extensions.Diagnostics.HealthChecks.DefaultHealthCheckService[103]&#xD;
      Health check postgres_check with status Unhealthy completed after 2997.9307ms with message 'The operation was canceled.'&#xD;
      System.OperationCanceledException: The operation was canceled.&#xD;
         at System.Threading.CancellationToken.ThrowOperationCanceledException()&#xD;
         at System.Threading.CancellationToken.ThrowIfCancellationRequested()&#xD;
         at Npgsql.Internal.NpgsqlConnector.ConnectAsync(NpgsqlTimeout timeout, CancellationToken cancellationToken)&#xD;
         at Npgsql.Internal.NpgsqlConnector.RawOpen(SslMode sslMode, NpgsqlTimeout timeout, Boolean async, CancellationToken cancellationToken, Boolean isFirstAttempt)&#xD;
         at Npgsql.Internal.NpgsqlConnector.&lt;Open&gt;g__OpenCore|213_1(NpgsqlConnector conn, SslMode sslMode, NpgsqlTimeout timeout, Boolean async, CancellationToken cancellationToken, Boolean isFirstAttempt)&#xD;
         at Npgsql.Internal.NpgsqlConnector.Open(NpgsqlTimeout timeout, Boolean async, CancellationToken cancellationToken)&#xD;
         at Npgsql.PoolingDataSource.OpenNewConnector(NpgsqlConnection conn, NpgsqlTimeout timeout, Boolean async, CancellationToken cancellationToken)&#xD;
         at Npgsql.PoolingDataSource.&lt;Get&gt;g__RentAsync|34_0(NpgsqlConnection conn, NpgsqlTimeout timeout, Boolean async, CancellationToken cancellationToken)&#xD;
         at Npgsql.NpgsqlConnection.&lt;Open&gt;g__OpenAsync|42_0(Boolean async, CancellationToken cancellationToken)&#xD;
         at HealthChecks.NpgSql.NpgSqlHealthCheck.CheckHealthAsync(HealthCheckContext context, CancellationToken cancellationToken) in /home/runner/work/AspNetCore.Diagnostics.HealthChecks/AspNetCore.Diagnostics.HealthChecks/src/HealthChecks.NpgSql/NpgSqlHealthCheck.cs:line 31&#xD;
         at HealthChecks.NpgSql.NpgSqlHealthCheck.CheckHealthAsync(HealthCheckContext context, CancellationToken cancellationToken) in /home/runner/work/AspNetCore.Diagnostics.HealthChecks/AspNetCore.Diagnostics.HealthChecks/src/HealthChecks.NpgSql/NpgSqlHealthCheck.cs:line 37&#xD;
fail: Microsoft.Extensions.Diagnostics.HealthChecks.DefaultHealthCheckService[103]&#xD;
      Health check postgres_check with status Unhealthy completed after 4029.0662ms with message 'The operation was canceled.'&#xD;
      System.OperationCanceledException: The operation was canceled.&#xD;
         at System.Threading.CancellationToken.ThrowOperationCanceledException()&#xD;
         at System.Threading.CancellationToken.ThrowIfCancellationRequested()&#xD;
         at Npgsql.Internal.NpgsqlConnector.ConnectAsync(NpgsqlTimeout timeout, CancellationToken cancellationToken)&#xD;
         at Npgsql.Internal.NpgsqlConnector.RawOpen(SslMode sslMode, NpgsqlTimeout timeout, Boolean async, CancellationToken cancellationToken, Boolean isFirstAttempt)&#xD;
         at Npgsql.Internal.NpgsqlConnector.&lt;Open&gt;g__OpenCore|213_1(NpgsqlConnector conn, SslMode sslMode, NpgsqlTimeout timeout, Boolean async, CancellationToken cancellationToken, Boolean isFirstAttempt)&#xD;
         at Npgsql.Internal.NpgsqlConnector.Open(NpgsqlTimeout timeout, Boolean async, CancellationToken cancellationToken)&#xD;
         at Npgsql.PoolingDataSource.OpenNewConnector(NpgsqlConnection conn, NpgsqlTimeout timeout, Boolean async, CancellationToken cancellationToken)&#xD;
         at Npgsql.PoolingDataSource.&lt;Get&gt;g__RentAsync|34_0(NpgsqlConnection conn, NpgsqlTimeout timeout, Boolean async, CancellationToken cancellationToken)&#xD;
         at Npgsql.NpgsqlConnection.&lt;Open&gt;g__OpenAsync|42_0(Boolean async, CancellationToken cancellationToken)&#xD;
         at HealthChecks.NpgSql.NpgSqlHealthCheck.CheckHealthAsync(HealthCheckContext context, CancellationToken cancellationToken) in /home/runner/work/AspNetCore.Diagnostics.HealthChecks/AspNetCore.Diagnostics.HealthChecks/src/HealthChecks.NpgSql/NpgSqlHealthCheck.cs:line 31&#xD;
         at HealthChecks.NpgSql.NpgSqlHealthCheck.CheckHealthAsync(HealthCheckContext context, CancellationToken cancellationToken) in /home/runner/work/AspNetCore.Diagnostics.HealthChecks/AspNetCore.Diagnostics.HealthChecks/src/HealthChecks.NpgSql/NpgSqlHealthCheck.cs:line 37&#xD;
fail: Microsoft.Extensions.Diagnostics.HealthChecks.DefaultHealthCheckService[103]&#xD;
      Health check web_http_/health_200_check with status Unhealthy completed after 2435.6185ms with message 'Health check for http://localhost:60935/health was canceled'&#xD;
      System.Threading.Tasks.TaskCanceledException: A task was canceled.&#xD;
       ---&gt; System.Threading.Tasks.TaskCanceledException: A task was canceled.&#xD;
         at System.Threading.Tasks.TaskCompletionSourceWithCancellation`1.WaitWithCancellationAsync(CancellationToken cancellationToken)&#xD;
         at System.Net.Http.HttpConnectionPool.SendWithVersionDetectionAndRetryAsync(HttpRequestMessage request, Boolean async, Boolean doRequestAuth, CancellationToken cancellationToken)&#xD;
         at System.Net.Http.RedirectHandler.SendAsync(HttpRequestMessage request, Boolean async, CancellationToken cancellationToken)&#xD;
         at Microsoft.Extensions.Http.Logging.LoggingHttpMessageHandler.&lt;SendCoreAsync&gt;g__Core|4_0(HttpRequestMessage request, Boolean useAsync, CancellationToken cancellationToken)&#xD;
         at Microsoft.Extensions.Http.Logging.LoggingScopeHttpMessageHandler.&lt;SendCoreAsync&gt;g__Core|4_0(HttpRequestMessage request, Boolean useAsync, CancellationToken cancellationToken)&#xD;
         at System.Net.Http.HttpClient.&lt;SendAsync&gt;g__Core|83_0(HttpRequestMessage request, HttpCompletionOption completionOption, CancellationTokenSource cts, Boolean disposeCts, CancellationTokenSource pendingRequestsCts, CancellationToken originalCancellationToken)&#xD;
         --- End of inner exception stack trace ---&#xD;
         at System.Net.Http.HttpClient.HandleFailure(Exception e, Boolean telemetryStarted, HttpResponseMessage response, CancellationTokenSource cts, CancellationToken cancellationToken, CancellationTokenSource pendingRequestsCts)&#xD;
         at System.Net.Http.HttpClient.&lt;SendAsync&gt;g__Core|83_0(HttpRequestMessage request, HttpCompletionOption completionOption, CancellationTokenSource cts, Boolean disposeCts, CancellationTokenSource pendingRequestsCts, CancellationToken originalCancellationToken)&#xD;
         at Aspire.Hosting.HttpHealthCheckHelpers.CheckUriAsync(Uri uri, Int32 expectedStatusCode, Func`1 httpClientFactory, HealthCheckContext context, CancellationToken cancellationToken) in /_/src/Aspire.Hosting/ExternalServiceBuilderExtensions.cs:line 351&#xD;
fail: Microsoft.Extensions.Diagnostics.HealthChecks.DefaultHealthCheckService[103]&#xD;
      Health check gateway_http_/health_200_check with status Unhealthy completed after 2496.7508ms with message 'Health check for http://localhost:60932/health was canceled'&#xD;
      System.Threading.Tasks.TaskCanceledException: A task was canceled.&#xD;
       ---&gt; System.Threading.Tasks.TaskCanceledException: A task was canceled.&#xD;
         at System.Threading.Tasks.TaskCompletionSourceWithCancellation`1.WaitWithCancellationAsync(CancellationToken cancellationToken)&#xD;
         at System.Net.Http.HttpConnectionPool.SendWithVersionDetectionAndRetryAsync(HttpRequestMessage request, Boolean async, Boolean doRequestAuth, CancellationToken cancellationToken)&#xD;
         at System.Net.Http.RedirectHandler.SendAsync(HttpRequestMessage request, Boolean async, CancellationToken cancellationToken)&#xD;
         at Microsoft.Extensions.Http.Logging.LoggingHttpMessageHandler.&lt;SendCoreAsync&gt;g__Core|4_0(HttpRequestMessage request, Boolean useAsync, CancellationToken cancellationToken)&#xD;
         at Microsoft.Extensions.Http.Logging.LoggingScopeHttpMessageHandler.&lt;SendCoreAsync&gt;g__Core|4_0(HttpRequestMessage request, Boolean useAsync, CancellationToken cancellationToken)&#xD;
         at System.Net.Http.HttpClient.&lt;SendAsync&gt;g__Core|83_0(HttpRequestMessage request, HttpCompletionOption completionOption, CancellationTokenSource cts, Boolean disposeCts, CancellationTokenSource pendingRequestsCts, CancellationToken originalCancellationToken)&#xD;
         --- End of inner exception stack trace ---&#xD;
         at System.Net.Http.HttpClient.HandleFailure(Exception e, Boolean telemetryStarted, HttpResponseMessage response, CancellationTokenSource cts, CancellationToken cancellationToken, CancellationTokenSource pendingRequestsCts)&#xD;
         at System.Net.Http.HttpClient.&lt;SendAsync&gt;g__Core|83_0(HttpRequestMessage request, HttpCompletionOption completionOption, CancellationTokenSource cts, Boolean disposeCts, CancellationTokenSource pendingRequestsCts, CancellationToken originalCancellationToken)&#xD;
         at Aspire.Hosting.HttpHealthCheckHelpers.CheckUriAsync(Uri uri, Int32 expectedStatusCode, Func`1 httpClientFactory, HealthCheckContext context, CancellationToken cancellationToken) in /_/src/Aspire.Hosting/ExternalServiceBuilderExtensions.cs:line 351&#xD;
[xUnit.net 00:00:42.51]   Finished:    NovaCart.Tests.OrderFlow.E2E&#xD;
</StdOut>
    </Output>
  </ResultSummary>
</TestRun>