<?xml version="1.0" encoding="utf-8"?>
<TestRun id="09abcbe5-6c4b-4900-b69b-3012fa1c4cb9" name="inedb@MSI-DT 2026-09-20 10:56:41" runUser="MSI-DT\inedb" xmlns="http://microsoft.com/schemas/VisualStudio/TeamTest/2010">
  <Times creation="2026-09-20T10:56:41.4322074+03:00" queuing="2026-09-20T10:56:41.4322080+03:00" start="2026-09-20T10:56:38.4636958+03:00" finish="2026-09-20T10:56:41.5722884+03:00" />
  <TestSettings name="default" id="aaa16120-af52-4e10-bd3d-e28714cef86b">
    <Deployment runDeploymentRoot="inedb_MSI-DT_2026-09-20_10_56_41" />
  </TestSettings>
  <Results>
    <UnitTestResult executionId="e010545b-09ca-42e6-9bfe-44074501ab7e" testId="a4a8d5ea-3a03-912c-33d9-f6378a083176" testName="NovaCart.Tests.Identity.UnitTests.RegisterValidatorTests.Validate_Should_Fail_For_Empty_FirstName" computerName="MSI-DT" duration="00:00:00.0768949" startTime="2026-09-20T10:56:41.3492152+03:00" endTime="2026-09-20T10:56:41.4036079+03:00" testType="13cdc9d9-ddb5-4fa4-a97d-d965ccfc6d4b" outcome="Passed" testListId="8c84fa94-04c1-424b-9868-57a2d4851a1d" relativeResultsDirectory="e010545b-09ca-42e6-9bfe-44074501ab7e" />
    <UnitTestResult executionId="22112703-fd41-4332-a18b-b1bc3c312ee8" testId="df7c5832-1558-be25-eefe-049a6e5f7c22" testName="NovaCart.Tests.Identity.UnitTests.TokenServiceTests.GenerateAccessToken_Should_Be_Signed_So_A_Different_Key_Fails_Validation" computerName="MSI-DT" duration="00:00:00.0064441" startTime="2026-09-20T10:56:41.5049598+03:00" endTime="2026-09-20T10:56:41.5113829+03:00" testType="13cdc9d9-ddb5-4fa4-a97d-d965ccfc6d4b" outcome="Passed" testListId="8c84fa94-04c1-424b-9868-57a2d4851a1d" relativeResultsDirectory="22112703-fd41-4332-a18b-b1bc3c312ee8" />
    <UnitTestResult executionId="6493d59e-75c4-41ac-8ae0-a6e3da21fe97" testId="f5b89e72-470d-56c7-8305-c0d5af270a6e" testName="NovaCart.Tests.Identity.UnitTests.RegisterValidatorTests.Validate_Should_Fail_For_Empty_Or_Too_Short_Password(password: &quot;&quot;)" computerName="MSI-DT" duration="00:00:00.0006275" startTime="2026-09-20T10:56:41.4153899+03:00" endTime="2026-09-20T10:56:41.4155016+03:00" testType="13cdc9d9-ddb5-4fa4-a97d-d965ccfc6d4b" outcome="Passed" testListId="8c84fa94-04c1-424b-9868-57a2d4851a1d" relativeResultsDirectory="6493d59e-75c4-41ac-8ae0-a6e3da21fe97" />
    <UnitTestResult executionId="1548ceca-6b1e-4540-bcbf-f684a3833f37" testId="f90aa8b7-8746-d84a-05e4-37c02b5b5213" testName="NovaCart.Tests.Identity.UnitTests.TokenServiceTests.GenerateRefreshToken_Should_Return_Unique_64_Byte_Values" computerName="MSI-DT" duration="00:00:00.0613576" startTime="2026-09-20T10:56:41.3468157+03:00" endTime="2026-09-20T10:56:41.3881012+03:00" testType="13cdc9d9-ddb5-4fa4-a97d-d965ccfc6d4b" outcome="Passed" testListId="8c84fa94-04c1-424b-9868-57a2d4851a1d" relativeResultsDirectory="1548ceca-6b1e-4540-bcbf-f684a3833f37" />
    <UnitTestResult executionId="8fd875b9-e2f8-4d9d-972a-f5f6c3f961f2" testId="59fdf532-e691-c542-9077-d57be02a9f70" testName="NovaCart.Tests.Identity.UnitTests.RegisterValidatorTests.Validate_Should_Fail_For_Invalid_Email(email: &quot;&quot;)" computerName="MSI-DT" duration="00:00:00.0008898" startTime="2026-09-20T10:56:41.4162928+03:00" endTime="2026-09-20T10:56:41.4163351+03:00" testType="13cdc9d9-ddb5-4fa4-a97d-d965ccfc6d4b" outcome="Passed" testListId="8c84fa94-04c1-424b-9868-57a2d4851a1d" relativeResultsDirectory="8fd875b9-e2f8-4d9d-972a-f5f6c3f961f2" />
    <UnitTestResult executionId="6eb7f7b4-8698-4ac1-95e0-6ac24cabdbbb" testId="23480d79-f17b-54a9-2a8d-578b469ac866" testName="NovaCart.Tests.Identity.UnitTests.TokenServiceTests.GenerateAccessToken_Should_Be_Valid_And_Carry_User_Claims_And_Roles" computerName="MSI-DT" duration="00:00:00.1131570" startTime="2026-09-20T10:56:41.4035312+03:00" endTime="2026-09-20T10:56:41.5047993+03:00" testType="13cdc9d9-ddb5-4fa4-a97d-d965ccfc6d4b" outcome="Passed" testListId="8c84fa94-04c1-424b-9868-57a2d4851a1d" relativeResultsDirectory="6eb7f7b4-8698-4ac1-95e0-6ac24cabdbbb" />
    <UnitTestResult executionId="7d4b22b5-688c-4c5e-925c-a1f38e5701c8" testId="34abd0aa-8346-5a47-aba5-889737024eca" testName="NovaCart.Tests.Identity.UnitTests.RegisterValidatorTests.Validate_Should_Fail_For_Invalid_Email(email: &quot;not-an-email&quot;)" computerName="MSI-DT" duration="00:00:00.0006625" startTime="2026-09-20T10:56:41.4164038+03:00" endTime="2026-09-20T10:56:41.4164632+03:00" testType="13cdc9d9-ddb5-4fa4-a97d-d965ccfc6d4b" outcome="Passed" testListId="8c84fa94-04c1-424b-9868-57a2d4851a1d" relativeResultsDirectory="7d4b22b5-688c-4c5e-925c-a1f38e5701c8" />
    <UnitTestResult executionId="3e23b33f-d958-4752-9a14-c6701808cecb" testId="f34c74cb-bd17-f546-17d8-104145f80668" testName="NovaCart.Tests.Identity.UnitTests.LoginValidatorTests.Validate_Should_Fail_For_Invalid_Email(email: &quot;not-an-email&quot;)" computerName="MSI-DT" duration="00:00:00.0071515" startTime="2026-09-20T10:56:41.4033374+03:00" endTime="2026-09-20T10:56:41.4035808+03:00" testType="13cdc9d9-ddb5-4fa4-a97d-d965ccfc6d4b" outcome="Passed" testListId="8c84fa94-04c1-424b-9868-57a2d4851a1d" relativeResultsDirectory="3e23b33f-d958-4752-9a14-c6701808cecb" />
    <UnitTestResult executionId="e914b16a-1e05-40d2-b3a2-426d1e4777e6" testId="fb4eabb2-2406-ab56-9f16-59b8e736d490" testName="NovaCart.Tests.Identity.UnitTests.RegisterValidatorTests.Validate_Should_Fail_For_Empty_LastName" computerName="MSI-DT" duration="00:00:00.0003855" startTime="2026-09-20T10:56:41.4159239+03:00" endTime="2026-09-20T10:56:41.4159838+03:00" testType="13cdc9d9-ddb5-4fa4-a97d-d965ccfc6d4b" outcome="Passed" testListId="8c84fa94-04c1-424b-9868-57a2d4851a1d" relativeResultsDirectory="e914b16a-1e05-40d2-b3a2-426d1e4777e6" />
    <UnitTestResult executionId="8a5c9da0-0c12-4081-b9ef-98f7bfb43745" testId="77dca54c-0046-19e5-a986-8166b0a081e7" testName="NovaCart.Tests.Identity.UnitTests.LoginValidatorTests.Validate_Should_Fail_For_Empty_Password" computerName="MSI-DT" duration="00:00:00.0002977" startTime="2026-09-20T10:56:41.4041016+03:00" endTime="2026-09-20T10:56:41.4041514+03:00" testType="13cdc9d9-ddb5-4fa4-a97d-d965ccfc6d4b" outcome="Passed" testListId="8c84fa94-04c1-424b-9868-57a2d4851a1d" relativeResultsDirectory="8a5c9da0-0c12-4081-b9ef-98f7bfb43745" />
    <UnitTestResult executionId="5f44dbde-2d3d-43ce-8db4-7e8311b9b766" testId="b6795319-ff6e-e027-4c44-90b727cfdd75" testName="NovaCart.Tests.Identity.UnitTests.LoginValidatorTests.Validate_Should_Pass_For_A_Valid_Command" computerName="MSI-DT" duration="00:00:00.0695550" startTime="2026-09-20T10:56:41.3491294+03:00" endTime="2026-09-20T10:56:41.4019633+03:00" testType="13cdc9d9-ddb5-4fa4-a97d-d965ccfc6d4b" outcome="Passed" testListId="8c84fa94-04c1-424b-9868-57a2d4851a1d" relativeResultsDirectory="5f44dbde-2d3d-43ce-8db4-7e8311b9b766" />
    <UnitTestResult executionId="728859fc-5bab-4c21-b8b1-00554be29fb9" testId="c4c37ded-8768-dd32-59ee-5ca07497b674" testName="NovaCart.Tests.Identity.UnitTests.LoginValidatorTests.Validate_Should_Fail_For_Invalid_Email(email: &quot;&quot;)" computerName="MSI-DT" duration="00:00:00.0003664" startTime="2026-09-20T10:56:41.4038508+03:00" endTime="2026-09-20T10:56:41.4039423+03:00" testType="13cdc9d9-ddb5-4fa4-a97d-d965ccfc6d4b" outcome="Passed" testListId="8c84fa94-04c1-424b-9868-57a2d4851a1d" relativeResultsDirectory="728859fc-5bab-4c21-b8b1-00554be29fb9" />
    <UnitTestResult executionId="9b7203c1-caa1-411e-b4b3-1c372a83b907" testId="2dfc67ed-f034-d2fa-8dac-db649de34af0" testName="NovaCart.Tests.Identity.UnitTests.RegisterValidatorTests.Validate_Should_Pass_For_A_Valid_Command" computerName="MSI-DT" duration="00:00:00.0002404" startTime="2026-09-20T10:56:41.4161329+03:00" endTime="2026-09-20T10:56:41.4161792+03:00" testType="13cdc9d9-ddb5-4fa4-a97d-d965ccfc6d4b" outcome="Passed" testListId="8c84fa94-04c1-424b-9868-57a2d4851a1d" relativeResultsDirectory="9b7203c1-caa1-411e-b4b3-1c372a83b907" />
    <UnitTestResult executionId="b7277751-3cdd-4d10-ad62-61004e6fb731" testId="f68afa47-4edd-2579-efb5-f82445e484be" testName="NovaCart.Tests.Identity.UnitTests.RegisterValidatorTests.Validate_Should_Fail_For_Empty_Or_Too_Short_Password(password: &quot;short&quot;)" computerName="MSI-DT" duration="00:00:00.0058060" startTime="2026-09-20T10:56:41.4038866+03:00" endTime="2026-09-20T10:56:41.4067614+03:00" testType="13cdc9d9-ddb5-4fa4-a97d-d965ccfc6d4b" outcome="Passed" testListId="8c84fa94-04c1-424b-9868-57a2d4851a1d" relativeResultsDirectory="b7277751-3cdd-4d10-ad62-61004e6fb731" />
    <UnitTestResult executionId="6893645e-9ea6-4b93-b077-13d00cb05911" testId="7812926f-8bcf-7d4a-0e8b-2ea7b93aca9e" testName="NovaCart.Tests.Identity.UnitTests.TokenServiceTests.GetAccessTokenExpiration_Should_Be_Close_To_Configured_Lifetime" computerName="MSI-DT" duration="00:00:00.0027789" startTime="2026-09-20T10:56:41.4017938+03:00" endTime="2026-09-20T10:56:41.4033872+03:00" testType="13cdc9d9-ddb5-4fa4-a97d-d965ccfc6d4b" outcome="Passed" testListId="8c84fa94-04c1-424b-9868-57a2d4851a1d" relativeResultsDirectory="6893645e-9ea6-4b93-b077-13d00cb05911" />
  </Results>
  <TestDefinitions>
    <UnitTest name="NovaCart.Tests.Identity.UnitTests.RegisterValidatorTests.Validate_Should_Fail_For_Empty_Or_Too_Short_Password(password: &quot;&quot;)" storage="d:\repos\novacart\tests\unittests\identity.unittests\bin\debug\net10.0\novacart.tests.identity.unittests.dll" id="f5b89e72-470d-56c7-8305-c0d5af270a6e">
      <Execution id="6493d59e-75c4-41ac-8ae0-a6e3da21fe97" />
      <TestMethod codeBase="D:\Repos\NovaCart\tests\UnitTests\Identity.UnitTests\bin\Debug\net10.0\NovaCart.Tests.Identity.UnitTests.dll" adapterTypeName="executor://xunit/VsTestRunner3/netcore/" className="NovaCart.Tests.Identity.UnitTests.RegisterValidatorTests" name="Validate_Should_Fail_For_Empty_Or_Too_Short_Password" />
    </UnitTest>
    <UnitTest name="NovaCart.Tests.Identity.UnitTests.TokenServiceTests.GenerateAccessToken_Should_Be_Signed_So_A_Different_Key_Fails_Validation" storage="d:\repos\novacart\tests\unittests\identity.unittests\bin\debug\net10.0\novacart.tests.identity.unittests.dll" id="df7c5832-1558-be25-eefe-049a6e5f7c22">
      <Execution id="22112703-fd41-4332-a18b-b1bc3c312ee8" />
      <TestMethod codeBase="D:\Repos\NovaCart\tests\UnitTests\Identity.UnitTests\bin\Debug\net10.0\NovaCart.Tests.Identity.UnitTests.dll" adapterTypeName="executor://xunit/VsTestRunner3/netcore/" className="NovaCart.Tests.Identity.UnitTests.TokenServiceTests" name="GenerateAccessToken_Should_Be_Signed_So_A_Different_Key_Fails_Validation" />
    </UnitTest>
    <UnitTest name="NovaCart.Tests.Identity.UnitTests.LoginValidatorTests.Validate_Should_Fail_For_Empty_Password" storage="d:\repos\novacart\tests\unittests\identity.unittests\bin\debug\net10.0\novacart.tests.identity.unittests.dll" id="77dca54c-0046-19e5-a986-8166b0a081e7">
      <Execution id="8a5c9da0-0c12-4081-b9ef-98f7bfb43745" />
      <TestMethod codeBase="D:\Repos\NovaCart\tests\UnitTests\Identity.UnitTests\bin\Debug\net10.0\NovaCart.Tests.Identity.UnitTests.dll" adapterTypeName="executor://xunit/VsTestRunner3/netcore/" className="NovaCart.Tests.Identity.UnitTests.LoginValidatorTests" name="Validate_Should_Fail_For_Empty_Password" />
    </UnitTest>
    <UnitTest name="NovaCart.Tests.Identity.UnitTests.TokenServiceTests.GenerateAccessToken_Should_Be_Valid_And_Carry_User_Claims_And_Roles" storage="d:\repos\novacart\tests\unittests\identity.unittests\bin\debug\net10.0\novacart.tests.identity.unittests.dll" id="23480d79-f17b-54a9-2a8d-578b469ac866">
      <Execution id="6eb7f7b4-8698-4ac1-95e0-6ac24cabdbbb" />
      <TestMethod codeBase="D:\Repos\NovaCart\tests\UnitTests\Identity.UnitTests\bin\Debug\net10.0\NovaCart.Tests.Identity.UnitTests.dll" adapterTypeName="executor://xunit/VsTestRunner3/netcore/" className="NovaCart.Tests.Identity.UnitTests.TokenServiceTests" name="GenerateAccessToken_Should_Be_Valid_And_Carry_User_Claims_And_Roles" />
    </UnitTest>
    <UnitTest name="NovaCart.Tests.Identity.UnitTests.RegisterValidatorTests.Validate_Should_Fail_For_Invalid_Email(email: &quot;not-an-email&quot;)" storage="d:\repos\novacart\tests\unittests\identity.unittests\bin\debug\net10.0\novacart.tests.identity.unittests.dll" id="34abd0aa-8346-5a47-aba5-889737024eca">
      <Execution id="7d4b22b5-688c-4c5e-925c-a1f38e5701c8" />
      <TestMethod codeBase="D:\Repos\NovaCart\tests\UnitTests\Identity.UnitTests\bin\Debug\net10.0\NovaCart.Tests.Identity.UnitTests.dll" adapterTypeName="executor://xunit/VsTestRunner3/netcore/" className="NovaCart.Tests.Identity.UnitTests.RegisterValidatorTests" name="Validate_Should_Fail_For_Invalid_Email" />
    </UnitTest>
    <UnitTest name="NovaCart.Tests.Identity.UnitTests.RegisterValidatorTests.Validate_Should_Fail_For_Empty_FirstName" storage="d:\repos\novacart\tests\unittests\identity.unittests\bin\debug\net10.0\novacart.tests.identity.unittests.dll" id="a4a8d5ea-3a03-912c-33d9-f6378a083176">
      <Execution id="e010545b-09ca-42e6-9bfe-44074501ab7e" />
      <TestMethod codeBase="D:\Repos\NovaCart\tests\UnitTests\Identity.UnitTests\bin\Debug\net10.0\NovaCart.Tests.Identity.UnitTests.dll" adapterTypeName="executor://xunit/VsTestRunner3/netcore/" className="NovaCart.Tests.Identity.UnitTests.RegisterValidatorTests" name="Validate_Should_Fail_For_Empty_FirstName" />
    </UnitTest>
    <UnitTest name="NovaCart.Tests.Identity.UnitTests.RegisterValidatorTests.Validate_Should_Fail_For_Invalid_Email(email: &quot;&quot;)" storage="d:\repos\novacart\tests\unittests\identity.unittests\bin\debug\net10.0\novacart.tests.identity.unittests.dll" id="59fdf532-e691-c542-9077-d57be02a9f70">
      <Execution id="8fd875b9-e2f8-4d9d-972a-f5f6c3f961f2" />
      <TestMethod codeBase="D:\Repos\NovaCart\tests\UnitTests\Identity.UnitTests\bin\Debug\net10.0\NovaCart.Tests.Identity.UnitTests.dll" adapterTypeName="executor://xunit/VsTestRunner3/netcore/" className="NovaCart.Tests.Identity.UnitTests.RegisterValidatorTests" name="Validate_Should_Fail_For_Invalid_Email" />
    </UnitTest>
    <UnitTest name="NovaCart.Tests.Identity.UnitTests.LoginValidatorTests.Validate_Should_Fail_For_Invalid_Email(email: &quot;&quot;)" storage="d:\repos\novacart\tests\unittests\identity.unittests\bin\debug\net10.0\novacart.tests.identity.unittests.dll" id="c4c37ded-8768-dd32-59ee-5ca07497b674">
      <Execution id="728859fc-5bab-4c21-b8b1-00554be29fb9" />
      <TestMethod codeBase="D:\Repos\NovaCart\tests\UnitTests\Identity.UnitTests\bin\Debug\net10.0\NovaCart.Tests.Identity.UnitTests.dll" adapterTypeName="executor://xunit/VsTestRunner3/netcore/" className="NovaCart.Tests.Identity.UnitTests.LoginValidatorTests" name="Validate_Should_Fail_For_Invalid_Email" />
    </UnitTest>
    <UnitTest name="NovaCart.Tests.Identity.UnitTests.RegisterValidatorTests.Validate_Should_Fail_For_Empty_LastName" storage="d:\repos\novacart\tests\unittests\identity.unittests\bin\debug\net10.0\novacart.tests.identity.unittests.dll" id="fb4eabb2-2406-ab56-9f16-59b8e736d490">
      <Execution id="e914b16a-1e05-40d2-b3a2-426d1e4777e6" />
      <TestMethod codeBase="D:\Repos\NovaCart\tests\UnitTests\Identity.UnitTests\bin\Debug\net10.0\NovaCart.Tests.Identity.UnitTests.dll" adapterTypeName="executor://xunit/VsTestRunner3/netcore/" className="NovaCart.Tests.Identity.UnitTests.RegisterValidatorTests" name="Validate_Should_Fail_For_Empty_LastName" />
    </UnitTest>
    <UnitTest name="NovaCart.Tests.Identity.UnitTests.RegisterValidatorTests.Validate_Should_Pass_For_A_Valid_Command" storage="d:\repos\novacart\tests\unittests\identity.unittests\bin\debug\net10.0\novacart.tests.identity.unittests.dll" id="2dfc67ed-f034-d2fa-8dac-db649de34af0">
      <Execution id="9b7203c1-caa1-411e-b4b3-1c372a83b907" />
      <TestMethod codeBase="D:\Repos\NovaCart\tests\UnitTests\Identity.UnitTests\bin\Debug\net10.0\NovaCart.Tests.Identity.UnitTests.dll" adapterTypeName="executor://xunit/VsTestRunner3/netcore/" className="NovaCart.Tests.Identity.UnitTests.RegisterValidatorTests" name="Validate_Should_Pass_For_A_Valid_Command" />
    </UnitTest>
    <UnitTest name="NovaCart.Tests.Identity.UnitTests.TokenServiceTests.GetAccessTokenExpiration_Should_Be_Close_To_Configured_Lifetime" storage="d:\repos\novacart\tests\unittests\identity.unittests\bin\debug\net10.0\novacart.tests.identity.unittests.dll" id="7812926f-8bcf-7d4a-0e8b-2ea7b93aca9e">
      <Execution id="6893645e-9ea6-4b93-b077-13d00cb05911" />
      <TestMethod codeBase="D:\Repos\NovaCart\tests\UnitTests\Identity.UnitTests\bin\Debug\net10.0\NovaCart.Tests.Identity.UnitTests.dll" adapterTypeName="executor://xunit/VsTestRunner3/netcore/" className="NovaCart.Tests.Identity.UnitTests.TokenServiceTests" name="GetAccessTokenExpiration_Should_Be_Close_To_Configured_Lifetime" />
    </UnitTest>
    <UnitTest name="NovaCart.Tests.Identity.UnitTests.TokenServiceTests.GenerateRefreshToken_Should_Return_Unique_64_Byte_Values" storage="d:\repos\novacart\tests\unittests\identity.unittests\bin\debug\net10.0\novacart.tests.identity.unittests.dll" id="f90aa8b7-8746-d84a-05e4-37c02b5b5213">
      <Execution id="1548ceca-6b1e-4540-bcbf-f684a3833f37" />
      <TestMethod codeBase="D:\Repos\NovaCart\tests\UnitTests\Identity.UnitTests\bin\Debug\net10.0\NovaCart.Tests.Identity.UnitTests.dll" adapterTypeName="executor://xunit/VsTestRunner3/netcore/" className="NovaCart.Tests.Identity.UnitTests.TokenServiceTests" name="GenerateRefreshToken_Should_Return_Unique_64_Byte_Values" />
    </UnitTest>
    <UnitTest name="NovaCart.Tests.Identity.UnitTests.RegisterValidatorTests.Validate_Should_Fail_For_Empty_Or_Too_Short_Password(password: &quot;short&quot;)" storage="d:\repos\novacart\tests\unittests\identity.unittests\bin\debug\net10.0\novacart.tests.identity.unittests.dll" id="f68afa47-4edd-2579-efb5-f82445e484be">
      <Execution id="b7277751-3cdd-4d10-ad62-61004e6fb731" />
      <TestMethod codeBase="D:\Repos\NovaCart\tests\UnitTests\Identity.UnitTests\bin\Debug\net10.0\NovaCart.Tests.Identity.UnitTests.dll" adapterTypeName="executor://xunit/VsTestRunner3/netcore/" className="NovaCart.Tests.Identity.UnitTests.RegisterValidatorTests" name="Validate_Should_Fail_For_Empty_Or_Too_Short_Password" />
    </UnitTest>
    <UnitTest name="NovaCart.Tests.Identity.UnitTests.LoginValidatorTests.Validate_Should_Fail_For_Invalid_Email(email: &quot;not-an-email&quot;)" storage="d:\repos\novacart\tests\unittests\identity.unittests\bin\debug\net10.0\novacart.tests.identity.unittests.dll" id="f34c74cb-bd17-f546-17d8-104145f80668">
      <Execution id="3e23b33f-d958-4752-9a14-c6701808cecb" />
      <TestMethod codeBase="D:\Repos\NovaCart\tests\UnitTests\Identity.UnitTests\bin\Debug\net10.0\NovaCart.Tests.Identity.UnitTests.dll" adapterTypeName="executor://xunit/VsTestRunner3/netcore/" className="NovaCart.Tests.Identity.UnitTests.LoginValidatorTests" name="Validate_Should_Fail_For_Invalid_Email" />
    </UnitTest>
    <UnitTest name="NovaCart.Tests.Identity.UnitTests.LoginValidatorTests.Validate_Should_Pass_For_A_Valid_Command" storage="d:\repos\novacart\tests\unittests\identity.unittests\bin\debug\net10.0\novacart.tests.identity.unittests.dll" id="b6795319-ff6e-e027-4c44-90b727cfdd75">
      <Execution id="5f44dbde-2d3d-43ce-8db4-7e8311b9b766" />
      <TestMethod codeBase="D:\Repos\NovaCart\tests\UnitTests\Identity.UnitTests\bin\Debug\net10.0\NovaCart.Tests.Identity.UnitTests.dll" adapterTypeName="executor://xunit/VsTestRunner3/netcore/" className="NovaCart.Tests.Identity.UnitTests.LoginValidatorTests" name="Validate_Should_Pass_For_A_Valid_Command" />
    </UnitTest>
  </TestDefinitions>
  <TestEntries>
    <TestEntry testId="a4a8d5ea-3a03-912c-33d9-f6378a083176" executionId="e010545b-09ca-42e6-9bfe-44074501ab7e" testListId="8c84fa94-04c1-424b-9868-57a2d4851a1d" />
    <TestEntry testId="df7c5832-1558-be25-eefe-049a6e5f7c22" executionId="22112703-fd41-4332-a18b-b1bc3c312ee8" testListId="8c84fa94-04c1-424b-9868-57a2d4851a1d" />
    <TestEntry testId="f5b89e72-470d-56c7-8305-c0d5af270a6e" executionId="6493d59e-75c4-41ac-8ae0-a6e3da21fe97" testListId="8c84fa94-04c1-424b-9868-57a2d4851a1d" />
    <TestEntry testId="f90aa8b7-8746-d84a-05e4-37c02b5b5213" executionId="1548ceca-6b1e-4540-bcbf-f684a3833f37" testListId="8c84fa94-04c1-424b-9868-57a2d4851a1d" />
    <TestEntry testId="59fdf532-e691-c542-9077-d57be02a9f70" executionId="8fd875b9-e2f8-4d9d-972a-f5f6c3f961f2" testListId="8c84fa94-04c1-424b-9868-57a2d4851a1d" />
    <TestEntry testId="23480d79-f17b-54a9-2a8d-578b469ac866" executionId="6eb7f7b4-8698-4ac1-95e0-6ac24cabdbbb" testListId="8c84fa94-04c1-424b-9868-57a2d4851a1d" />
    <TestEntry testId="34abd0aa-8346-5a47-aba5-889737024eca" executionId="7d4b22b5-688c-4c5e-925c-a1f38e5701c8" testListId="8c84fa94-04c1-424b-9868-57a2d4851a1d" />
    <TestEntry testId="f34c74cb-bd17-f546-17d8-104145f80668" executionId="3e23b33f-d958-4752-9a14-c6701808cecb" testListId="8c84fa94-04c1-424b-9868-57a2d4851a1d" />
    <TestEntry testId="fb4eabb2-2406-ab56-9f16-59b8e736d490" executionId="e914b16a-1e05-40d2-b3a2-426d1e4777e6" testListId="8c84fa94-04c1-424b-9868-57a2d4851a1d" />
    <TestEntry testId="77dca54c-0046-19e5-a986-8166b0a081e7" executionId="8a5c9da0-0c12-4081-b9ef-98f7bfb43745" testListId="8c84fa94-04c1-424b-9868-57a2d4851a1d" />
    <TestEntry testId="b6795319-ff6e-e027-4c44-90b727cfdd75" executionId="5f44dbde-2d3d-43ce-8db4-7e8311b9b766" testListId="8c84fa94-04c1-424b-9868-57a2d4851a1d" />
    <TestEntry testId="c4c37ded-8768-dd32-59ee-5ca07497b674" executionId="728859fc-5bab-4c21-b8b1-00554be29fb9" testListId="8c84fa94-04c1-424b-9868-57a2d4851a1d" />
    <TestEntry testId="2dfc67ed-f034-d2fa-8dac-db649de34af0" executionId="9b7203c1-caa1-411e-b4b3-1c372a83b907" testListId="8c84fa94-04c1-424b-9868-57a2d4851a1d" />
    <TestEntry testId="f68afa47-4edd-2579-efb5-f82445e484be" executionId="b7277751-3cdd-4d10-ad62-61004e6fb731" testListId="8c84fa94-04c1-424b-9868-57a2d4851a1d" />
    <TestEntry testId="7812926f-8bcf-7d4a-0e8b-2ea7b93aca9e" executionId="6893645e-9ea6-4b93-b077-13d00cb05911" testListId="8c84fa94-04c1-424b-9868-57a2d4851a1d" />
  </TestEntries>
  <TestLists>
    <TestList name="Список результатов" id="8c84fa94-04c1-424b-9868-57a2d4851a1d" />
    <TestList name="Все загруженные результаты" id="19431567-8539-422a-85d7-44ee4e166bda" />
  </TestLists>
  <ResultSummary outcome="Completed">
    <Counters total="15" executed="15" passed="15" failed="0" error="0" timeout="0" aborted="0" inconclusive="0" passedButRunAborted="0" notRunnable="0" notExecuted="0" disconnected="0" warning="0" completed="0" inProgress="0" pending="0" />
    <Output>
      <StdOut>[xUnit.net 00:00:00.00] xUnit.net VSTest Adapter v3.1.4+50e68bbb8b (64-bit .NET 10.0.12)&#xD;
[xUnit.net 00:00:02.10]   Discovering: NovaCart.Tests.Identity.UnitTests&#xD;
[xUnit.net 00:00:02.15]   Discovered:  NovaCart.Tests.Identity.UnitTests&#xD;
[xUnit.net 00:00:02.18]   Starting:    NovaCart.Tests.Identity.UnitTests&#xD;
     Warning:&#xD;
     The component "Fluent Assertions" is governed by the rules defined in the Xceed License Agreement and&#xD;
     the Xceed Fluent Assertions Community License. You may use Fluent Assertions free of charge for&#xD;
     non-commercial use only. An active subscription is required to use Fluent Assertions for commercial use.&#xD;
     Please contact Xceed Sales mailto:sales@xceed.com to acquire a subscription at a very low cost.&#xD;
     A paid commercial license supports the development and continued increasing support of&#xD;
     Fluent Assertions users under both commercial and community licenses. Help us&#xD;
     keep Fluent Assertions at the forefront of unit testing.&#xD;
     For more information, visit https://xceed.com/products/unit-testing/fluent-assertions/&#xD;
[xUnit.net 00:00:02.40]   Finished:    NovaCart.Tests.Identity.UnitTests&#xD;
</StdOut>
    </Output>
  </ResultSummary>
</TestRun>