<?xml version="1.0" encoding="utf-8"?>
<TestRun id="cee9c128-710a-4925-af7b-499bd01fee40" name="inedb@MSI-DT 2026-09-20 11:51:10" runUser="MSI-DT\inedb" xmlns="http://microsoft.com/schemas/VisualStudio/TeamTest/2010">
  <Times creation="2026-09-20T11:51:10.7111105+03:00" queuing="2026-09-20T11:51:10.7111109+03:00" start="2026-09-20T11:51:07.9247176+03:00" finish="2026-09-20T11:51:10.7746161+03:00" />
  <TestSettings name="default" id="f7c3c2af-552f-4ef0-af1e-adbeee65093b">
    <Deployment runDeploymentRoot="inedb_MSI-DT_2026-09-20_11_51_10" />
  </TestSettings>
  <Results>
    <UnitTestResult executionId="edae8644-ba72-45f9-8781-e84ca35412fb" testId="776eaeb3-5a6f-4d4f-d025-4236e59da2d4" testName="NovaCart.Tests.ArchitectureTests.BasketArchitectureTests.Infrastructure_Should_NotDependOn_Api" computerName="MSI-DT" duration="00:00:00.0144246" startTime="2026-09-20T11:51:10.6892252+03:00" endTime="2026-09-20T11:51:10.6974579+03:00" testType="13cdc9d9-ddb5-4fa4-a97d-d965ccfc6d4b" outcome="Passed" testListId="8c84fa94-04c1-424b-9868-57a2d4851a1d" relativeResultsDirectory="edae8644-ba72-45f9-8781-e84ca35412fb" />
    <UnitTestResult executionId="aa829845-d47a-455e-bedc-a0b2204683c6" testId="2ef29618-f276-d509-9165-74b6ce77cada" testName="NovaCart.Tests.ArchitectureTests.OrderingArchitectureTests.Application_Should_NotDependOn_Infrastructure" computerName="MSI-DT" duration="00:00:00.0122649" startTime="2026-09-20T11:51:10.6974293+03:00" endTime="2026-09-20T11:51:10.7015301+03:00" testType="13cdc9d9-ddb5-4fa4-a97d-d965ccfc6d4b" outcome="Passed" testListId="8c84fa94-04c1-424b-9868-57a2d4851a1d" relativeResultsDirectory="aa829845-d47a-455e-bedc-a0b2204683c6" />
    <UnitTestResult executionId="c279cdb7-b83b-489e-8998-b6ec47b7111f" testId="8e1549b9-3f60-74a1-fb01-da53fd96ae37" testName="NovaCart.Tests.ArchitectureTests.CatalogArchitectureTests.Application_Should_NotDependOn_Infrastructure" computerName="MSI-DT" duration="00:00:00.0085726" startTime="2026-09-20T11:51:10.6991335+03:00" endTime="2026-09-20T11:51:10.7006703+03:00" testType="13cdc9d9-ddb5-4fa4-a97d-d965ccfc6d4b" outcome="Passed" testListId="8c84fa94-04c1-424b-9868-57a2d4851a1d" relativeResultsDirectory="c279cdb7-b83b-489e-8998-b6ec47b7111f" />
    <UnitTestResult executionId="2e44f2a0-48c6-4221-90b1-36e6e09249e9" testId="110466e6-ff48-fabc-8177-b7d753b4b01e" testName="NovaCart.Tests.ArchitectureTests.PaymentArchitectureTests.Domain_Should_NotDependOn_Application" computerName="MSI-DT" duration="00:00:00.0009400" startTime="2026-09-20T11:51:10.6970477+03:00" endTime="2026-09-20T11:51:10.6970798+03:00" testType="13cdc9d9-ddb5-4fa4-a97d-d965ccfc6d4b" outcome="Passed" testListId="8c84fa94-04c1-424b-9868-57a2d4851a1d" relativeResultsDirectory="2e44f2a0-48c6-4221-90b1-36e6e09249e9" />
    <UnitTestResult executionId="c7e947ac-cb45-4b43-8c7c-690b6981ad6f" testId="0bf2f3a5-d5a0-5ef2-0a28-c65e1db95f98" testName="NovaCart.Tests.ArchitectureTests.BasketArchitectureTests.Application_Should_NotDependOn_Infrastructure" computerName="MSI-DT" duration="00:00:00.0099531" startTime="2026-09-20T11:51:10.7044905+03:00" endTime="2026-09-20T11:51:10.7144209+03:00" testType="13cdc9d9-ddb5-4fa4-a97d-d965ccfc6d4b" outcome="Passed" testListId="8c84fa94-04c1-424b-9868-57a2d4851a1d" relativeResultsDirectory="c7e947ac-cb45-4b43-8c7c-690b6981ad6f" />
    <UnitTestResult executionId="0a7f24de-0fea-4e5a-bb6e-57b5fe8a2ed0" testId="eb23aaee-0874-8afc-253d-0733dc5a4729" testName="NovaCart.Tests.ArchitectureTests.OrderingArchitectureTests.Domain_Should_NotDependOn_Application" computerName="MSI-DT" duration="00:00:00.0021805" startTime="2026-09-20T11:51:10.7035928+03:00" endTime="2026-09-20T11:51:10.7056213+03:00" testType="13cdc9d9-ddb5-4fa4-a97d-d965ccfc6d4b" outcome="Passed" testListId="8c84fa94-04c1-424b-9868-57a2d4851a1d" relativeResultsDirectory="0a7f24de-0fea-4e5a-bb6e-57b5fe8a2ed0" />
    <UnitTestResult executionId="f347ec51-d1bb-4587-a652-97d97c12520e" testId="ea29a29c-0a92-c06c-5881-c6bc4cbcf7ce" testName="NovaCart.Tests.ArchitectureTests.PaymentArchitectureTests.Domain_Should_NotDependOn_Infrastructure" computerName="MSI-DT" duration="00:00:00.0009133" startTime="2026-09-20T11:51:10.6971570+03:00" endTime="2026-09-20T11:51:10.6972236+03:00" testType="13cdc9d9-ddb5-4fa4-a97d-d965ccfc6d4b" outcome="Passed" testListId="8c84fa94-04c1-424b-9868-57a2d4851a1d" relativeResultsDirectory="f347ec51-d1bb-4587-a652-97d97c12520e" />
    <UnitTestResult executionId="16292c4b-26dd-4e35-a011-552fda0ce024" testId="1508575a-7667-d96f-0880-e0b53c3e37ea" testName="NovaCart.Tests.ArchitectureTests.PaymentArchitectureTests.Infrastructure_Should_NotDependOn_Api" computerName="MSI-DT" duration="00:00:00.0142360" startTime="2026-09-20T11:51:10.6889604+03:00" endTime="2026-09-20T11:51:10.6968167+03:00" testType="13cdc9d9-ddb5-4fa4-a97d-d965ccfc6d4b" outcome="Passed" testListId="8c84fa94-04c1-424b-9868-57a2d4851a1d" relativeResultsDirectory="16292c4b-26dd-4e35-a011-552fda0ce024" />
    <UnitTestResult executionId="6cf279fb-868d-4ae1-bdc5-a7077b490755" testId="ae971996-a39d-7d8d-b812-56a566328d69" testName="NovaCart.Tests.ArchitectureTests.BasketArchitectureTests.Domain_Should_NotDependOn_Api" computerName="MSI-DT" duration="00:00:00.0023072" startTime="2026-09-20T11:51:10.6889738+03:00" endTime="2026-09-20T11:51:10.6890259+03:00" testType="13cdc9d9-ddb5-4fa4-a97d-d965ccfc6d4b" outcome="Passed" testListId="8c84fa94-04c1-424b-9868-57a2d4851a1d" relativeResultsDirectory="6cf279fb-868d-4ae1-bdc5-a7077b490755" />
    <UnitTestResult executionId="bb83aa1b-3db7-4b0e-86a3-bd99c255988e" testId="4fb5dd8b-166b-ebd4-0284-4a31baabfac1" testName="NovaCart.Tests.ArchitectureTests.CatalogArchitectureTests.Application_Should_NotDependOn_Api" computerName="MSI-DT" duration="00:00:00.0810767" startTime="2026-09-20T11:51:10.6143314+03:00" endTime="2026-09-20T11:51:10.6893773+03:00" testType="13cdc9d9-ddb5-4fa4-a97d-d965ccfc6d4b" outcome="Passed" testListId="8c84fa94-04c1-424b-9868-57a2d4851a1d" relativeResultsDirectory="bb83aa1b-3db7-4b0e-86a3-bd99c255988e" />
    <UnitTestResult executionId="2aebb89b-679a-4c79-8f7f-c744f162e861" testId="d28d3ada-b74e-0160-1610-7f440669b4c8" testName="NovaCart.Tests.ArchitectureTests.OrderingArchitectureTests.Domain_Should_NotDependOn_Infrastructure" computerName="MSI-DT" duration="00:00:00.0017650" startTime="2026-09-20T11:51:10.7016343+03:00" endTime="2026-09-20T11:51:10.7033586+03:00" testType="13cdc9d9-ddb5-4fa4-a97d-d965ccfc6d4b" outcome="Passed" testListId="8c84fa94-04c1-424b-9868-57a2d4851a1d" relativeResultsDirectory="2aebb89b-679a-4c79-8f7f-c744f162e861" />
    <UnitTestResult executionId="2e7b1d35-f687-41b2-868f-5b633aed7a67" testId="6ca4adb0-d7fb-09aa-ae3e-b3d09a0e8a50" testName="NovaCart.Tests.ArchitectureTests.PaymentArchitectureTests.Application_Should_NotDependOn_Api" computerName="MSI-DT" duration="00:00:00.0291311" startTime="2026-09-20T11:51:10.6973212+03:00" endTime="2026-09-20T11:51:10.7181948+03:00" testType="13cdc9d9-ddb5-4fa4-a97d-d965ccfc6d4b" outcome="Passed" testListId="8c84fa94-04c1-424b-9868-57a2d4851a1d" relativeResultsDirectory="2e7b1d35-f687-41b2-868f-5b633aed7a67" />
    <UnitTestResult executionId="1c6ac4e2-1b86-4ba4-b570-6a011a47e445" testId="a3c02fab-709d-ce82-540d-1635dafbbb23" testName="NovaCart.Tests.ArchitectureTests.OrderingArchitectureTests.Application_Should_NotDependOn_Api" computerName="MSI-DT" duration="00:00:00.0118419" startTime="2026-09-20T11:51:10.7128690+03:00" endTime="2026-09-20T11:51:10.7174897+03:00" testType="13cdc9d9-ddb5-4fa4-a97d-d965ccfc6d4b" outcome="Passed" testListId="8c84fa94-04c1-424b-9868-57a2d4851a1d" relativeResultsDirectory="1c6ac4e2-1b86-4ba4-b570-6a011a47e445" />
    <UnitTestResult executionId="7da3593f-b207-4337-aed3-845a6ac458e1" testId="af996a6c-0f1d-31ea-39ee-129450e180fc" testName="NovaCart.Tests.ArchitectureTests.CatalogArchitectureTests.Infrastructure_Should_NotDependOn_Api" computerName="MSI-DT" duration="00:00:00.0193573" startTime="2026-09-20T11:51:10.7008625+03:00" endTime="2026-09-20T11:51:10.7200922+03:00" testType="13cdc9d9-ddb5-4fa4-a97d-d965ccfc6d4b" outcome="Passed" testListId="8c84fa94-04c1-424b-9868-57a2d4851a1d" relativeResultsDirectory="7da3593f-b207-4337-aed3-845a6ac458e1" />
    <UnitTestResult executionId="939d0a94-424b-4702-a629-05bd2e0456b1" testId="4a497066-d68e-b196-b227-0d8c4d20f139" testName="NovaCart.Tests.ArchitectureTests.BasketArchitectureTests.Application_Should_NotDependOn_Api" computerName="MSI-DT" duration="00:00:00.0136121" startTime="2026-09-20T11:51:10.6988950+03:00" endTime="2026-09-20T11:51:10.7043627+03:00" testType="13cdc9d9-ddb5-4fa4-a97d-d965ccfc6d4b" outcome="Passed" testListId="8c84fa94-04c1-424b-9868-57a2d4851a1d" relativeResultsDirectory="939d0a94-424b-4702-a629-05bd2e0456b1" />
    <UnitTestResult executionId="b9986e3f-1524-4043-88ff-1f7cadd2afc1" testId="5b1d4955-498f-753f-14ae-a3c646eb544a" testName="NovaCart.Tests.ArchitectureTests.PaymentArchitectureTests.Domain_Should_NotDependOn_Api" computerName="MSI-DT" duration="00:00:00.0732255" startTime="2026-09-20T11:51:10.6143147+03:00" endTime="2026-09-20T11:51:10.6757476+03:00" testType="13cdc9d9-ddb5-4fa4-a97d-d965ccfc6d4b" outcome="Passed" testListId="8c84fa94-04c1-424b-9868-57a2d4851a1d" relativeResultsDirectory="b9986e3f-1524-4043-88ff-1f7cadd2afc1" />
    <UnitTestResult executionId="f49d6eb1-faeb-4ceb-b439-1b46f035563b" testId="16c340ba-2664-636a-f701-93f081694bd0" testName="NovaCart.Tests.ArchitectureTests.PaymentArchitectureTests.Application_Should_NotDependOn_Infrastructure" computerName="MSI-DT" duration="00:00:00.0010364" startTime="2026-09-20T11:51:10.7182990+03:00" endTime="2026-09-20T11:51:10.7192932+03:00" testType="13cdc9d9-ddb5-4fa4-a97d-d965ccfc6d4b" outcome="Passed" testListId="8c84fa94-04c1-424b-9868-57a2d4851a1d" relativeResultsDirectory="f49d6eb1-faeb-4ceb-b439-1b46f035563b" />
    <UnitTestResult executionId="1fc9e040-5235-4ba3-8631-131f8dbaaf4c" testId="2a87b21c-bb5f-8538-71d7-25a385fde934" testName="NovaCart.Tests.ArchitectureTests.CatalogArchitectureTests.Domain_Should_NotDependOn_Api" computerName="MSI-DT" duration="00:00:00.0012251" startTime="2026-09-20T11:51:10.6990363+03:00" endTime="2026-09-20T11:51:10.6990689+03:00" testType="13cdc9d9-ddb5-4fa4-a97d-d965ccfc6d4b" outcome="Passed" testListId="8c84fa94-04c1-424b-9868-57a2d4851a1d" relativeResultsDirectory="1fc9e040-5235-4ba3-8631-131f8dbaaf4c" />
    <UnitTestResult executionId="ca873580-31a7-4de0-a02a-60d8f293eeef" testId="dbf9c721-ace1-e3e0-100c-d59c64a4c388" testName="NovaCart.Tests.ArchitectureTests.CatalogArchitectureTests.Domain_Should_NotDependOn_Infrastructure" computerName="MSI-DT" duration="00:00:00.0109097" startTime="2026-09-20T11:51:10.6967681+03:00" endTime="2026-09-20T11:51:10.6971867+03:00" testType="13cdc9d9-ddb5-4fa4-a97d-d965ccfc6d4b" outcome="Passed" testListId="8c84fa94-04c1-424b-9868-57a2d4851a1d" relativeResultsDirectory="ca873580-31a7-4de0-a02a-60d8f293eeef" />
    <UnitTestResult executionId="596ff52f-54d1-499f-a335-14455e9eb376" testId="aeca759a-9a9b-5617-5d21-22044112ab61" testName="NovaCart.Tests.ArchitectureTests.BasketArchitectureTests.Domain_Should_NotDependOn_Infrastructure" computerName="MSI-DT" duration="00:00:00.0010005" startTime="2026-09-20T11:51:10.6891212+03:00" endTime="2026-09-20T11:51:10.6891472+03:00" testType="13cdc9d9-ddb5-4fa4-a97d-d965ccfc6d4b" outcome="Passed" testListId="8c84fa94-04c1-424b-9868-57a2d4851a1d" relativeResultsDirectory="596ff52f-54d1-499f-a335-14455e9eb376" />
    <UnitTestResult executionId="f755638a-1673-4185-a8d5-776ee24ae353" testId="253ffc5b-844d-cb76-fa28-7a500d0d10c1" testName="NovaCart.Tests.ArchitectureTests.OrderingArchitectureTests.Infrastructure_Should_NotDependOn_Api" computerName="MSI-DT" duration="00:00:00.0799127" startTime="2026-09-20T11:51:10.6129674+03:00" endTime="2026-09-20T11:51:10.6892622+03:00" testType="13cdc9d9-ddb5-4fa4-a97d-d965ccfc6d4b" outcome="Passed" testListId="8c84fa94-04c1-424b-9868-57a2d4851a1d" relativeResultsDirectory="f755638a-1673-4185-a8d5-776ee24ae353" />
    <UnitTestResult executionId="2aa7f3c5-5cf7-45bc-9a0e-4f518460c2db" testId="b40715b2-2eec-3430-6690-36f0f7123335" testName="NovaCart.Tests.ArchitectureTests.CatalogArchitectureTests.Domain_Should_NotDependOn_Application" computerName="MSI-DT" duration="00:00:00.0017066" startTime="2026-09-20T11:51:10.6973098+03:00" endTime="2026-09-20T11:51:10.6989396+03:00" testType="13cdc9d9-ddb5-4fa4-a97d-d965ccfc6d4b" outcome="Passed" testListId="8c84fa94-04c1-424b-9868-57a2d4851a1d" relativeResultsDirectory="2aa7f3c5-5cf7-45bc-9a0e-4f518460c2db" />
    <UnitTestResult executionId="45d08629-3ae7-422f-b54a-cfaca9573ec9" testId="eb06f477-58da-2475-5810-c0d66b368319" testName="NovaCart.Tests.ArchitectureTests.BasketArchitectureTests.Domain_Should_NotDependOn_Application" computerName="MSI-DT" duration="00:00:00.0732590" startTime="2026-09-20T11:51:10.6142778+03:00" endTime="2026-09-20T11:51:10.6725017+03:00" testType="13cdc9d9-ddb5-4fa4-a97d-d965ccfc6d4b" outcome="Passed" testListId="8c84fa94-04c1-424b-9868-57a2d4851a1d" relativeResultsDirectory="45d08629-3ae7-422f-b54a-cfaca9573ec9" />
    <UnitTestResult executionId="c4aab93d-cab7-4278-b6c8-3bb8d1edb8e4" testId="7ad13c6e-b394-7158-ed12-acad970fcf0e" testName="NovaCart.Tests.ArchitectureTests.OrderingArchitectureTests.Domain_Should_NotDependOn_Api" computerName="MSI-DT" duration="00:00:00.0122890" startTime="2026-09-20T11:51:10.6893500+03:00" endTime="2026-09-20T11:51:10.6973635+03:00" testType="13cdc9d9-ddb5-4fa4-a97d-d965ccfc6d4b" outcome="Passed" testListId="8c84fa94-04c1-424b-9868-57a2d4851a1d" relativeResultsDirectory="c4aab93d-cab7-4278-b6c8-3bb8d1edb8e4" />
  </Results>
  <TestDefinitions>
    <UnitTest name="NovaCart.Tests.ArchitectureTests.OrderingArchitectureTests.Domain_Should_NotDependOn_Api" storage="d:\repos\novacart\tests\architecturetests\bin\debug\net10.0\novacart.tests.architecturetests.dll" id="7ad13c6e-b394-7158-ed12-acad970fcf0e">
      <Execution id="c4aab93d-cab7-4278-b6c8-3bb8d1edb8e4" />
      <TestMethod codeBase="D:\Repos\NovaCart\tests\ArchitectureTests\bin\Debug\net10.0\NovaCart.Tests.ArchitectureTests.dll" adapterTypeName="executor://xunit/VsTestRunner3/netcore/" className="NovaCart.Tests.ArchitectureTests.OrderingArchitectureTests" name="Domain_Should_NotDependOn_Api" />
    </UnitTest>
    <UnitTest name="NovaCart.Tests.ArchitectureTests.CatalogArchitectureTests.Infrastructure_Should_NotDependOn_Api" storage="d:\repos\novacart\tests\architecturetests\bin\debug\net10.0\novacart.tests.architecturetests.dll" id="af996a6c-0f1d-31ea-39ee-129450e180fc">
      <Execution id="7da3593f-b207-4337-aed3-845a6ac458e1" />
      <TestMethod codeBase="D:\Repos\NovaCart\tests\ArchitectureTests\bin\Debug\net10.0\NovaCart.Tests.ArchitectureTests.dll" adapterTypeName="executor://xunit/VsTestRunner3/netcore/" className="NovaCart.Tests.ArchitectureTests.CatalogArchitectureTests" name="Infrastructure_Should_NotDependOn_Api" />
    </UnitTest>
    <UnitTest name="NovaCart.Tests.ArchitectureTests.BasketArchitectureTests.Domain_Should_NotDependOn_Api" storage="d:\repos\novacart\tests\architecturetests\bin\debug\net10.0\novacart.tests.architecturetests.dll" id="ae971996-a39d-7d8d-b812-56a566328d69">
      <Execution id="6cf279fb-868d-4ae1-bdc5-a7077b490755" />
      <TestMethod codeBase="D:\Repos\NovaCart\tests\ArchitectureTests\bin\Debug\net10.0\NovaCart.Tests.ArchitectureTests.dll" adapterTypeName="executor://xunit/VsTestRunner3/netcore/" className="NovaCart.Tests.ArchitectureTests.BasketArchitectureTests" name="Domain_Should_NotDependOn_Api" />
    </UnitTest>
    <UnitTest name="NovaCart.Tests.ArchitectureTests.BasketArchitectureTests.Application_Should_NotDependOn_Infrastructure" storage="d:\repos\novacart\tests\architecturetests\bin\debug\net10.0\novacart.tests.architecturetests.dll" id="0bf2f3a5-d5a0-5ef2-0a28-c65e1db95f98">
      <Execution id="c7e947ac-cb45-4b43-8c7c-690b6981ad6f" />
      <TestMethod codeBase="D:\Repos\NovaCart\tests\ArchitectureTests\bin\Debug\net10.0\NovaCart.Tests.ArchitectureTests.dll" adapterTypeName="executor://xunit/VsTestRunner3/netcore/" className="NovaCart.Tests.ArchitectureTests.BasketArchitectureTests" name="Application_Should_NotDependOn_Infrastructure" />
    </UnitTest>
    <UnitTest name="NovaCart.Tests.ArchitectureTests.OrderingArchitectureTests.Domain_Should_NotDependOn_Infrastructure" storage="d:\repos\novacart\tests\architecturetests\bin\debug\net10.0\novacart.tests.architecturetests.dll" id="d28d3ada-b74e-0160-1610-7f440669b4c8">
      <Execution id="2aebb89b-679a-4c79-8f7f-c744f162e861" />
      <TestMethod codeBase="D:\Repos\NovaCart\tests\ArchitectureTests\bin\Debug\net10.0\NovaCart.Tests.ArchitectureTests.dll" adapterTypeName="executor://xunit/VsTestRunner3/netcore/" className="NovaCart.Tests.ArchitectureTests.OrderingArchitectureTests" name="Domain_Should_NotDependOn_Infrastructure" />
    </UnitTest>
    <UnitTest name="NovaCart.Tests.ArchitectureTests.CatalogArchitectureTests.Domain_Should_NotDependOn_Infrastructure" storage="d:\repos\novacart\tests\architecturetests\bin\debug\net10.0\novacart.tests.architecturetests.dll" id="dbf9c721-ace1-e3e0-100c-d59c64a4c388">
      <Execution id="ca873580-31a7-4de0-a02a-60d8f293eeef" />
      <TestMethod codeBase="D:\Repos\NovaCart\tests\ArchitectureTests\bin\Debug\net10.0\NovaCart.Tests.ArchitectureTests.dll" adapterTypeName="executor://xunit/VsTestRunner3/netcore/" className="NovaCart.Tests.ArchitectureTests.CatalogArchitectureTests" name="Domain_Should_NotDependOn_Infrastructure" />
    </UnitTest>
    <UnitTest name="NovaCart.Tests.ArchitectureTests.BasketArchitectureTests.Infrastructure_Should_NotDependOn_Api" storage="d:\repos\novacart\tests\architecturetests\bin\debug\net10.0\novacart.tests.architecturetests.dll" id="776eaeb3-5a6f-4d4f-d025-4236e59da2d4">
      <Execution id="edae8644-ba72-45f9-8781-e84ca35412fb" />
      <TestMethod codeBase="D:\Repos\NovaCart\tests\ArchitectureTests\bin\Debug\net10.0\NovaCart.Tests.ArchitectureTests.dll" adapterTypeName="executor://xunit/VsTestRunner3/netcore/" className="NovaCart.Tests.ArchitectureTests.BasketArchitectureTests" name="Infrastructure_Should_NotDependOn_Api" />
    </UnitTest>
    <UnitTest name="NovaCart.Tests.ArchitectureTests.OrderingArchitectureTests.Infrastructure_Should_NotDependOn_Api" storage="d:\repos\novacart\tests\architecturetests\bin\debug\net10.0\novacart.tests.architecturetests.dll" id="253ffc5b-844d-cb76-fa28-7a500d0d10c1">
      <Execution id="f755638a-1673-4185-a8d5-776ee24ae353" />
      <TestMethod codeBase="D:\Repos\NovaCart\tests\ArchitectureTests\bin\Debug\net10.0\NovaCart.Tests.ArchitectureTests.dll" adapterTypeName="executor://xunit/VsTestRunner3/netcore/" className="NovaCart.Tests.ArchitectureTests.OrderingArchitectureTests" name="Infrastructure_Should_NotDependOn_Api" />
    </UnitTest>
    <UnitTest name="NovaCart.Tests.ArchitectureTests.PaymentArchitectureTests.Infrastructure_Should_NotDependOn_Api" storage="d:\repos\novacart\tests\architecturetests\bin\debug\net10.0\novacart.tests.architecturetests.dll" id="1508575a-7667-d96f-0880-e0b53c3e37ea">
      <Execution id="16292c4b-26dd-4e35-a011-552fda0ce024" />
      <TestMethod codeBase="D:\Repos\NovaCart\tests\ArchitectureTests\bin\Debug\net10.0\NovaCart.Tests.ArchitectureTests.dll" adapterTypeName="executor://xunit/VsTestRunner3/netcore/" className="NovaCart.Tests.ArchitectureTests.PaymentArchitectureTests" name="Infrastructure_Should_NotDependOn_Api" />
    </UnitTest>
    <UnitTest name="NovaCart.Tests.ArchitectureTests.PaymentArchitectureTests.Application_Should_NotDependOn_Api" storage="d:\repos\novacart\tests\architecturetests\bin\debug\net10.0\novacart.tests.architecturetests.dll" id="6ca4adb0-d7fb-09aa-ae3e-b3d09a0e8a50">
      <Execution id="2e7b1d35-f687-41b2-868f-5b633aed7a67" />
      <TestMethod codeBase="D:\Repos\NovaCart\tests\ArchitectureTests\bin\Debug\net10.0\NovaCart.Tests.ArchitectureTests.dll" adapterTypeName="executor://xunit/VsTestRunner3/netcore/" className="NovaCart.Tests.ArchitectureTests.PaymentArchitectureTests" name="Application_Should_NotDependOn_Api" />
    </UnitTest>
    <UnitTest name="NovaCart.Tests.ArchitectureTests.BasketArchitectureTests.Domain_Should_NotDependOn_Infrastructure" storage="d:\repos\novacart\tests\architecturetests\bin\debug\net10.0\novacart.tests.architecturetests.dll" id="aeca759a-9a9b-5617-5d21-22044112ab61">
      <Execution id="596ff52f-54d1-499f-a335-14455e9eb376" />
      <TestMethod codeBase="D:\Repos\NovaCart\tests\ArchitectureTests\bin\Debug\net10.0\NovaCart.Tests.ArchitectureTests.dll" adapterTypeName="executor://xunit/VsTestRunner3/netcore/" className="NovaCart.Tests.ArchitectureTests.BasketArchitectureTests" name="Domain_Should_NotDependOn_Infrastructure" />
    </UnitTest>
    <UnitTest name="NovaCart.Tests.ArchitectureTests.BasketArchitectureTests.Application_Should_NotDependOn_Api" storage="d:\repos\novacart\tests\architecturetests\bin\debug\net10.0\novacart.tests.architecturetests.dll" id="4a497066-d68e-b196-b227-0d8c4d20f139">
      <Execution id="939d0a94-424b-4702-a629-05bd2e0456b1" />
      <TestMethod codeBase="D:\Repos\NovaCart\tests\ArchitectureTests\bin\Debug\net10.0\NovaCart.Tests.ArchitectureTests.dll" adapterTypeName="executor://xunit/VsTestRunner3/netcore/" className="NovaCart.Tests.ArchitectureTests.BasketArchitectureTests" name="Application_Should_NotDependOn_Api" />
    </UnitTest>
    <UnitTest name="NovaCart.Tests.ArchitectureTests.OrderingArchitectureTests.Domain_Should_NotDependOn_Application" storage="d:\repos\novacart\tests\architecturetests\bin\debug\net10.0\novacart.tests.architecturetests.dll" id="eb23aaee-0874-8afc-253d-0733dc5a4729">
      <Execution id="0a7f24de-0fea-4e5a-bb6e-57b5fe8a2ed0" />
      <TestMethod codeBase="D:\Repos\NovaCart\tests\ArchitectureTests\bin\Debug\net10.0\NovaCart.Tests.ArchitectureTests.dll" adapterTypeName="executor://xunit/VsTestRunner3/netcore/" className="NovaCart.Tests.ArchitectureTests.OrderingArchitectureTests" name="Domain_Should_NotDependOn_Application" />
    </UnitTest>
    <UnitTest name="NovaCart.Tests.ArchitectureTests.PaymentArchitectureTests.Domain_Should_NotDependOn_Application" storage="d:\repos\novacart\tests\architecturetests\bin\debug\net10.0\novacart.tests.architecturetests.dll" id="110466e6-ff48-fabc-8177-b7d753b4b01e">
      <Execution id="2e44f2a0-48c6-4221-90b1-36e6e09249e9" />
      <TestMethod codeBase="D:\Repos\NovaCart\tests\ArchitectureTests\bin\Debug\net10.0\NovaCart.Tests.ArchitectureTests.dll" adapterTypeName="executor://xunit/VsTestRunner3/netcore/" className="NovaCart.Tests.ArchitectureTests.PaymentArchitectureTests" name="Domain_Should_NotDependOn_Application" />
    </UnitTest>
    <UnitTest name="NovaCart.Tests.ArchitectureTests.PaymentArchitectureTests.Domain_Should_NotDependOn_Infrastructure" storage="d:\repos\novacart\tests\architecturetests\bin\debug\net10.0\novacart.tests.architecturetests.dll" id="ea29a29c-0a92-c06c-5881-c6bc4cbcf7ce">
      <Execution id="f347ec51-d1bb-4587-a652-97d97c12520e" />
      <TestMethod codeBase="D:\Repos\NovaCart\tests\ArchitectureTests\bin\Debug\net10.0\NovaCart.Tests.ArchitectureTests.dll" adapterTypeName="executor://xunit/VsTestRunner3/netcore/" className="NovaCart.Tests.ArchitectureTests.PaymentArchitectureTests" name="Domain_Should_NotDependOn_Infrastructure" />
    </UnitTest>
    <UnitTest name="NovaCart.Tests.ArchitectureTests.CatalogArchitectureTests.Domain_Should_NotDependOn_Application" storage="d:\repos\novacart\tests\architecturetests\bin\debug\net10.0\novacart.tests.architecturetests.dll" id="b40715b2-2eec-3430-6690-36f0f7123335">
      <Execution id="2aa7f3c5-5cf7-45bc-9a0e-4f518460c2db" />
      <TestMethod codeBase="D:\Repos\NovaCart\tests\ArchitectureTests\bin\Debug\net10.0\NovaCart.Tests.ArchitectureTests.dll" adapterTypeName="executor://xunit/VsTestRunner3/netcore/" className="NovaCart.Tests.ArchitectureTests.CatalogArchitectureTests" name="Domain_Should_NotDependOn_Application" />
    </UnitTest>
    <UnitTest name="NovaCart.Tests.ArchitectureTests.OrderingArchitectureTests.Application_Should_NotDependOn_Infrastructure" storage="d:\repos\novacart\tests\architecturetests\bin\debug\net10.0\novacart.tests.architecturetests.dll" id="2ef29618-f276-d509-9165-74b6ce77cada">
      <Execution id="aa829845-d47a-455e-bedc-a0b2204683c6" />
      <TestMethod codeBase="D:\Repos\NovaCart\tests\ArchitectureTests\bin\Debug\net10.0\NovaCart.Tests.ArchitectureTests.dll" adapterTypeName="executor://xunit/VsTestRunner3/netcore/" className="NovaCart.Tests.ArchitectureTests.OrderingArchitectureTests" name="Application_Should_NotDependOn_Infrastructure" />
    </UnitTest>
    <UnitTest name="NovaCart.Tests.ArchitectureTests.CatalogArchitectureTests.Domain_Should_NotDependOn_Api" storage="d:\repos\novacart\tests\architecturetests\bin\debug\net10.0\novacart.tests.architecturetests.dll" id="2a87b21c-bb5f-8538-71d7-25a385fde934">
      <Execution id="1fc9e040-5235-4ba3-8631-131f8dbaaf4c" />
      <TestMethod codeBase="D:\Repos\NovaCart\tests\ArchitectureTests\bin\Debug\net10.0\NovaCart.Tests.ArchitectureTests.dll" adapterTypeName="executor://xunit/VsTestRunner3/netcore/" className="NovaCart.Tests.ArchitectureTests.CatalogArchitectureTests" name="Domain_Should_NotDependOn_Api" />
    </UnitTest>
    <UnitTest name="NovaCart.Tests.ArchitectureTests.PaymentArchitectureTests.Application_Should_NotDependOn_Infrastructure" storage="d:\repos\novacart\tests\architecturetests\bin\debug\net10.0\novacart.tests.architecturetests.dll" id="16c340ba-2664-636a-f701-93f081694bd0">
      <Execution id="f49d6eb1-faeb-4ceb-b439-1b46f035563b" />
      <TestMethod codeBase="D:\Repos\NovaCart\tests\ArchitectureTests\bin\Debug\net10.0\NovaCart.Tests.ArchitectureTests.dll" adapterTypeName="executor://xunit/VsTestRunner3/netcore/" className="NovaCart.Tests.ArchitectureTests.PaymentArchitectureTests" name="Application_Should_NotDependOn_Infrastructure" />
    </UnitTest>
    <UnitTest name="NovaCart.Tests.ArchitectureTests.OrderingArchitectureTests.Application_Should_NotDependOn_Api" storage="d:\repos\novacart\tests\architecturetests\bin\debug\net10.0\novacart.tests.architecturetests.dll" id="a3c02fab-709d-ce82-540d-1635dafbbb23">
      <Execution id="1c6ac4e2-1b86-4ba4-b570-6a011a47e445" />
      <TestMethod codeBase="D:\Repos\NovaCart\tests\ArchitectureTests\bin\Debug\net10.0\NovaCart.Tests.ArchitectureTests.dll" adapterTypeName="executor://xunit/VsTestRunner3/netcore/" className="NovaCart.Tests.ArchitectureTests.OrderingArchitectureTests" name="Application_Should_NotDependOn_Api" />
    </UnitTest>
    <UnitTest name="NovaCart.Tests.ArchitectureTests.CatalogArchitectureTests.Application_Should_NotDependOn_Api" storage="d:\repos\novacart\tests\architecturetests\bin\debug\net10.0\novacart.tests.architecturetests.dll" id="4fb5dd8b-166b-ebd4-0284-4a31baabfac1">
      <Execution id="bb83aa1b-3db7-4b0e-86a3-bd99c255988e" />
      <TestMethod codeBase="D:\Repos\NovaCart\tests\ArchitectureTests\bin\Debug\net10.0\NovaCart.Tests.ArchitectureTests.dll" adapterTypeName="executor://xunit/VsTestRunner3/netcore/" className="NovaCart.Tests.ArchitectureTests.CatalogArchitectureTests" name="Application_Should_NotDependOn_Api" />
    </UnitTest>
    <UnitTest name="NovaCart.Tests.ArchitectureTests.CatalogArchitectureTests.Application_Should_NotDependOn_Infrastructure" storage="d:\repos\novacart\tests\architecturetests\bin\debug\net10.0\novacart.tests.architecturetests.dll" id="8e1549b9-3f60-74a1-fb01-da53fd96ae37">
      <Execution id="c279cdb7-b83b-489e-8998-b6ec47b7111f" />
      <TestMethod codeBase="D:\Repos\NovaCart\tests\ArchitectureTests\bin\Debug\net10.0\NovaCart.Tests.ArchitectureTests.dll" adapterTypeName="executor://xunit/VsTestRunner3/netcore/" className="NovaCart.Tests.ArchitectureTests.CatalogArchitectureTests" name="Application_Should_NotDependOn_Infrastructure" />
    </UnitTest>
    <UnitTest name="NovaCart.Tests.ArchitectureTests.PaymentArchitectureTests.Domain_Should_NotDependOn_Api" storage="d:\repos\novacart\tests\architecturetests\bin\debug\net10.0\novacart.tests.architecturetests.dll" id="5b1d4955-498f-753f-14ae-a3c646eb544a">
      <Execution id="b9986e3f-1524-4043-88ff-1f7cadd2afc1" />
      <TestMethod codeBase="D:\Repos\NovaCart\tests\ArchitectureTests\bin\Debug\net10.0\NovaCart.Tests.ArchitectureTests.dll" adapterTypeName="executor://xunit/VsTestRunner3/netcore/" className="NovaCart.Tests.ArchitectureTests.PaymentArchitectureTests" name="Domain_Should_NotDependOn_Api" />
    </UnitTest>
    <UnitTest name="NovaCart.Tests.ArchitectureTests.BasketArchitectureTests.Domain_Should_NotDependOn_Application" storage="d:\repos\novacart\tests\architecturetests\bin\debug\net10.0\novacart.tests.architecturetests.dll" id="eb06f477-58da-2475-5810-c0d66b368319">
      <Execution id="45d08629-3ae7-422f-b54a-cfaca9573ec9" />
      <TestMethod codeBase="D:\Repos\NovaCart\tests\ArchitectureTests\bin\Debug\net10.0\NovaCart.Tests.ArchitectureTests.dll" adapterTypeName="executor://xunit/VsTestRunner3/netcore/" className="NovaCart.Tests.ArchitectureTests.BasketArchitectureTests" name="Domain_Should_NotDependOn_Application" />
    </UnitTest>
  </TestDefinitions>
  <TestEntries>
    <TestEntry testId="776eaeb3-5a6f-4d4f-d025-4236e59da2d4" executionId="edae8644-ba72-45f9-8781-e84ca35412fb" testListId="8c84fa94-04c1-424b-9868-57a2d4851a1d" />
    <TestEntry testId="2ef29618-f276-d509-9165-74b6ce77cada" executionId="aa829845-d47a-455e-bedc-a0b2204683c6" testListId="8c84fa94-04c1-424b-9868-57a2d4851a1d" />
    <TestEntry testId="8e1549b9-3f60-74a1-fb01-da53fd96ae37" executionId="c279cdb7-b83b-489e-8998-b6ec47b7111f" testListId="8c84fa94-04c1-424b-9868-57a2d4851a1d" />
    <TestEntry testId="110466e6-ff48-fabc-8177-b7d753b4b01e" executionId="2e44f2a0-48c6-4221-90b1-36e6e09249e9" testListId="8c84fa94-04c1-424b-9868-57a2d4851a1d" />
    <TestEntry testId="0bf2f3a5-d5a0-5ef2-0a28-c65e1db95f98" executionId="c7e947ac-cb45-4b43-8c7c-690b6981ad6f" testListId="8c84fa94-04c1-424b-9868-57a2d4851a1d" />
    <TestEntry testId="eb23aaee-0874-8afc-253d-0733dc5a4729" executionId="0a7f24de-0fea-4e5a-bb6e-57b5fe8a2ed0" testListId="8c84fa94-04c1-424b-9868-57a2d4851a1d" />
    <TestEntry testId="ea29a29c-0a92-c06c-5881-c6bc4cbcf7ce" executionId="f347ec51-d1bb-4587-a652-97d97c12520e" testListId="8c84fa94-04c1-424b-9868-57a2d4851a1d" />
    <TestEntry testId="1508575a-7667-d96f-0880-e0b53c3e37ea" executionId="16292c4b-26dd-4e35-a011-552fda0ce024" testListId="8c84fa94-04c1-424b-9868-57a2d4851a1d" />
    <TestEntry testId="ae971996-a39d-7d8d-b812-56a566328d69" executionId="6cf279fb-868d-4ae1-bdc5-a7077b490755" testListId="8c84fa94-04c1-424b-9868-57a2d4851a1d" />
    <TestEntry testId="4fb5dd8b-166b-ebd4-0284-4a31baabfac1" executionId="bb83aa1b-3db7-4b0e-86a3-bd99c255988e" testListId="8c84fa94-04c1-424b-9868-57a2d4851a1d" />
    <TestEntry testId="d28d3ada-b74e-0160-1610-7f440669b4c8" executionId="2aebb89b-679a-4c79-8f7f-c744f162e861" testListId="8c84fa94-04c1-424b-9868-57a2d4851a1d" />
    <TestEntry testId="6ca4adb0-d7fb-09aa-ae3e-b3d09a0e8a50" executionId="2e7b1d35-f687-41b2-868f-5b633aed7a67" testListId="8c84fa94-04c1-424b-9868-57a2d4851a1d" />
    <TestEntry testId="a3c02fab-709d-ce82-540d-1635dafbbb23" executionId="1c6ac4e2-1b86-4ba4-b570-6a011a47e445" testListId="8c84fa94-04c1-424b-9868-57a2d4851a1d" />
    <TestEntry testId="af996a6c-0f1d-31ea-39ee-129450e180fc" executionId="7da3593f-b207-4337-aed3-845a6ac458e1" testListId="8c84fa94-04c1-424b-9868-57a2d4851a1d" />
    <TestEntry testId="4a497066-d68e-b196-b227-0d8c4d20f139" executionId="939d0a94-424b-4702-a629-05bd2e0456b1" testListId="8c84fa94-04c1-424b-9868-57a2d4851a1d" />
    <TestEntry testId="5b1d4955-498f-753f-14ae-a3c646eb544a" executionId="b9986e3f-1524-4043-88ff-1f7cadd2afc1" testListId="8c84fa94-04c1-424b-9868-57a2d4851a1d" />
    <TestEntry testId="16c340ba-2664-636a-f701-93f081694bd0" executionId="f49d6eb1-faeb-4ceb-b439-1b46f035563b" testListId="8c84fa94-04c1-424b-9868-57a2d4851a1d" />
    <TestEntry testId="2a87b21c-bb5f-8538-71d7-25a385fde934" executionId="1fc9e040-5235-4ba3-8631-131f8dbaaf4c" testListId="8c84fa94-04c1-424b-9868-57a2d4851a1d" />
    <TestEntry testId="dbf9c721-ace1-e3e0-100c-d59c64a4c388" executionId="ca873580-31a7-4de0-a02a-60d8f293eeef" testListId="8c84fa94-04c1-424b-9868-57a2d4851a1d" />
    <TestEntry testId="aeca759a-9a9b-5617-5d21-22044112ab61" executionId="596ff52f-54d1-499f-a335-14455e9eb376" testListId="8c84fa94-04c1-424b-9868-57a2d4851a1d" />
    <TestEntry testId="253ffc5b-844d-cb76-fa28-7a500d0d10c1" executionId="f755638a-1673-4185-a8d5-776ee24ae353" testListId="8c84fa94-04c1-424b-9868-57a2d4851a1d" />
    <TestEntry testId="b40715b2-2eec-3430-6690-36f0f7123335" executionId="2aa7f3c5-5cf7-45bc-9a0e-4f518460c2db" testListId="8c84fa94-04c1-424b-9868-57a2d4851a1d" />
    <TestEntry testId="eb06f477-58da-2475-5810-c0d66b368319" executionId="45d08629-3ae7-422f-b54a-cfaca9573ec9" testListId="8c84fa94-04c1-424b-9868-57a2d4851a1d" />
    <TestEntry testId="7ad13c6e-b394-7158-ed12-acad970fcf0e" executionId="c4aab93d-cab7-4278-b6c8-3bb8d1edb8e4" testListId="8c84fa94-04c1-424b-9868-57a2d4851a1d" />
  </TestEntries>
  <TestLists>
    <TestList name="Список результатов" id="8c84fa94-04c1-424b-9868-57a2d4851a1d" />
    <TestList name="Все загруженные результаты" id="19431567-8539-422a-85d7-44ee4e166bda" />
  </TestLists>
  <ResultSummary outcome="Completed">
    <Counters total="24" executed="24" passed="24" failed="0" error="0" timeout="0" aborted="0" inconclusive="0" passedButRunAborted="0" notRunnable="0" notExecuted="0" disconnected="0" warning="0" completed="0" inProgress="0" pending="0" />
    <Output>
      <StdOut>[xUnit.net 00:00:00.00] xUnit.net VSTest Adapter v3.1.4+50e68bbb8b (64-bit .NET 10.0.12)&#xD;
[xUnit.net 00:00:02.11]   Discovering: NovaCart.Tests.ArchitectureTests&#xD;
[xUnit.net 00:00:02.15]   Discovered:  NovaCart.Tests.ArchitectureTests&#xD;
[xUnit.net 00:00:02.17]   Starting:    NovaCart.Tests.ArchitectureTests&#xD;
[xUnit.net 00:00:02.32]   Finished:    NovaCart.Tests.ArchitectureTests&#xD;
</StdOut>
    </Output>
  </ResultSummary>
</TestRun>