<?xml version="1.0" encoding="utf-8"?>
<TestRun id="e23f1abd-75c6-4626-8370-8d1872d16a65" name="inedb@MSI-DT 2026-09-20 11:51:26" runUser="MSI-DT\inedb" xmlns="http://microsoft.com/schemas/VisualStudio/TeamTest/2010">
  <Times creation="2026-09-20T11:51:26.9359380+03:00" queuing="2026-09-20T11:51:26.9359383+03:00" start="2026-09-20T11:51:24.2374239+03:00" finish="2026-09-20T11:51:27.0400680+03:00" />
  <TestSettings name="default" id="a0ee9934-c45b-4605-8aac-ae4909d50482">
    <Deployment runDeploymentRoot="inedb_MSI-DT_2026-09-20_11_51_26" />
  </TestSettings>
  <Results>
    <UnitTestResult executionId="3611b4ad-dcff-4745-bf86-9962eb097c37" testId="c4710187-e915-8f4b-0122-3903433e7cd0" testName="NovaCart.Tests.Ordering.UnitTests.Domain.OrderTests.Confirm_Should_ThrowInvalidOperationException_When_NoItems" computerName="MSI-DT" duration="00:00:00.0006502" startTime="2026-09-20T11:51:26.9239179+03:00" endTime="2026-09-20T11:51:26.9243143+03:00" testType="13cdc9d9-ddb5-4fa4-a97d-d965ccfc6d4b" outcome="Passed" testListId="8c84fa94-04c1-424b-9868-57a2d4851a1d" relativeResultsDirectory="3611b4ad-dcff-4745-bf86-9962eb097c37" />
    <UnitTestResult executionId="3554a357-c765-469b-ab3f-749dd92a26be" testId="ea474695-657e-12c4-383a-a5fe292880a0" testName="NovaCart.Tests.Ordering.UnitTests.Application.BasketCheckoutIntegrationEventConsumerTests.Redelivery_DoesNotCreateAnotherOrder" computerName="MSI-DT" duration="00:00:00.0010127" startTime="2026-09-20T11:51:26.9852767+03:00" endTime="2026-09-20T11:51:26.9862675+03:00" testType="13cdc9d9-ddb5-4fa4-a97d-d965ccfc6d4b" outcome="Passed" testListId="8c84fa94-04c1-424b-9868-57a2d4851a1d" relativeResultsDirectory="3554a357-c765-469b-ab3f-749dd92a26be" />
    <UnitTestResult executionId="9e8fca56-090a-4197-b917-9d71a8542a25" testId="83982d4b-06e8-20a6-8661-6a3d8a6fc324" testName="NovaCart.Tests.Ordering.UnitTests.Application.CancelOrderHandlerTests.Handle_Should_ReturnNotFound_When_OrderDoesNotExist" computerName="MSI-DT" duration="00:00:00.0976575" startTime="2026-09-20T11:51:26.8929990+03:00" endTime="2026-09-20T11:51:26.9679459+03:00" testType="13cdc9d9-ddb5-4fa4-a97d-d965ccfc6d4b" outcome="Passed" testListId="8c84fa94-04c1-424b-9868-57a2d4851a1d" relativeResultsDirectory="9e8fca56-090a-4197-b917-9d71a8542a25" />
    <UnitTestResult executionId="8dc790de-58e2-4820-b19f-135574cffc90" testId="028e8942-8bd3-b2d8-cfbf-a8a043df1d3d" testName="NovaCart.Tests.Ordering.UnitTests.Domain.OrderTests.RemoveItem_Should_RemoveItem_When_ProductExists" computerName="MSI-DT" duration="00:00:00.0005293" startTime="2026-09-20T11:51:26.9285948+03:00" endTime="2026-09-20T11:51:26.9286380+03:00" testType="13cdc9d9-ddb5-4fa4-a97d-d965ccfc6d4b" outcome="Passed" testListId="8c84fa94-04c1-424b-9868-57a2d4851a1d" relativeResultsDirectory="8dc790de-58e2-4820-b19f-135574cffc90" />
    <UnitTestResult executionId="ba9443d3-5666-4c04-b615-5dfa00850480" testId="3c04136e-9ae3-9af6-09c0-0552fe2900aa" testName="NovaCart.Tests.Ordering.UnitTests.Domain.AddressTests.Create_Should_ThrowArgumentException_When_AnyFieldIsEmpty(street: &quot;Street&quot;, city: &quot;City&quot;, state: &quot;State&quot;, country: &quot;&quot;, zipCode: &quot;12345&quot;)" computerName="MSI-DT" duration="00:00:00.0300000" startTime="2026-09-20T11:51:26.8929853+03:00" endTime="2026-09-20T11:51:26.9055419+03:00" testType="13cdc9d9-ddb5-4fa4-a97d-d965ccfc6d4b" outcome="Passed" testListId="8c84fa94-04c1-424b-9868-57a2d4851a1d" relativeResultsDirectory="ba9443d3-5666-4c04-b615-5dfa00850480" />
    <UnitTestResult executionId="c8f4f5f1-ffe8-4451-a889-37133bfd5670" testId="d3aed74e-afde-3f4d-6b62-2b379fa19ea3" testName="NovaCart.Tests.Ordering.UnitTests.Domain.AddressTests.Create_Should_ThrowArgumentException_When_AnyFieldIsEmpty(street: &quot;Street&quot;, city: &quot;City&quot;, state: &quot;State&quot;, country: &quot;Country&quot;, zipCode: &quot;&quot;)" computerName="MSI-DT" duration="00:00:00.0001576" startTime="2026-09-20T11:51:26.9156774+03:00" endTime="2026-09-20T11:51:26.9157247+03:00" testType="13cdc9d9-ddb5-4fa4-a97d-d965ccfc6d4b" outcome="Passed" testListId="8c84fa94-04c1-424b-9868-57a2d4851a1d" relativeResultsDirectory="c8f4f5f1-ffe8-4451-a889-37133bfd5670" />
    <UnitTestResult executionId="1424028e-05b9-4d4b-acdb-e0660a11fac8" testId="bc48b55c-233a-0ea8-1cb0-d1ade139a63d" testName="NovaCart.Tests.Ordering.UnitTests.Application.CancelOrderHandlerTests.Handle_Should_ReturnNotFound_When_OrderBelongsToAnotherBuyer" computerName="MSI-DT" duration="00:00:00.0031326" startTime="2026-09-20T11:51:26.9681023+03:00" endTime="2026-09-20T11:51:26.9711370+03:00" testType="13cdc9d9-ddb5-4fa4-a97d-d965ccfc6d4b" outcome="Passed" testListId="8c84fa94-04c1-424b-9868-57a2d4851a1d" relativeResultsDirectory="1424028e-05b9-4d4b-acdb-e0660a11fac8" />
    <UnitTestResult executionId="089256c6-f073-4f65-bc5e-b071119fed01" testId="ea42e119-3a8e-4b9d-207d-5c88f7541449" testName="NovaCart.Tests.Ordering.UnitTests.Domain.AddressTests.Create_Should_ThrowArgumentException_When_AnyFieldIsEmpty(street: &quot;&quot;, city: &quot;City&quot;, state: &quot;State&quot;, country: &quot;Country&quot;, zipCode: &quot;12345&quot;)" computerName="MSI-DT" duration="00:00:00.0001151" startTime="2026-09-20T11:51:26.9158062+03:00" endTime="2026-09-20T11:51:26.9158377+03:00" testType="13cdc9d9-ddb5-4fa4-a97d-d965ccfc6d4b" outcome="Passed" testListId="8c84fa94-04c1-424b-9868-57a2d4851a1d" relativeResultsDirectory="089256c6-f073-4f65-bc5e-b071119fed01" />
    <UnitTestResult executionId="8df78a25-8787-4547-9fe1-96a16d28e045" testId="aec88f09-bcdf-9229-7094-80c3bbf715e5" testName="NovaCart.Tests.Ordering.UnitTests.Domain.OrderTests.Confirm_Should_SetStatusToConfirmed_When_OrderHasItems" computerName="MSI-DT" duration="00:00:00.0001587" startTime="2026-09-20T11:51:26.9291328+03:00" endTime="2026-09-20T11:51:26.9291604+03:00" testType="13cdc9d9-ddb5-4fa4-a97d-d965ccfc6d4b" outcome="Passed" testListId="8c84fa94-04c1-424b-9868-57a2d4851a1d" relativeResultsDirectory="8df78a25-8787-4547-9fe1-96a16d28e045" />
    <UnitTestResult executionId="b3e118ed-5d06-4a35-9ca9-0e920018593f" testId="5911c80b-59d2-a7e7-8cc9-d78a8f28e191" testName="NovaCart.Tests.Ordering.UnitTests.Domain.AddressTests.Equality_Should_BeFalse_When_DifferentValues" computerName="MSI-DT" duration="00:00:00.0016649" startTime="2026-09-20T11:51:26.9230858+03:00" endTime="2026-09-20T11:51:26.9231709+03:00" testType="13cdc9d9-ddb5-4fa4-a97d-d965ccfc6d4b" outcome="Passed" testListId="8c84fa94-04c1-424b-9868-57a2d4851a1d" relativeResultsDirectory="b3e118ed-5d06-4a35-9ca9-0e920018593f" />
    <UnitTestResult executionId="ec3f1709-8274-44e8-bdaa-8f886adcfc6c" testId="68732d3b-7d37-8053-fa92-9a4c89dd2dc7" testName="NovaCart.Tests.Ordering.UnitTests.Application.CancellationWorkflowTests.Cancellation_WaitsForPaymentConfirmation_AndIgnoresLateSuccess(paid: False)" computerName="MSI-DT" duration="00:00:00.0012055" startTime="2026-09-20T11:51:26.9849164+03:00" endTime="2026-09-20T11:51:26.9860480+03:00" testType="13cdc9d9-ddb5-4fa4-a97d-d965ccfc6d4b" outcome="Passed" testListId="8c84fa94-04c1-424b-9868-57a2d4851a1d" relativeResultsDirectory="ec3f1709-8274-44e8-bdaa-8f886adcfc6c" />
    <UnitTestResult executionId="753dec63-56ef-409a-8af1-2194764bf954" testId="aeb9d35c-c1bd-3f44-a99b-df73e0c9e5ca" testName="NovaCart.Tests.Ordering.UnitTests.Domain.OrderTests.Cancel_Should_SetStatusToCancelled_When_OrderIsCreated" computerName="MSI-DT" duration="00:00:00.0001908" startTime="2026-09-20T11:51:26.9299191+03:00" endTime="2026-09-20T11:51:26.9299697+03:00" testType="13cdc9d9-ddb5-4fa4-a97d-d965ccfc6d4b" outcome="Passed" testListId="8c84fa94-04c1-424b-9868-57a2d4851a1d" relativeResultsDirectory="753dec63-56ef-409a-8af1-2194764bf954" />
    <UnitTestResult executionId="409a9c75-2e59-4984-a980-ac07829541bd" testId="ef1b5670-3d4a-510b-0903-1855ad6e0093" testName="NovaCart.Tests.Ordering.UnitTests.Domain.OrderTests.Cancel_Should_ThrowInvalidOperationException_When_OrderIsAlreadyCancelled" computerName="MSI-DT" duration="00:00:00.0007261" startTime="2026-09-20T11:51:26.9292281+03:00" endTime="2026-09-20T11:51:26.9292537+03:00" testType="13cdc9d9-ddb5-4fa4-a97d-d965ccfc6d4b" outcome="Passed" testListId="8c84fa94-04c1-424b-9868-57a2d4851a1d" relativeResultsDirectory="409a9c75-2e59-4984-a980-ac07829541bd" />
    <UnitTestResult executionId="fce8d1f5-12f2-44aa-88f5-c54fc712b48f" testId="7c54b472-42cc-fc20-fcc0-237686e87248" testName="NovaCart.Tests.Ordering.UnitTests.Domain.OrderTests.Create_Should_ThrowArgumentException_When_EmptyBuyerId" computerName="MSI-DT" duration="00:00:00.0011029" startTime="2026-09-20T11:51:26.9244229+03:00" endTime="2026-09-20T11:51:26.9244699+03:00" testType="13cdc9d9-ddb5-4fa4-a97d-d965ccfc6d4b" outcome="Passed" testListId="8c84fa94-04c1-424b-9868-57a2d4851a1d" relativeResultsDirectory="fce8d1f5-12f2-44aa-88f5-c54fc712b48f" />
    <UnitTestResult executionId="0756e77d-2182-4faa-b354-a728f5152cfe" testId="8e10dffa-efce-eaa6-13bb-435376026f4c" testName="NovaCart.Tests.Ordering.UnitTests.Application.CreateOrderHandlerTests.Handle_Should_Fail_When_ProductNotInCatalog" computerName="MSI-DT" duration="00:00:00.1052371" startTime="2026-09-20T11:51:26.8915346+03:00" endTime="2026-09-20T11:51:26.9754712+03:00" testType="13cdc9d9-ddb5-4fa4-a97d-d965ccfc6d4b" outcome="Passed" testListId="8c84fa94-04c1-424b-9868-57a2d4851a1d" relativeResultsDirectory="0756e77d-2182-4faa-b354-a728f5152cfe" />
    <UnitTestResult executionId="b3fb1ac0-92be-45d2-9585-9b3c3b9f62aa" testId="922586cc-fc42-3e56-71ad-7e4f1cfb2435" testName="NovaCart.Tests.Ordering.UnitTests.Domain.AddressTests.Equality_Should_BeTrue_When_SameValues" computerName="MSI-DT" duration="00:00:00.0002787" startTime="2026-09-20T11:51:26.9242107+03:00" endTime="2026-09-20T11:51:26.9242618+03:00" testType="13cdc9d9-ddb5-4fa4-a97d-d965ccfc6d4b" outcome="Passed" testListId="8c84fa94-04c1-424b-9868-57a2d4851a1d" relativeResultsDirectory="b3fb1ac0-92be-45d2-9585-9b3c3b9f62aa" />
    <UnitTestResult executionId="43ddb406-60ee-4826-8160-844cd1c78113" testId="8555a517-5fd6-e8d7-9fab-9014e5127b0f" testName="NovaCart.Tests.Ordering.UnitTests.Application.CreateOrderHandlerTests.Handle_Should_PublishOrderCreatedEvent_With_CorrectCorrelationId" computerName="MSI-DT" duration="00:00:00.0013075" startTime="2026-09-20T11:51:26.9826884+03:00" endTime="2026-09-20T11:51:26.9839387+03:00" testType="13cdc9d9-ddb5-4fa4-a97d-d965ccfc6d4b" outcome="Passed" testListId="8c84fa94-04c1-424b-9868-57a2d4851a1d" relativeResultsDirectory="43ddb406-60ee-4826-8160-844cd1c78113" />
    <UnitTestResult executionId="0e955a9e-ef4f-4dc6-9fce-45e24797c38c" testId="58c5261c-73d5-f8da-55f6-f9f96d4bde1f" testName="NovaCart.Tests.Ordering.UnitTests.Domain.AddressTests.Create_Should_ThrowArgumentException_When_AnyFieldIsEmpty(street: &quot;Street&quot;, city: &quot;&quot;, state: &quot;State&quot;, country: &quot;Country&quot;, zipCode: &quot;12345&quot;)" computerName="MSI-DT" duration="00:00:00.0006614" startTime="2026-09-20T11:51:26.9150412+03:00" endTime="2026-09-20T11:51:26.9151012+03:00" testType="13cdc9d9-ddb5-4fa4-a97d-d965ccfc6d4b" outcome="Passed" testListId="8c84fa94-04c1-424b-9868-57a2d4851a1d" relativeResultsDirectory="0e955a9e-ef4f-4dc6-9fce-45e24797c38c" />
    <UnitTestResult executionId="e1dda410-053b-410c-a737-6f9bd9039f13" testId="fd883a37-4850-8fbe-14b3-1eb08af8f60d" testName="NovaCart.Tests.Ordering.UnitTests.Domain.AddressTests.Create_Should_ReturnAddress_When_ValidData" computerName="MSI-DT" duration="00:00:00.0015495" startTime="2026-09-20T11:51:26.9237311+03:00" endTime="2026-09-20T11:51:26.9240522+03:00" testType="13cdc9d9-ddb5-4fa4-a97d-d965ccfc6d4b" outcome="Passed" testListId="8c84fa94-04c1-424b-9868-57a2d4851a1d" relativeResultsDirectory="e1dda410-053b-410c-a737-6f9bd9039f13" />
    <UnitTestResult executionId="85446547-387d-4a58-b896-df8aa785cc7f" testId="d15a55b9-e400-5a90-2ec4-700e56a1e116" testName="NovaCart.Tests.Ordering.UnitTests.Domain.OrderTests.Ship_Should_ThrowInvalidOperationException_When_NotPaid" computerName="MSI-DT" duration="00:00:00.0004738" startTime="2026-09-20T11:51:26.9287432+03:00" endTime="2026-09-20T11:51:26.9287776+03:00" testType="13cdc9d9-ddb5-4fa4-a97d-d965ccfc6d4b" outcome="Passed" testListId="8c84fa94-04c1-424b-9868-57a2d4851a1d" relativeResultsDirectory="85446547-387d-4a58-b896-df8aa785cc7f" />
    <UnitTestResult executionId="4655e4f8-b9f8-4068-81a5-12b8bc02b277" testId="5d160bab-b18a-2e4c-8a84-1df957b1df4c" testName="NovaCart.Tests.Ordering.UnitTests.Domain.AddressTests.Create_Should_ThrowArgumentException_When_AnyFieldIsEmpty(street: &quot;Street&quot;, city: &quot;City&quot;, state: &quot;&quot;, country: &quot;Country&quot;, zipCode: &quot;12345&quot;)" computerName="MSI-DT" duration="00:00:00.0001043" startTime="2026-09-20T11:51:26.9159176+03:00" endTime="2026-09-20T11:51:26.9159681+03:00" testType="13cdc9d9-ddb5-4fa4-a97d-d965ccfc6d4b" outcome="Passed" testListId="8c84fa94-04c1-424b-9868-57a2d4851a1d" relativeResultsDirectory="4655e4f8-b9f8-4068-81a5-12b8bc02b277" />
    <UnitTestResult executionId="1c1432dc-4f16-4b28-b423-fc5ef1bdc031" testId="9cffbac0-3a4e-aa0a-ac9d-7babe70d4967" testName="NovaCart.Tests.Ordering.UnitTests.Domain.OrderTests.AddItem_Should_MergeQuantity_When_SameProductAdded" computerName="MSI-DT" duration="00:00:00.0003832" startTime="2026-09-20T11:51:26.9290210+03:00" endTime="2026-09-20T11:51:26.9290578+03:00" testType="13cdc9d9-ddb5-4fa4-a97d-d965ccfc6d4b" outcome="Passed" testListId="8c84fa94-04c1-424b-9868-57a2d4851a1d" relativeResultsDirectory="1c1432dc-4f16-4b28-b423-fc5ef1bdc031" />
    <UnitTestResult executionId="27a5564b-e9e2-415b-a9ad-c6f1e48e21ab" testId="7bda7232-9edc-53f9-9f51-fb84a65cfc9a" testName="NovaCart.Tests.Ordering.UnitTests.Domain.OrderTests.Deliver_Should_ThrowInvalidOperationException_When_NotShipped" computerName="MSI-DT" duration="00:00:00.0011009" startTime="2026-09-20T11:51:26.9262441+03:00" endTime="2026-09-20T11:51:26.9262976+03:00" testType="13cdc9d9-ddb5-4fa4-a97d-d965ccfc6d4b" outcome="Passed" testListId="8c84fa94-04c1-424b-9868-57a2d4851a1d" relativeResultsDirectory="27a5564b-e9e2-415b-a9ad-c6f1e48e21ab" />
    <UnitTestResult executionId="dc7c6905-f21b-4f40-9e12-78e6d434f120" testId="726b15d1-4965-ef22-d222-a45a5ed1fe87" testName="NovaCart.Tests.Ordering.UnitTests.Application.CreateOrderHandlerTests.Handle_Should_ReturnSuccessWithId_When_ValidCommand" computerName="MSI-DT" duration="00:00:00.0028154" startTime="2026-09-20T11:51:26.9755733+03:00" endTime="2026-09-20T11:51:26.9783667+03:00" testType="13cdc9d9-ddb5-4fa4-a97d-d965ccfc6d4b" outcome="Passed" testListId="8c84fa94-04c1-424b-9868-57a2d4851a1d" relativeResultsDirectory="dc7c6905-f21b-4f40-9e12-78e6d434f120" />
    <UnitTestResult executionId="e244e63f-3491-4b0a-8708-4a8ca45c3fe8" testId="2f65c308-94c9-4519-8f75-f9b98e78a460" testName="NovaCart.Tests.Ordering.UnitTests.Application.CancelOrderHandlerTests.Handle_Should_ReturnValidationError_When_OrderIsDelivered" computerName="MSI-DT" duration="00:00:00.0013440" startTime="2026-09-20T11:51:26.9727379+03:00" endTime="2026-09-20T11:51:26.9739942+03:00" testType="13cdc9d9-ddb5-4fa4-a97d-d965ccfc6d4b" outcome="Passed" testListId="8c84fa94-04c1-424b-9868-57a2d4851a1d" relativeResultsDirectory="e244e63f-3491-4b0a-8708-4a8ca45c3fe8" />
    <UnitTestResult executionId="4ebaf449-dc4b-40e0-b78d-10eef2cf703b" testId="4c11c0d2-c925-e41b-5d03-539540d6a333" testName="NovaCart.Tests.Ordering.UnitTests.Application.BasketCheckoutIntegrationEventConsumerTests.LegacyEvent_IsNotSilentlyAcknowledgedOrRepriced" computerName="MSI-DT" duration="00:00:00.0042424" startTime="2026-09-20T11:51:26.9817133+03:00" endTime="2026-09-20T11:51:26.9851947+03:00" testType="13cdc9d9-ddb5-4fa4-a97d-d965ccfc6d4b" outcome="Passed" testListId="8c84fa94-04c1-424b-9868-57a2d4851a1d" relativeResultsDirectory="4ebaf449-dc4b-40e0-b78d-10eef2cf703b" />
    <UnitTestResult executionId="7237a863-3934-4f4d-8476-8d7eb3d92d62" testId="de79c856-7170-d43e-80bc-1292413df7ba" testName="NovaCart.Tests.Ordering.UnitTests.Domain.OrderTests.MarkAsPaid_Should_ThrowInvalidOperationException_When_NotConfirmed" computerName="MSI-DT" duration="00:00:00.0003911" startTime="2026-09-20T11:51:26.9289006+03:00" endTime="2026-09-20T11:51:26.9289383+03:00" testType="13cdc9d9-ddb5-4fa4-a97d-d965ccfc6d4b" outcome="Passed" testListId="8c84fa94-04c1-424b-9868-57a2d4851a1d" relativeResultsDirectory="7237a863-3934-4f4d-8476-8d7eb3d92d62" />
    <UnitTestResult executionId="394b3c68-5097-4b60-a131-281cbd612ab6" testId="9dd3d822-413f-e74d-5aa4-4fb14f806521" testName="NovaCart.Tests.Ordering.UnitTests.Domain.OrderTests.Create_Should_ReturnOrder_When_ValidData" computerName="MSI-DT" duration="00:00:00.0025525" startTime="2026-09-20T11:51:26.9284503+03:00" endTime="2026-09-20T11:51:26.9284897+03:00" testType="13cdc9d9-ddb5-4fa4-a97d-d965ccfc6d4b" outcome="Passed" testListId="8c84fa94-04c1-424b-9868-57a2d4851a1d" relativeResultsDirectory="394b3c68-5097-4b60-a131-281cbd612ab6" />
    <UnitTestResult executionId="e12b7551-ed98-4c62-8a4f-55b4b271605a" testId="9364e421-a99f-e6bd-8010-2952aede31eb" testName="NovaCart.Tests.Ordering.UnitTests.Application.CancelOrderHandlerTests.Handle_Should_ReturnSuccess_When_OrderCanBeCancelled" computerName="MSI-DT" duration="00:00:00.0013929" startTime="2026-09-20T11:51:26.9712825+03:00" endTime="2026-09-20T11:51:26.9726216+03:00" testType="13cdc9d9-ddb5-4fa4-a97d-d965ccfc6d4b" outcome="Passed" testListId="8c84fa94-04c1-424b-9868-57a2d4851a1d" relativeResultsDirectory="e12b7551-ed98-4c62-8a4f-55b4b271605a" />
    <UnitTestResult executionId="4a89d8d9-6865-4c66-accf-2782fed4b94c" testId="f51a0585-434b-f7ae-a122-83da3f1fd705" testName="NovaCart.Tests.Ordering.UnitTests.Domain.OrderTests.Create_Should_RaiseOrderCreatedDomainEvent_When_Created" computerName="MSI-DT" duration="00:00:00.0015801" startTime="2026-09-20T11:51:26.9281253+03:00" endTime="2026-09-20T11:51:26.9281727+03:00" testType="13cdc9d9-ddb5-4fa4-a97d-d965ccfc6d4b" outcome="Passed" testListId="8c84fa94-04c1-424b-9868-57a2d4851a1d" relativeResultsDirectory="4a89d8d9-6865-4c66-accf-2782fed4b94c" />
    <UnitTestResult executionId="8c9d5124-45be-436d-b7e9-e7fc2751bf88" testId="b7187dfb-2768-6e46-d2f8-3f5c43e51c1f" testName="NovaCart.Tests.Ordering.UnitTests.Domain.OrderTests.Cancel_Should_RaiseDomainEvents_When_Cancelled" computerName="MSI-DT" duration="00:00:00.0019732" startTime="2026-09-20T11:51:26.9264074+03:00" endTime="2026-09-20T11:51:26.9264386+03:00" testType="13cdc9d9-ddb5-4fa4-a97d-d965ccfc6d4b" outcome="Passed" testListId="8c84fa94-04c1-424b-9868-57a2d4851a1d" relativeResultsDirectory="8c9d5124-45be-436d-b7e9-e7fc2751bf88" />
    <UnitTestResult executionId="7fcd8e7b-b7df-4c63-8a30-64059e8bbdb4" testId="c114d1b5-befc-dd18-e57e-cf5c3aec3f7f" testName="NovaCart.Tests.Ordering.UnitTests.Domain.OrderTests.FullLifecycle_Should_TransitionThroughAllStatuses_When_ValidFlow" computerName="MSI-DT" duration="00:00:00.0007929" startTime="2026-09-20T11:51:26.9282838+03:00" endTime="2026-09-20T11:51:26.9283252+03:00" testType="13cdc9d9-ddb5-4fa4-a97d-d965ccfc6d4b" outcome="Passed" testListId="8c84fa94-04c1-424b-9868-57a2d4851a1d" relativeResultsDirectory="7fcd8e7b-b7df-4c63-8a30-64059e8bbdb4" />
    <UnitTestResult executionId="45fd74d3-e134-4cb2-adb8-df6700dad125" testId="b98f9b91-3820-d9bc-f609-9afd0b838836" testName="NovaCart.Tests.Ordering.UnitTests.Application.CreateOrderHandlerTests.Handle_Should_PriceItemsFromCatalog_IgnoringClientInput" computerName="MSI-DT" duration="00:00:00.0041743" startTime="2026-09-20T11:51:26.9784682+03:00" endTime="2026-09-20T11:51:26.9825870+03:00" testType="13cdc9d9-ddb5-4fa4-a97d-d965ccfc6d4b" outcome="Passed" testListId="8c84fa94-04c1-424b-9868-57a2d4851a1d" relativeResultsDirectory="45fd74d3-e134-4cb2-adb8-df6700dad125" />
    <UnitTestResult executionId="6e83a8cc-ab75-4be9-8bc0-914f07f03be4" testId="9991dd55-83c0-027c-8311-25bc8cc319f0" testName="NovaCart.Tests.Ordering.UnitTests.Domain.OrderTests.AddItem_Should_AddNewItem_When_ProductNotInOrder" computerName="MSI-DT" duration="00:00:00.0048531" startTime="2026-09-20T11:51:26.9245885+03:00" endTime="2026-09-20T11:51:26.9261016+03:00" testType="13cdc9d9-ddb5-4fa4-a97d-d965ccfc6d4b" outcome="Passed" testListId="8c84fa94-04c1-424b-9868-57a2d4851a1d" relativeResultsDirectory="6e83a8cc-ab75-4be9-8bc0-914f07f03be4" />
    <UnitTestResult executionId="8147fa4f-d158-41db-939d-db84969bd96a" testId="6c5b97dd-f97b-8763-d69e-f302c91bbbf4" testName="NovaCart.Tests.Ordering.UnitTests.Application.CancellationWorkflowTests.Cancellation_WaitsForPaymentConfirmation_AndIgnoresLateSuccess(paid: True)" computerName="MSI-DT" duration="00:00:00.1116493" startTime="2026-09-20T11:51:26.8930129+03:00" endTime="2026-09-20T11:51:26.9848241+03:00" testType="13cdc9d9-ddb5-4fa4-a97d-d965ccfc6d4b" outcome="Passed" testListId="8c84fa94-04c1-424b-9868-57a2d4851a1d" relativeResultsDirectory="8147fa4f-d158-41db-939d-db84969bd96a" />
    <UnitTestResult executionId="818a7689-e420-4771-9b37-351668865734" testId="2af73e85-1947-3fb9-9cb8-b72a70cf458a" testName="NovaCart.Tests.Ordering.UnitTests.Application.BasketCheckoutIntegrationEventConsumerTests.AcceptedQuote_IsPreservedEvenIfCatalogChangesLater" computerName="MSI-DT" duration="00:00:00.1106983" startTime="2026-09-20T11:51:26.8929289+03:00" endTime="2026-09-20T11:51:26.9809056+03:00" testType="13cdc9d9-ddb5-4fa4-a97d-d965ccfc6d4b" outcome="Passed" testListId="8c84fa94-04c1-424b-9868-57a2d4851a1d" relativeResultsDirectory="818a7689-e420-4771-9b37-351668865734" />
    <UnitTestResult executionId="76709444-e78a-41fb-ad44-6666fd9a8388" testId="56a387b2-09de-7d3f-68ac-6888d032f162" testName="NovaCart.Tests.Ordering.UnitTests.Domain.OrderTests.Cancel_Should_ThrowInvalidOperationException_When_OrderIsDelivered" computerName="MSI-DT" duration="00:00:00.0369292" startTime="2026-09-20T11:51:26.8929680+03:00" endTime="2026-09-20T11:51:26.9237703+03:00" testType="13cdc9d9-ddb5-4fa4-a97d-d965ccfc6d4b" outcome="Passed" testListId="8c84fa94-04c1-424b-9868-57a2d4851a1d" relativeResultsDirectory="76709444-e78a-41fb-ad44-6666fd9a8388" />
    <UnitTestResult executionId="82dda47f-8951-4371-86fb-9503c966fe88" testId="6844c663-f299-a74f-1ba0-01a08debfd10" testName="NovaCart.Tests.Ordering.UnitTests.Domain.OrderTests.Confirm_Should_ThrowInvalidOperationException_When_NotCreatedStatus" computerName="MSI-DT" duration="00:00:00.0004411" startTime="2026-09-20T11:51:26.9300803+03:00" endTime="2026-09-20T11:51:26.9301200+03:00" testType="13cdc9d9-ddb5-4fa4-a97d-d965ccfc6d4b" outcome="Passed" testListId="8c84fa94-04c1-424b-9868-57a2d4851a1d" relativeResultsDirectory="82dda47f-8951-4371-86fb-9503c966fe88" />
  </Results>
  <TestDefinitions>
    <UnitTest name="NovaCart.Tests.Ordering.UnitTests.Application.CancelOrderHandlerTests.Handle_Should_ReturnSuccess_When_OrderCanBeCancelled" storage="d:\repos\novacart\tests\unittests\ordering.unittests\bin\debug\net10.0\novacart.tests.ordering.unittests.dll" id="9364e421-a99f-e6bd-8010-2952aede31eb">
      <Execution id="e12b7551-ed98-4c62-8a4f-55b4b271605a" />
      <TestMethod codeBase="D:\Repos\NovaCart\tests\UnitTests\Ordering.UnitTests\bin\Debug\net10.0\NovaCart.Tests.Ordering.UnitTests.dll" adapterTypeName="executor://xunit/VsTestRunner3/netcore/" className="NovaCart.Tests.Ordering.UnitTests.Application.CancelOrderHandlerTests" name="Handle_Should_ReturnSuccess_When_OrderCanBeCancelled" />
    </UnitTest>
    <UnitTest name="NovaCart.Tests.Ordering.UnitTests.Application.BasketCheckoutIntegrationEventConsumerTests.LegacyEvent_IsNotSilentlyAcknowledgedOrRepriced" storage="d:\repos\novacart\tests\unittests\ordering.unittests\bin\debug\net10.0\novacart.tests.ordering.unittests.dll" id="4c11c0d2-c925-e41b-5d03-539540d6a333">
      <Execution id="4ebaf449-dc4b-40e0-b78d-10eef2cf703b" />
      <TestMethod codeBase="D:\Repos\NovaCart\tests\UnitTests\Ordering.UnitTests\bin\Debug\net10.0\NovaCart.Tests.Ordering.UnitTests.dll" adapterTypeName="executor://xunit/VsTestRunner3/netcore/" className="NovaCart.Tests.Ordering.UnitTests.Application.BasketCheckoutIntegrationEventConsumerTests" name="LegacyEvent_IsNotSilentlyAcknowledgedOrRepriced" />
    </UnitTest>
    <UnitTest name="NovaCart.Tests.Ordering.UnitTests.Domain.OrderTests.Cancel_Should_ThrowInvalidOperationException_When_OrderIsDelivered" storage="d:\repos\novacart\tests\unittests\ordering.unittests\bin\debug\net10.0\novacart.tests.ordering.unittests.dll" id="56a387b2-09de-7d3f-68ac-6888d032f162">
      <Execution id="76709444-e78a-41fb-ad44-6666fd9a8388" />
      <TestMethod codeBase="D:\Repos\NovaCart\tests\UnitTests\Ordering.UnitTests\bin\Debug\net10.0\NovaCart.Tests.Ordering.UnitTests.dll" adapterTypeName="executor://xunit/VsTestRunner3/netcore/" className="NovaCart.Tests.Ordering.UnitTests.Domain.OrderTests" name="Cancel_Should_ThrowInvalidOperationException_When_OrderIsDelivered" />
    </UnitTest>
    <UnitTest name="NovaCart.Tests.Ordering.UnitTests.Domain.AddressTests.Create_Should_ThrowArgumentException_When_AnyFieldIsEmpty(street: &quot;Street&quot;, city: &quot;City&quot;, state: &quot;State&quot;, country: &quot;Country&quot;, zipCode: &quot;&quot;)" storage="d:\repos\novacart\tests\unittests\ordering.unittests\bin\debug\net10.0\novacart.tests.ordering.unittests.dll" id="d3aed74e-afde-3f4d-6b62-2b379fa19ea3">
      <Execution id="c8f4f5f1-ffe8-4451-a889-37133bfd5670" />
      <TestMethod codeBase="D:\Repos\NovaCart\tests\UnitTests\Ordering.UnitTests\bin\Debug\net10.0\NovaCart.Tests.Ordering.UnitTests.dll" adapterTypeName="executor://xunit/VsTestRunner3/netcore/" className="NovaCart.Tests.Ordering.UnitTests.Domain.AddressTests" name="Create_Should_ThrowArgumentException_When_AnyFieldIsEmpty" />
    </UnitTest>
    <UnitTest name="NovaCart.Tests.Ordering.UnitTests.Domain.OrderTests.Cancel_Should_RaiseDomainEvents_When_Cancelled" storage="d:\repos\novacart\tests\unittests\ordering.unittests\bin\debug\net10.0\novacart.tests.ordering.unittests.dll" id="b7187dfb-2768-6e46-d2f8-3f5c43e51c1f">
      <Execution id="8c9d5124-45be-436d-b7e9-e7fc2751bf88" />
      <TestMethod codeBase="D:\Repos\NovaCart\tests\UnitTests\Ordering.UnitTests\bin\Debug\net10.0\NovaCart.Tests.Ordering.UnitTests.dll" adapterTypeName="executor://xunit/VsTestRunner3/netcore/" className="NovaCart.Tests.Ordering.UnitTests.Domain.OrderTests" name="Cancel_Should_RaiseDomainEvents_When_Cancelled" />
    </UnitTest>
    <UnitTest name="NovaCart.Tests.Ordering.UnitTests.Domain.OrderTests.Create_Should_RaiseOrderCreatedDomainEvent_When_Created" storage="d:\repos\novacart\tests\unittests\ordering.unittests\bin\debug\net10.0\novacart.tests.ordering.unittests.dll" id="f51a0585-434b-f7ae-a122-83da3f1fd705">
      <Execution id="4a89d8d9-6865-4c66-accf-2782fed4b94c" />
      <TestMethod codeBase="D:\Repos\NovaCart\tests\UnitTests\Ordering.UnitTests\bin\Debug\net10.0\NovaCart.Tests.Ordering.UnitTests.dll" adapterTypeName="executor://xunit/VsTestRunner3/netcore/" className="NovaCart.Tests.Ordering.UnitTests.Domain.OrderTests" name="Create_Should_RaiseOrderCreatedDomainEvent_When_Created" />
    </UnitTest>
    <UnitTest name="NovaCart.Tests.Ordering.UnitTests.Domain.AddressTests.Create_Should_ThrowArgumentException_When_AnyFieldIsEmpty(street: &quot;&quot;, city: &quot;City&quot;, state: &quot;State&quot;, country: &quot;Country&quot;, zipCode: &quot;12345&quot;)" storage="d:\repos\novacart\tests\unittests\ordering.unittests\bin\debug\net10.0\novacart.tests.ordering.unittests.dll" id="ea42e119-3a8e-4b9d-207d-5c88f7541449">
      <Execution id="089256c6-f073-4f65-bc5e-b071119fed01" />
      <TestMethod codeBase="D:\Repos\NovaCart\tests\UnitTests\Ordering.UnitTests\bin\Debug\net10.0\NovaCart.Tests.Ordering.UnitTests.dll" adapterTypeName="executor://xunit/VsTestRunner3/netcore/" className="NovaCart.Tests.Ordering.UnitTests.Domain.AddressTests" name="Create_Should_ThrowArgumentException_When_AnyFieldIsEmpty" />
    </UnitTest>
    <UnitTest name="NovaCart.Tests.Ordering.UnitTests.Application.CreateOrderHandlerTests.Handle_Should_Fail_When_ProductNotInCatalog" storage="d:\repos\novacart\tests\unittests\ordering.unittests\bin\debug\net10.0\novacart.tests.ordering.unittests.dll" id="8e10dffa-efce-eaa6-13bb-435376026f4c">
      <Execution id="0756e77d-2182-4faa-b354-a728f5152cfe" />
      <TestMethod codeBase="D:\Repos\NovaCart\tests\UnitTests\Ordering.UnitTests\bin\Debug\net10.0\NovaCart.Tests.Ordering.UnitTests.dll" adapterTypeName="executor://xunit/VsTestRunner3/netcore/" className="NovaCart.Tests.Ordering.UnitTests.Application.CreateOrderHandlerTests" name="Handle_Should_Fail_When_ProductNotInCatalog" />
    </UnitTest>
    <UnitTest name="NovaCart.Tests.Ordering.UnitTests.Domain.OrderTests.Confirm_Should_ThrowInvalidOperationException_When_NoItems" storage="d:\repos\novacart\tests\unittests\ordering.unittests\bin\debug\net10.0\novacart.tests.ordering.unittests.dll" id="c4710187-e915-8f4b-0122-3903433e7cd0">
      <Execution id="3611b4ad-dcff-4745-bf86-9962eb097c37" />
      <TestMethod codeBase="D:\Repos\NovaCart\tests\UnitTests\Ordering.UnitTests\bin\Debug\net10.0\NovaCart.Tests.Ordering.UnitTests.dll" adapterTypeName="executor://xunit/VsTestRunner3/netcore/" className="NovaCart.Tests.Ordering.UnitTests.Domain.OrderTests" name="Confirm_Should_ThrowInvalidOperationException_When_NoItems" />
    </UnitTest>
    <UnitTest name="NovaCart.Tests.Ordering.UnitTests.Application.CreateOrderHandlerTests.Handle_Should_PublishOrderCreatedEvent_With_CorrectCorrelationId" storage="d:\repos\novacart\tests\unittests\ordering.unittests\bin\debug\net10.0\novacart.tests.ordering.unittests.dll" id="8555a517-5fd6-e8d7-9fab-9014e5127b0f">
      <Execution id="43ddb406-60ee-4826-8160-844cd1c78113" />
      <TestMethod codeBase="D:\Repos\NovaCart\tests\UnitTests\Ordering.UnitTests\bin\Debug\net10.0\NovaCart.Tests.Ordering.UnitTests.dll" adapterTypeName="executor://xunit/VsTestRunner3/netcore/" className="NovaCart.Tests.Ordering.UnitTests.Application.CreateOrderHandlerTests" name="Handle_Should_PublishOrderCreatedEvent_With_CorrectCorrelationId" />
    </UnitTest>
    <UnitTest name="NovaCart.Tests.Ordering.UnitTests.Application.CancelOrderHandlerTests.Handle_Should_ReturnNotFound_When_OrderDoesNotExist" storage="d:\repos\novacart\tests\unittests\ordering.unittests\bin\debug\net10.0\novacart.tests.ordering.unittests.dll" id="83982d4b-06e8-20a6-8661-6a3d8a6fc324">
      <Execution id="9e8fca56-090a-4197-b917-9d71a8542a25" />
      <TestMethod codeBase="D:\Repos\NovaCart\tests\UnitTests\Ordering.UnitTests\bin\Debug\net10.0\NovaCart.Tests.Ordering.UnitTests.dll" adapterTypeName="executor://xunit/VsTestRunner3/netcore/" className="NovaCart.Tests.Ordering.UnitTests.Application.CancelOrderHandlerTests" name="Handle_Should_ReturnNotFound_When_OrderDoesNotExist" />
    </UnitTest>
    <UnitTest name="NovaCart.Tests.Ordering.UnitTests.Domain.OrderTests.AddItem_Should_AddNewItem_When_ProductNotInOrder" storage="d:\repos\novacart\tests\unittests\ordering.unittests\bin\debug\net10.0\novacart.tests.ordering.unittests.dll" id="9991dd55-83c0-027c-8311-25bc8cc319f0">
      <Execution id="6e83a8cc-ab75-4be9-8bc0-914f07f03be4" />
      <TestMethod codeBase="D:\Repos\NovaCart\tests\UnitTests\Ordering.UnitTests\bin\Debug\net10.0\NovaCart.Tests.Ordering.UnitTests.dll" adapterTypeName="executor://xunit/VsTestRunner3/netcore/" className="NovaCart.Tests.Ordering.UnitTests.Domain.OrderTests" name="AddItem_Should_AddNewItem_When_ProductNotInOrder" />
    </UnitTest>
    <UnitTest name="NovaCart.Tests.Ordering.UnitTests.Domain.AddressTests.Equality_Should_BeFalse_When_DifferentValues" storage="d:\repos\novacart\tests\unittests\ordering.unittests\bin\debug\net10.0\novacart.tests.ordering.unittests.dll" id="5911c80b-59d2-a7e7-8cc9-d78a8f28e191">
      <Execution id="b3e118ed-5d06-4a35-9ca9-0e920018593f" />
      <TestMethod codeBase="D:\Repos\NovaCart\tests\UnitTests\Ordering.UnitTests\bin\Debug\net10.0\NovaCart.Tests.Ordering.UnitTests.dll" adapterTypeName="executor://xunit/VsTestRunner3/netcore/" className="NovaCart.Tests.Ordering.UnitTests.Domain.AddressTests" name="Equality_Should_BeFalse_When_DifferentValues" />
    </UnitTest>
    <UnitTest name="NovaCart.Tests.Ordering.UnitTests.Application.CancelOrderHandlerTests.Handle_Should_ReturnNotFound_When_OrderBelongsToAnotherBuyer" storage="d:\repos\novacart\tests\unittests\ordering.unittests\bin\debug\net10.0\novacart.tests.ordering.unittests.dll" id="bc48b55c-233a-0ea8-1cb0-d1ade139a63d">
      <Execution id="1424028e-05b9-4d4b-acdb-e0660a11fac8" />
      <TestMethod codeBase="D:\Repos\NovaCart\tests\UnitTests\Ordering.UnitTests\bin\Debug\net10.0\NovaCart.Tests.Ordering.UnitTests.dll" adapterTypeName="executor://xunit/VsTestRunner3/netcore/" className="NovaCart.Tests.Ordering.UnitTests.Application.CancelOrderHandlerTests" name="Handle_Should_ReturnNotFound_When_OrderBelongsToAnotherBuyer" />
    </UnitTest>
    <UnitTest name="NovaCart.Tests.Ordering.UnitTests.Domain.OrderTests.Deliver_Should_ThrowInvalidOperationException_When_NotShipped" storage="d:\repos\novacart\tests\unittests\ordering.unittests\bin\debug\net10.0\novacart.tests.ordering.unittests.dll" id="7bda7232-9edc-53f9-9f51-fb84a65cfc9a">
      <Execution id="27a5564b-e9e2-415b-a9ad-c6f1e48e21ab" />
      <TestMethod codeBase="D:\Repos\NovaCart\tests\UnitTests\Ordering.UnitTests\bin\Debug\net10.0\NovaCart.Tests.Ordering.UnitTests.dll" adapterTypeName="executor://xunit/VsTestRunner3/netcore/" className="NovaCart.Tests.Ordering.UnitTests.Domain.OrderTests" name="Deliver_Should_ThrowInvalidOperationException_When_NotShipped" />
    </UnitTest>
    <UnitTest name="NovaCart.Tests.Ordering.UnitTests.Domain.OrderTests.AddItem_Should_MergeQuantity_When_SameProductAdded" storage="d:\repos\novacart\tests\unittests\ordering.unittests\bin\debug\net10.0\novacart.tests.ordering.unittests.dll" id="9cffbac0-3a4e-aa0a-ac9d-7babe70d4967">
      <Execution id="1c1432dc-4f16-4b28-b423-fc5ef1bdc031" />
      <TestMethod codeBase="D:\Repos\NovaCart\tests\UnitTests\Ordering.UnitTests\bin\Debug\net10.0\NovaCart.Tests.Ordering.UnitTests.dll" adapterTypeName="executor://xunit/VsTestRunner3/netcore/" className="NovaCart.Tests.Ordering.UnitTests.Domain.OrderTests" name="AddItem_Should_MergeQuantity_When_SameProductAdded" />
    </UnitTest>
    <UnitTest name="NovaCart.Tests.Ordering.UnitTests.Domain.AddressTests.Create_Should_ReturnAddress_When_ValidData" storage="d:\repos\novacart\tests\unittests\ordering.unittests\bin\debug\net10.0\novacart.tests.ordering.unittests.dll" id="fd883a37-4850-8fbe-14b3-1eb08af8f60d">
      <Execution id="e1dda410-053b-410c-a737-6f9bd9039f13" />
      <TestMethod codeBase="D:\Repos\NovaCart\tests\UnitTests\Ordering.UnitTests\bin\Debug\net10.0\NovaCart.Tests.Ordering.UnitTests.dll" adapterTypeName="executor://xunit/VsTestRunner3/netcore/" className="NovaCart.Tests.Ordering.UnitTests.Domain.AddressTests" name="Create_Should_ReturnAddress_When_ValidData" />
    </UnitTest>
    <UnitTest name="NovaCart.Tests.Ordering.UnitTests.Application.CancelOrderHandlerTests.Handle_Should_ReturnValidationError_When_OrderIsDelivered" storage="d:\repos\novacart\tests\unittests\ordering.unittests\bin\debug\net10.0\novacart.tests.ordering.unittests.dll" id="2f65c308-94c9-4519-8f75-f9b98e78a460">
      <Execution id="e244e63f-3491-4b0a-8708-4a8ca45c3fe8" />
      <TestMethod codeBase="D:\Repos\NovaCart\tests\UnitTests\Ordering.UnitTests\bin\Debug\net10.0\NovaCart.Tests.Ordering.UnitTests.dll" adapterTypeName="executor://xunit/VsTestRunner3/netcore/" className="NovaCart.Tests.Ordering.UnitTests.Application.CancelOrderHandlerTests" name="Handle_Should_ReturnValidationError_When_OrderIsDelivered" />
    </UnitTest>
    <UnitTest name="NovaCart.Tests.Ordering.UnitTests.Domain.AddressTests.Create_Should_ThrowArgumentException_When_AnyFieldIsEmpty(street: &quot;Street&quot;, city: &quot;City&quot;, state: &quot;&quot;, country: &quot;Country&quot;, zipCode: &quot;12345&quot;)" storage="d:\repos\novacart\tests\unittests\ordering.unittests\bin\debug\net10.0\novacart.tests.ordering.unittests.dll" id="5d160bab-b18a-2e4c-8a84-1df957b1df4c">
      <Execution id="4655e4f8-b9f8-4068-81a5-12b8bc02b277" />
      <TestMethod codeBase="D:\Repos\NovaCart\tests\UnitTests\Ordering.UnitTests\bin\Debug\net10.0\NovaCart.Tests.Ordering.UnitTests.dll" adapterTypeName="executor://xunit/VsTestRunner3/netcore/" className="NovaCart.Tests.Ordering.UnitTests.Domain.AddressTests" name="Create_Should_ThrowArgumentException_When_AnyFieldIsEmpty" />
    </UnitTest>
    <UnitTest name="NovaCart.Tests.Ordering.UnitTests.Application.CreateOrderHandlerTests.Handle_Should_ReturnSuccessWithId_When_ValidCommand" storage="d:\repos\novacart\tests\unittests\ordering.unittests\bin\debug\net10.0\novacart.tests.ordering.unittests.dll" id="726b15d1-4965-ef22-d222-a45a5ed1fe87">
      <Execution id="dc7c6905-f21b-4f40-9e12-78e6d434f120" />
      <TestMethod codeBase="D:\Repos\NovaCart\tests\UnitTests\Ordering.UnitTests\bin\Debug\net10.0\NovaCart.Tests.Ordering.UnitTests.dll" adapterTypeName="executor://xunit/VsTestRunner3/netcore/" className="NovaCart.Tests.Ordering.UnitTests.Application.CreateOrderHandlerTests" name="Handle_Should_ReturnSuccessWithId_When_ValidCommand" />
    </UnitTest>
    <UnitTest name="NovaCart.Tests.Ordering.UnitTests.Domain.AddressTests.Create_Should_ThrowArgumentException_When_AnyFieldIsEmpty(street: &quot;Street&quot;, city: &quot;&quot;, state: &quot;State&quot;, country: &quot;Country&quot;, zipCode: &quot;12345&quot;)" storage="d:\repos\novacart\tests\unittests\ordering.unittests\bin\debug\net10.0\novacart.tests.ordering.unittests.dll" id="58c5261c-73d5-f8da-55f6-f9f96d4bde1f">
      <Execution id="0e955a9e-ef4f-4dc6-9fce-45e24797c38c" />
      <TestMethod codeBase="D:\Repos\NovaCart\tests\UnitTests\Ordering.UnitTests\bin\Debug\net10.0\NovaCart.Tests.Ordering.UnitTests.dll" adapterTypeName="executor://xunit/VsTestRunner3/netcore/" className="NovaCart.Tests.Ordering.UnitTests.Domain.AddressTests" name="Create_Should_ThrowArgumentException_When_AnyFieldIsEmpty" />
    </UnitTest>
    <UnitTest name="NovaCart.Tests.Ordering.UnitTests.Domain.OrderTests.Create_Should_ThrowArgumentException_When_EmptyBuyerId" storage="d:\repos\novacart\tests\unittests\ordering.unittests\bin\debug\net10.0\novacart.tests.ordering.unittests.dll" id="7c54b472-42cc-fc20-fcc0-237686e87248">
      <Execution id="fce8d1f5-12f2-44aa-88f5-c54fc712b48f" />
      <TestMethod codeBase="D:\Repos\NovaCart\tests\UnitTests\Ordering.UnitTests\bin\Debug\net10.0\NovaCart.Tests.Ordering.UnitTests.dll" adapterTypeName="executor://xunit/VsTestRunner3/netcore/" className="NovaCart.Tests.Ordering.UnitTests.Domain.OrderTests" name="Create_Should_ThrowArgumentException_When_EmptyBuyerId" />
    </UnitTest>
    <UnitTest name="NovaCart.Tests.Ordering.UnitTests.Domain.OrderTests.RemoveItem_Should_RemoveItem_When_ProductExists" storage="d:\repos\novacart\tests\unittests\ordering.unittests\bin\debug\net10.0\novacart.tests.ordering.unittests.dll" id="028e8942-8bd3-b2d8-cfbf-a8a043df1d3d">
      <Execution id="8dc790de-58e2-4820-b19f-135574cffc90" />
      <TestMethod codeBase="D:\Repos\NovaCart\tests\UnitTests\Ordering.UnitTests\bin\Debug\net10.0\NovaCart.Tests.Ordering.UnitTests.dll" adapterTypeName="executor://xunit/VsTestRunner3/netcore/" className="NovaCart.Tests.Ordering.UnitTests.Domain.OrderTests" name="RemoveItem_Should_RemoveItem_When_ProductExists" />
    </UnitTest>
    <UnitTest name="NovaCart.Tests.Ordering.UnitTests.Domain.OrderTests.MarkAsPaid_Should_ThrowInvalidOperationException_When_NotConfirmed" storage="d:\repos\novacart\tests\unittests\ordering.unittests\bin\debug\net10.0\novacart.tests.ordering.unittests.dll" id="de79c856-7170-d43e-80bc-1292413df7ba">
      <Execution id="7237a863-3934-4f4d-8476-8d7eb3d92d62" />
      <TestMethod codeBase="D:\Repos\NovaCart\tests\UnitTests\Ordering.UnitTests\bin\Debug\net10.0\NovaCart.Tests.Ordering.UnitTests.dll" adapterTypeName="executor://xunit/VsTestRunner3/netcore/" className="NovaCart.Tests.Ordering.UnitTests.Domain.OrderTests" name="MarkAsPaid_Should_ThrowInvalidOperationException_When_NotConfirmed" />
    </UnitTest>
    <UnitTest name="NovaCart.Tests.Ordering.UnitTests.Application.BasketCheckoutIntegrationEventConsumerTests.AcceptedQuote_IsPreservedEvenIfCatalogChangesLater" storage="d:\repos\novacart\tests\unittests\ordering.unittests\bin\debug\net10.0\novacart.tests.ordering.unittests.dll" id="2af73e85-1947-3fb9-9cb8-b72a70cf458a">
      <Execution id="818a7689-e420-4771-9b37-351668865734" />
      <TestMethod codeBase="D:\Repos\NovaCart\tests\UnitTests\Ordering.UnitTests\bin\Debug\net10.0\NovaCart.Tests.Ordering.UnitTests.dll" adapterTypeName="executor://xunit/VsTestRunner3/netcore/" className="NovaCart.Tests.Ordering.UnitTests.Application.BasketCheckoutIntegrationEventConsumerTests" name="AcceptedQuote_IsPreservedEvenIfCatalogChangesLater" />
    </UnitTest>
    <UnitTest name="NovaCart.Tests.Ordering.UnitTests.Application.BasketCheckoutIntegrationEventConsumerTests.Redelivery_DoesNotCreateAnotherOrder" storage="d:\repos\novacart\tests\unittests\ordering.unittests\bin\debug\net10.0\novacart.tests.ordering.unittests.dll" id="ea474695-657e-12c4-383a-a5fe292880a0">
      <Execution id="3554a357-c765-469b-ab3f-749dd92a26be" />
      <TestMethod codeBase="D:\Repos\NovaCart\tests\UnitTests\Ordering.UnitTests\bin\Debug\net10.0\NovaCart.Tests.Ordering.UnitTests.dll" adapterTypeName="executor://xunit/VsTestRunner3/netcore/" className="NovaCart.Tests.Ordering.UnitTests.Application.BasketCheckoutIntegrationEventConsumerTests" name="Redelivery_DoesNotCreateAnotherOrder" />
    </UnitTest>
    <UnitTest name="NovaCart.Tests.Ordering.UnitTests.Domain.OrderTests.Cancel_Should_SetStatusToCancelled_When_OrderIsCreated" storage="d:\repos\novacart\tests\unittests\ordering.unittests\bin\debug\net10.0\novacart.tests.ordering.unittests.dll" id="aeb9d35c-c1bd-3f44-a99b-df73e0c9e5ca">
      <Execution id="753dec63-56ef-409a-8af1-2194764bf954" />
      <TestMethod codeBase="D:\Repos\NovaCart\tests\UnitTests\Ordering.UnitTests\bin\Debug\net10.0\NovaCart.Tests.Ordering.UnitTests.dll" adapterTypeName="executor://xunit/VsTestRunner3/netcore/" className="NovaCart.Tests.Ordering.UnitTests.Domain.OrderTests" name="Cancel_Should_SetStatusToCancelled_When_OrderIsCreated" />
    </UnitTest>
    <UnitTest name="NovaCart.Tests.Ordering.UnitTests.Domain.OrderTests.Confirm_Should_SetStatusToConfirmed_When_OrderHasItems" storage="d:\repos\novacart\tests\unittests\ordering.unittests\bin\debug\net10.0\novacart.tests.ordering.unittests.dll" id="aec88f09-bcdf-9229-7094-80c3bbf715e5">
      <Execution id="8df78a25-8787-4547-9fe1-96a16d28e045" />
      <TestMethod codeBase="D:\Repos\NovaCart\tests\UnitTests\Ordering.UnitTests\bin\Debug\net10.0\NovaCart.Tests.Ordering.UnitTests.dll" adapterTypeName="executor://xunit/VsTestRunner3/netcore/" className="NovaCart.Tests.Ordering.UnitTests.Domain.OrderTests" name="Confirm_Should_SetStatusToConfirmed_When_OrderHasItems" />
    </UnitTest>
    <UnitTest name="NovaCart.Tests.Ordering.UnitTests.Domain.OrderTests.Confirm_Should_ThrowInvalidOperationException_When_NotCreatedStatus" storage="d:\repos\novacart\tests\unittests\ordering.unittests\bin\debug\net10.0\novacart.tests.ordering.unittests.dll" id="6844c663-f299-a74f-1ba0-01a08debfd10">
      <Execution id="82dda47f-8951-4371-86fb-9503c966fe88" />
      <TestMethod codeBase="D:\Repos\NovaCart\tests\UnitTests\Ordering.UnitTests\bin\Debug\net10.0\NovaCart.Tests.Ordering.UnitTests.dll" adapterTypeName="executor://xunit/VsTestRunner3/netcore/" className="NovaCart.Tests.Ordering.UnitTests.Domain.OrderTests" name="Confirm_Should_ThrowInvalidOperationException_When_NotCreatedStatus" />
    </UnitTest>
    <UnitTest name="NovaCart.Tests.Ordering.UnitTests.Domain.OrderTests.Ship_Should_ThrowInvalidOperationException_When_NotPaid" storage="d:\repos\novacart\tests\unittests\ordering.unittests\bin\debug\net10.0\novacart.tests.ordering.unittests.dll" id="d15a55b9-e400-5a90-2ec4-700e56a1e116">
      <Execution id="85446547-387d-4a58-b896-df8aa785cc7f" />
      <TestMethod codeBase="D:\Repos\NovaCart\tests\UnitTests\Ordering.UnitTests\bin\Debug\net10.0\NovaCart.Tests.Ordering.UnitTests.dll" adapterTypeName="executor://xunit/VsTestRunner3/netcore/" className="NovaCart.Tests.Ordering.UnitTests.Domain.OrderTests" name="Ship_Should_ThrowInvalidOperationException_When_NotPaid" />
    </UnitTest>
    <UnitTest name="NovaCart.Tests.Ordering.UnitTests.Application.CancellationWorkflowTests.Cancellation_WaitsForPaymentConfirmation_AndIgnoresLateSuccess(paid: True)" storage="d:\repos\novacart\tests\unittests\ordering.unittests\bin\debug\net10.0\novacart.tests.ordering.unittests.dll" id="6c5b97dd-f97b-8763-d69e-f302c91bbbf4">
      <Execution id="8147fa4f-d158-41db-939d-db84969bd96a" />
      <TestMethod codeBase="D:\Repos\NovaCart\tests\UnitTests\Ordering.UnitTests\bin\Debug\net10.0\NovaCart.Tests.Ordering.UnitTests.dll" adapterTypeName="executor://xunit/VsTestRunner3/netcore/" className="NovaCart.Tests.Ordering.UnitTests.Application.CancellationWorkflowTests" name="Cancellation_WaitsForPaymentConfirmation_AndIgnoresLateSuccess" />
    </UnitTest>
    <UnitTest name="NovaCart.Tests.Ordering.UnitTests.Domain.AddressTests.Equality_Should_BeTrue_When_SameValues" storage="d:\repos\novacart\tests\unittests\ordering.unittests\bin\debug\net10.0\novacart.tests.ordering.unittests.dll" id="922586cc-fc42-3e56-71ad-7e4f1cfb2435">
      <Execution id="b3fb1ac0-92be-45d2-9585-9b3c3b9f62aa" />
      <TestMethod codeBase="D:\Repos\NovaCart\tests\UnitTests\Ordering.UnitTests\bin\Debug\net10.0\NovaCart.Tests.Ordering.UnitTests.dll" adapterTypeName="executor://xunit/VsTestRunner3/netcore/" className="NovaCart.Tests.Ordering.UnitTests.Domain.AddressTests" name="Equality_Should_BeTrue_When_SameValues" />
    </UnitTest>
    <UnitTest name="NovaCart.Tests.Ordering.UnitTests.Application.CancellationWorkflowTests.Cancellation_WaitsForPaymentConfirmation_AndIgnoresLateSuccess(paid: False)" storage="d:\repos\novacart\tests\unittests\ordering.unittests\bin\debug\net10.0\novacart.tests.ordering.unittests.dll" id="68732d3b-7d37-8053-fa92-9a4c89dd2dc7">
      <Execution id="ec3f1709-8274-44e8-bdaa-8f886adcfc6c" />
      <TestMethod codeBase="D:\Repos\NovaCart\tests\UnitTests\Ordering.UnitTests\bin\Debug\net10.0\NovaCart.Tests.Ordering.UnitTests.dll" adapterTypeName="executor://xunit/VsTestRunner3/netcore/" className="NovaCart.Tests.Ordering.UnitTests.Application.CancellationWorkflowTests" name="Cancellation_WaitsForPaymentConfirmation_AndIgnoresLateSuccess" />
    </UnitTest>
    <UnitTest name="NovaCart.Tests.Ordering.UnitTests.Application.CreateOrderHandlerTests.Handle_Should_PriceItemsFromCatalog_IgnoringClientInput" storage="d:\repos\novacart\tests\unittests\ordering.unittests\bin\debug\net10.0\novacart.tests.ordering.unittests.dll" id="b98f9b91-3820-d9bc-f609-9afd0b838836">
      <Execution id="45fd74d3-e134-4cb2-adb8-df6700dad125" />
      <TestMethod codeBase="D:\Repos\NovaCart\tests\UnitTests\Ordering.UnitTests\bin\Debug\net10.0\NovaCart.Tests.Ordering.UnitTests.dll" adapterTypeName="executor://xunit/VsTestRunner3/netcore/" className="NovaCart.Tests.Ordering.UnitTests.Application.CreateOrderHandlerTests" name="Handle_Should_PriceItemsFromCatalog_IgnoringClientInput" />
    </UnitTest>
    <UnitTest name="NovaCart.Tests.Ordering.UnitTests.Domain.OrderTests.Cancel_Should_ThrowInvalidOperationException_When_OrderIsAlreadyCancelled" storage="d:\repos\novacart\tests\unittests\ordering.unittests\bin\debug\net10.0\novacart.tests.ordering.unittests.dll" id="ef1b5670-3d4a-510b-0903-1855ad6e0093">
      <Execution id="409a9c75-2e59-4984-a980-ac07829541bd" />
      <TestMethod codeBase="D:\Repos\NovaCart\tests\UnitTests\Ordering.UnitTests\bin\Debug\net10.0\NovaCart.Tests.Ordering.UnitTests.dll" adapterTypeName="executor://xunit/VsTestRunner3/netcore/" className="NovaCart.Tests.Ordering.UnitTests.Domain.OrderTests" name="Cancel_Should_ThrowInvalidOperationException_When_OrderIsAlreadyCancelled" />
    </UnitTest>
    <UnitTest name="NovaCart.Tests.Ordering.UnitTests.Domain.OrderTests.FullLifecycle_Should_TransitionThroughAllStatuses_When_ValidFlow" storage="d:\repos\novacart\tests\unittests\ordering.unittests\bin\debug\net10.0\novacart.tests.ordering.unittests.dll" id="c114d1b5-befc-dd18-e57e-cf5c3aec3f7f">
      <Execution id="7fcd8e7b-b7df-4c63-8a30-64059e8bbdb4" />
      <TestMethod codeBase="D:\Repos\NovaCart\tests\UnitTests\Ordering.UnitTests\bin\Debug\net10.0\NovaCart.Tests.Ordering.UnitTests.dll" adapterTypeName="executor://xunit/VsTestRunner3/netcore/" className="NovaCart.Tests.Ordering.UnitTests.Domain.OrderTests" name="FullLifecycle_Should_TransitionThroughAllStatuses_When_ValidFlow" />
    </UnitTest>
    <UnitTest name="NovaCart.Tests.Ordering.UnitTests.Domain.OrderTests.Create_Should_ReturnOrder_When_ValidData" storage="d:\repos\novacart\tests\unittests\ordering.unittests\bin\debug\net10.0\novacart.tests.ordering.unittests.dll" id="9dd3d822-413f-e74d-5aa4-4fb14f806521">
      <Execution id="394b3c68-5097-4b60-a131-281cbd612ab6" />
      <TestMethod codeBase="D:\Repos\NovaCart\tests\UnitTests\Ordering.UnitTests\bin\Debug\net10.0\NovaCart.Tests.Ordering.UnitTests.dll" adapterTypeName="executor://xunit/VsTestRunner3/netcore/" className="NovaCart.Tests.Ordering.UnitTests.Domain.OrderTests" name="Create_Should_ReturnOrder_When_ValidData" />
    </UnitTest>
    <UnitTest name="NovaCart.Tests.Ordering.UnitTests.Domain.AddressTests.Create_Should_ThrowArgumentException_When_AnyFieldIsEmpty(street: &quot;Street&quot;, city: &quot;City&quot;, state: &quot;State&quot;, country: &quot;&quot;, zipCode: &quot;12345&quot;)" storage="d:\repos\novacart\tests\unittests\ordering.unittests\bin\debug\net10.0\novacart.tests.ordering.unittests.dll" id="3c04136e-9ae3-9af6-09c0-0552fe2900aa">
      <Execution id="ba9443d3-5666-4c04-b615-5dfa00850480" />
      <TestMethod codeBase="D:\Repos\NovaCart\tests\UnitTests\Ordering.UnitTests\bin\Debug\net10.0\NovaCart.Tests.Ordering.UnitTests.dll" adapterTypeName="executor://xunit/VsTestRunner3/netcore/" className="NovaCart.Tests.Ordering.UnitTests.Domain.AddressTests" name="Create_Should_ThrowArgumentException_When_AnyFieldIsEmpty" />
    </UnitTest>
  </TestDefinitions>
  <TestEntries>
    <TestEntry testId="c4710187-e915-8f4b-0122-3903433e7cd0" executionId="3611b4ad-dcff-4745-bf86-9962eb097c37" testListId="8c84fa94-04c1-424b-9868-57a2d4851a1d" />
    <TestEntry testId="ea474695-657e-12c4-383a-a5fe292880a0" executionId="3554a357-c765-469b-ab3f-749dd92a26be" testListId="8c84fa94-04c1-424b-9868-57a2d4851a1d" />
    <TestEntry testId="83982d4b-06e8-20a6-8661-6a3d8a6fc324" executionId="9e8fca56-090a-4197-b917-9d71a8542a25" testListId="8c84fa94-04c1-424b-9868-57a2d4851a1d" />
    <TestEntry testId="028e8942-8bd3-b2d8-cfbf-a8a043df1d3d" executionId="8dc790de-58e2-4820-b19f-135574cffc90" testListId="8c84fa94-04c1-424b-9868-57a2d4851a1d" />
    <TestEntry testId="3c04136e-9ae3-9af6-09c0-0552fe2900aa" executionId="ba9443d3-5666-4c04-b615-5dfa00850480" testListId="8c84fa94-04c1-424b-9868-57a2d4851a1d" />
    <TestEntry testId="d3aed74e-afde-3f4d-6b62-2b379fa19ea3" executionId="c8f4f5f1-ffe8-4451-a889-37133bfd5670" testListId="8c84fa94-04c1-424b-9868-57a2d4851a1d" />
    <TestEntry testId="bc48b55c-233a-0ea8-1cb0-d1ade139a63d" executionId="1424028e-05b9-4d4b-acdb-e0660a11fac8" testListId="8c84fa94-04c1-424b-9868-57a2d4851a1d" />
    <TestEntry testId="ea42e119-3a8e-4b9d-207d-5c88f7541449" executionId="089256c6-f073-4f65-bc5e-b071119fed01" testListId="8c84fa94-04c1-424b-9868-57a2d4851a1d" />
    <TestEntry testId="aec88f09-bcdf-9229-7094-80c3bbf715e5" executionId="8df78a25-8787-4547-9fe1-96a16d28e045" testListId="8c84fa94-04c1-424b-9868-57a2d4851a1d" />
    <TestEntry testId="5911c80b-59d2-a7e7-8cc9-d78a8f28e191" executionId="b3e118ed-5d06-4a35-9ca9-0e920018593f" testListId="8c84fa94-04c1-424b-9868-57a2d4851a1d" />
    <TestEntry testId="68732d3b-7d37-8053-fa92-9a4c89dd2dc7" executionId="ec3f1709-8274-44e8-bdaa-8f886adcfc6c" testListId="8c84fa94-04c1-424b-9868-57a2d4851a1d" />
    <TestEntry testId="aeb9d35c-c1bd-3f44-a99b-df73e0c9e5ca" executionId="753dec63-56ef-409a-8af1-2194764bf954" testListId="8c84fa94-04c1-424b-9868-57a2d4851a1d" />
    <TestEntry testId="ef1b5670-3d4a-510b-0903-1855ad6e0093" executionId="409a9c75-2e59-4984-a980-ac07829541bd" testListId="8c84fa94-04c1-424b-9868-57a2d4851a1d" />
    <TestEntry testId="7c54b472-42cc-fc20-fcc0-237686e87248" executionId="fce8d1f5-12f2-44aa-88f5-c54fc712b48f" testListId="8c84fa94-04c1-424b-9868-57a2d4851a1d" />
    <TestEntry testId="8e10dffa-efce-eaa6-13bb-435376026f4c" executionId="0756e77d-2182-4faa-b354-a728f5152cfe" testListId="8c84fa94-04c1-424b-9868-57a2d4851a1d" />
    <TestEntry testId="922586cc-fc42-3e56-71ad-7e4f1cfb2435" executionId="b3fb1ac0-92be-45d2-9585-9b3c3b9f62aa" testListId="8c84fa94-04c1-424b-9868-57a2d4851a1d" />
    <TestEntry testId="8555a517-5fd6-e8d7-9fab-9014e5127b0f" executionId="43ddb406-60ee-4826-8160-844cd1c78113" testListId="8c84fa94-04c1-424b-9868-57a2d4851a1d" />
    <TestEntry testId="58c5261c-73d5-f8da-55f6-f9f96d4bde1f" executionId="0e955a9e-ef4f-4dc6-9fce-45e24797c38c" testListId="8c84fa94-04c1-424b-9868-57a2d4851a1d" />
    <TestEntry testId="fd883a37-4850-8fbe-14b3-1eb08af8f60d" executionId="e1dda410-053b-410c-a737-6f9bd9039f13" testListId="8c84fa94-04c1-424b-9868-57a2d4851a1d" />
    <TestEntry testId="d15a55b9-e400-5a90-2ec4-700e56a1e116" executionId="85446547-387d-4a58-b896-df8aa785cc7f" testListId="8c84fa94-04c1-424b-9868-57a2d4851a1d" />
    <TestEntry testId="5d160bab-b18a-2e4c-8a84-1df957b1df4c" executionId="4655e4f8-b9f8-4068-81a5-12b8bc02b277" testListId="8c84fa94-04c1-424b-9868-57a2d4851a1d" />
    <TestEntry testId="9cffbac0-3a4e-aa0a-ac9d-7babe70d4967" executionId="1c1432dc-4f16-4b28-b423-fc5ef1bdc031" testListId="8c84fa94-04c1-424b-9868-57a2d4851a1d" />
    <TestEntry testId="7bda7232-9edc-53f9-9f51-fb84a65cfc9a" executionId="27a5564b-e9e2-415b-a9ad-c6f1e48e21ab" testListId="8c84fa94-04c1-424b-9868-57a2d4851a1d" />
    <TestEntry testId="726b15d1-4965-ef22-d222-a45a5ed1fe87" executionId="dc7c6905-f21b-4f40-9e12-78e6d434f120" testListId="8c84fa94-04c1-424b-9868-57a2d4851a1d" />
    <TestEntry testId="2f65c308-94c9-4519-8f75-f9b98e78a460" executionId="e244e63f-3491-4b0a-8708-4a8ca45c3fe8" testListId="8c84fa94-04c1-424b-9868-57a2d4851a1d" />
    <TestEntry testId="4c11c0d2-c925-e41b-5d03-539540d6a333" executionId="4ebaf449-dc4b-40e0-b78d-10eef2cf703b" testListId="8c84fa94-04c1-424b-9868-57a2d4851a1d" />
    <TestEntry testId="de79c856-7170-d43e-80bc-1292413df7ba" executionId="7237a863-3934-4f4d-8476-8d7eb3d92d62" testListId="8c84fa94-04c1-424b-9868-57a2d4851a1d" />
    <TestEntry testId="9dd3d822-413f-e74d-5aa4-4fb14f806521" executionId="394b3c68-5097-4b60-a131-281cbd612ab6" testListId="8c84fa94-04c1-424b-9868-57a2d4851a1d" />
    <TestEntry testId="9364e421-a99f-e6bd-8010-2952aede31eb" executionId="e12b7551-ed98-4c62-8a4f-55b4b271605a" testListId="8c84fa94-04c1-424b-9868-57a2d4851a1d" />
    <TestEntry testId="f51a0585-434b-f7ae-a122-83da3f1fd705" executionId="4a89d8d9-6865-4c66-accf-2782fed4b94c" testListId="8c84fa94-04c1-424b-9868-57a2d4851a1d" />
    <TestEntry testId="b7187dfb-2768-6e46-d2f8-3f5c43e51c1f" executionId="8c9d5124-45be-436d-b7e9-e7fc2751bf88" testListId="8c84fa94-04c1-424b-9868-57a2d4851a1d" />
    <TestEntry testId="c114d1b5-befc-dd18-e57e-cf5c3aec3f7f" executionId="7fcd8e7b-b7df-4c63-8a30-64059e8bbdb4" testListId="8c84fa94-04c1-424b-9868-57a2d4851a1d" />
    <TestEntry testId="b98f9b91-3820-d9bc-f609-9afd0b838836" executionId="45fd74d3-e134-4cb2-adb8-df6700dad125" testListId="8c84fa94-04c1-424b-9868-57a2d4851a1d" />
    <TestEntry testId="9991dd55-83c0-027c-8311-25bc8cc319f0" executionId="6e83a8cc-ab75-4be9-8bc0-914f07f03be4" testListId="8c84fa94-04c1-424b-9868-57a2d4851a1d" />
    <TestEntry testId="6c5b97dd-f97b-8763-d69e-f302c91bbbf4" executionId="8147fa4f-d158-41db-939d-db84969bd96a" testListId="8c84fa94-04c1-424b-9868-57a2d4851a1d" />
    <TestEntry testId="2af73e85-1947-3fb9-9cb8-b72a70cf458a" executionId="818a7689-e420-4771-9b37-351668865734" testListId="8c84fa94-04c1-424b-9868-57a2d4851a1d" />
    <TestEntry testId="56a387b2-09de-7d3f-68ac-6888d032f162" executionId="76709444-e78a-41fb-ad44-6666fd9a8388" testListId="8c84fa94-04c1-424b-9868-57a2d4851a1d" />
    <TestEntry testId="6844c663-f299-a74f-1ba0-01a08debfd10" executionId="82dda47f-8951-4371-86fb-9503c966fe88" testListId="8c84fa94-04c1-424b-9868-57a2d4851a1d" />
  </TestEntries>
  <TestLists>
    <TestList name="Список результатов" id="8c84fa94-04c1-424b-9868-57a2d4851a1d" />
    <TestList name="Все загруженные результаты" id="19431567-8539-422a-85d7-44ee4e166bda" />
  </TestLists>
  <ResultSummary outcome="Completed">
    <Counters total="38" executed="38" passed="38" failed="0" error="0" timeout="0" aborted="0" inconclusive="0" passedButRunAborted="0" notRunnable="0" notExecuted="0" disconnected="0" warning="0" completed="0" inProgress="0" pending="0" />
    <Output>
      <StdOut>[xUnit.net 00:00:00.00] xUnit.net VSTest Adapter v3.1.4+50e68bbb8b (64-bit .NET 10.0.12)&#xD;
[xUnit.net 00:00:02.11]   Discovering: NovaCart.Tests.Ordering.UnitTests&#xD;
[xUnit.net 00:00:02.16]   Discovered:  NovaCart.Tests.Ordering.UnitTests&#xD;
[xUnit.net 00:00:02.18]   Starting:    NovaCart.Tests.Ordering.UnitTests&#xD;
     Warning:&#xD;
     The component "Fluent Assertions" is governed by the rules defined in the Xceed License Agreement and&#xD;
     the Xceed Fluent Assertions Community License. You may use Fluent Assertions free of charge for&#xD;
     non-commercial use only. An active subscription is required to use Fluent Assertions for commercial use.&#xD;
     Please contact Xceed Sales mailto:sales@xceed.com to acquire a subscription at a very low cost.&#xD;
     A paid commercial license supports the development and continued increasing support of&#xD;
     Fluent Assertions users under both commercial and community licenses. Help us&#xD;
     keep Fluent Assertions at the forefront of unit testing.&#xD;
     For more information, visit https://xceed.com/products/unit-testing/fluent-assertions/&#xD;
[xUnit.net 00:00:02.33]   Finished:    NovaCart.Tests.Ordering.UnitTests&#xD;
</StdOut>
    </Output>
  </ResultSummary>
</TestRun>