<?xml version="1.0" encoding="utf-8"?>
<TestRun id="3e15339e-5ade-4c37-bd10-1adf972f204d" name="inedb@MSI-DT 2026-09-20 11:51:21" runUser="MSI-DT\inedb" xmlns="http://microsoft.com/schemas/VisualStudio/TeamTest/2010">
  <Times creation="2026-09-20T11:51:21.4663086+03:00" queuing="2026-09-20T11:51:21.4663088+03:00" start="2026-09-20T11:51:18.7908314+03:00" finish="2026-09-20T11:51:21.5755506+03:00" />
  <TestSettings name="default" id="38947d82-b45a-49f7-bcb8-f60f157ad8dd">
    <Deployment runDeploymentRoot="inedb_MSI-DT_2026-09-20_11_51_21" />
  </TestSettings>
  <Results>
    <UnitTestResult executionId="ed17d6f8-39cf-493d-9146-68218b536569" testId="46eec0b5-ead1-6586-93ff-85e8f579f8d3" testName="NovaCart.Tests.Payment.UnitTests.Domain.PaymentRecordTests.MarkAsFailed_Should_UpdateStatusAndReason_When_Pending" computerName="MSI-DT" duration="00:00:00.0002093" startTime="2026-09-20T11:51:21.4599846+03:00" endTime="2026-09-20T11:51:21.4600326+03:00" testType="13cdc9d9-ddb5-4fa4-a97d-d965ccfc6d4b" outcome="Passed" testListId="8c84fa94-04c1-424b-9868-57a2d4851a1d" relativeResultsDirectory="ed17d6f8-39cf-493d-9146-68218b536569" />
    <UnitTestResult executionId="68b3198e-9ce2-4afe-8614-e60c0ade8c43" testId="a35ca8e3-93c5-e6c3-8c19-52937872801a" testName="NovaCart.Tests.Payment.UnitTests.Application.OrderCreatedIntegrationEventConsumerTests.Consume_Should_SkipProcessing_When_PaymentAlreadySucceeded" computerName="MSI-DT" duration="00:00:00.0015607" startTime="2026-09-20T11:51:21.5174412+03:00" endTime="2026-09-20T11:51:21.5184764+03:00" testType="13cdc9d9-ddb5-4fa4-a97d-d965ccfc6d4b" outcome="Passed" testListId="8c84fa94-04c1-424b-9868-57a2d4851a1d" relativeResultsDirectory="68b3198e-9ce2-4afe-8614-e60c0ade8c43" />
    <UnitTestResult executionId="d43adb38-eadd-4be7-9727-431ef1a28428" testId="59434367-409e-9b84-5602-8e44588a9566" testName="NovaCart.Tests.Payment.UnitTests.Domain.PaymentRecordTests.Create_Should_NormalizeCurrency_When_LowerCase" computerName="MSI-DT" duration="00:00:00.0001372" startTime="2026-09-20T11:51:21.4601242+03:00" endTime="2026-09-20T11:51:21.4601498+03:00" testType="13cdc9d9-ddb5-4fa4-a97d-d965ccfc6d4b" outcome="Passed" testListId="8c84fa94-04c1-424b-9868-57a2d4851a1d" relativeResultsDirectory="d43adb38-eadd-4be7-9727-431ef1a28428" />
    <UnitTestResult executionId="2985457d-e8ca-4493-8e81-4ca31182c704" testId="3c1104b4-6ec0-cf15-1e35-5c3828d3a48f" testName="NovaCart.Tests.Payment.UnitTests.Domain.PaymentRecordTests.MarkAsFailed_Should_ThrowArgumentException_When_EmptyReason(reason: &quot;&quot;)" computerName="MSI-DT" duration="00:00:00.0012321" startTime="2026-09-20T11:51:21.4423828+03:00" endTime="2026-09-20T11:51:21.4426144+03:00" testType="13cdc9d9-ddb5-4fa4-a97d-d965ccfc6d4b" outcome="Passed" testListId="8c84fa94-04c1-424b-9868-57a2d4851a1d" relativeResultsDirectory="2985457d-e8ca-4493-8e81-4ca31182c704" />
    <UnitTestResult executionId="a54e9fb3-caca-4074-9c99-aa5f99b65d99" testId="bcb94f29-a43e-641a-fab7-c676235926b9" testName="NovaCart.Tests.Payment.UnitTests.Domain.PaymentStatusTests.From_Should_ThrowArgumentException_When_InvalidValue(value: &quot;pending&quot;)" computerName="MSI-DT" duration="00:00:00.0008827" startTime="2026-09-20T11:51:21.4538698+03:00" endTime="2026-09-20T11:51:21.4540137+03:00" testType="13cdc9d9-ddb5-4fa4-a97d-d965ccfc6d4b" outcome="Passed" testListId="8c84fa94-04c1-424b-9868-57a2d4851a1d" relativeResultsDirectory="a54e9fb3-caca-4074-9c99-aa5f99b65d99" />
    <UnitTestResult executionId="ccd089b0-68d1-44d7-873e-e89abfa99d79" testId="b8a4cc0a-af09-0aa7-eaab-a804f1141318" testName="NovaCart.Tests.Payment.UnitTests.Domain.PaymentStatusTests.Equality_Should_BeFalse_When_DifferentStatus" computerName="MSI-DT" duration="00:00:00.0015127" startTime="2026-09-20T11:51:21.4416437+03:00" endTime="2026-09-20T11:51:21.4424354+03:00" testType="13cdc9d9-ddb5-4fa4-a97d-d965ccfc6d4b" outcome="Passed" testListId="8c84fa94-04c1-424b-9868-57a2d4851a1d" relativeResultsDirectory="ccd089b0-68d1-44d7-873e-e89abfa99d79" />
    <UnitTestResult executionId="c33d7787-0073-427c-822e-f2577c3cec54" testId="01d12902-65fb-7bbd-7f2b-1e27a8c15314" testName="NovaCart.Tests.Payment.UnitTests.Domain.PaymentRecordTests.Create_Should_ReturnPaymentRecord_When_ValidData" computerName="MSI-DT" duration="00:00:00.0028507" startTime="2026-09-20T11:51:21.4583692+03:00" endTime="2026-09-20T11:51:21.4590247+03:00" testType="13cdc9d9-ddb5-4fa4-a97d-d965ccfc6d4b" outcome="Passed" testListId="8c84fa94-04c1-424b-9868-57a2d4851a1d" relativeResultsDirectory="c33d7787-0073-427c-822e-f2577c3cec54" />
    <UnitTestResult executionId="d24fe035-8d70-4cc0-83f7-0771f39f1c31" testId="edf76bb9-ee50-08ec-7b4c-e96646f8af37" testName="NovaCart.Tests.Payment.UnitTests.Domain.PaymentRecordTests.MarkAsSucceeded_Should_ThrowInvalidOperationException_When_AlreadySucceeded" computerName="MSI-DT" duration="00:00:00.0005356" startTime="2026-09-20T11:51:21.4574579+03:00" endTime="2026-09-20T11:51:21.4582707+03:00" testType="13cdc9d9-ddb5-4fa4-a97d-d965ccfc6d4b" outcome="Passed" testListId="8c84fa94-04c1-424b-9868-57a2d4851a1d" relativeResultsDirectory="d24fe035-8d70-4cc0-83f7-0771f39f1c31" />
    <UnitTestResult executionId="c7494aed-0fbc-4488-8f94-81955ad59485" testId="470a4361-18a5-2ba3-0832-53c53b7e75e4" testName="NovaCart.Tests.Payment.UnitTests.Domain.PaymentRecordTests.MarkAsSucceeded_Should_ThrowInvalidOperationException_When_AlreadyFailed" computerName="MSI-DT" duration="00:00:00.0305794" startTime="2026-09-20T11:51:21.4209888+03:00" endTime="2026-09-20T11:51:21.4417105+03:00" testType="13cdc9d9-ddb5-4fa4-a97d-d965ccfc6d4b" outcome="Passed" testListId="8c84fa94-04c1-424b-9868-57a2d4851a1d" relativeResultsDirectory="c7494aed-0fbc-4488-8f94-81955ad59485" />
    <UnitTestResult executionId="c1843611-dd54-4f0e-9e37-2164e60be2fe" testId="36ad56de-1e09-84cf-878f-b3363f7471b7" testName="NovaCart.Tests.Payment.UnitTests.Domain.PaymentRecordTests.Create_Should_ThrowArgumentException_When_InvalidAmount(amount: -1)" computerName="MSI-DT" duration="00:00:00.0003148" startTime="2026-09-20T11:51:21.4604756+03:00" endTime="2026-09-20T11:51:21.4604998+03:00" testType="13cdc9d9-ddb5-4fa4-a97d-d965ccfc6d4b" outcome="Passed" testListId="8c84fa94-04c1-424b-9868-57a2d4851a1d" relativeResultsDirectory="c1843611-dd54-4f0e-9e37-2164e60be2fe" />
    <UnitTestResult executionId="667be7ab-60bd-43c5-b996-78593a806841" testId="26dac637-ec6b-2e74-d88c-9367754371d5" testName="NovaCart.Tests.Payment.UnitTests.Application.CancellationAndFreeOrderTests.CancellationBeforeCreation_PreventsDelayedPayment" computerName="MSI-DT" duration="00:00:00.0037393" startTime="2026-09-20T11:51:21.5146923+03:00" endTime="2026-09-20T11:51:21.5186673+03:00" testType="13cdc9d9-ddb5-4fa4-a97d-d965ccfc6d4b" outcome="Passed" testListId="8c84fa94-04c1-424b-9868-57a2d4851a1d" relativeResultsDirectory="667be7ab-60bd-43c5-b996-78593a806841" />
    <UnitTestResult executionId="3a66698a-4d09-4543-b196-34595efcd1b9" testId="2f386270-7e07-05a0-6a54-4ce354e13195" testName="NovaCart.Tests.Payment.UnitTests.Application.OrderCreatedIntegrationEventConsumerTests.Consume_Should_PublishSucceededOrFailedEvent_When_NewOrder" computerName="MSI-DT" duration="00:00:00.1177203" startTime="2026-09-20T11:51:21.4192182+03:00" endTime="2026-09-20T11:51:21.5166584+03:00" testType="13cdc9d9-ddb5-4fa4-a97d-d965ccfc6d4b" outcome="Passed" testListId="8c84fa94-04c1-424b-9868-57a2d4851a1d" relativeResultsDirectory="3a66698a-4d09-4543-b196-34595efcd1b9" />
    <UnitTestResult executionId="2848c83b-ef13-40ca-9e2b-ab1e23fdee59" testId="96d1d684-b70e-5104-8471-a275904bf183" testName="NovaCart.Tests.Payment.UnitTests.Domain.PaymentRecordTests.Create_Should_ThrowArgumentException_When_EmptyCurrency(currency: &quot;&quot;)" computerName="MSI-DT" duration="00:00:00.0001340" startTime="2026-09-20T11:51:21.4593016+03:00" endTime="2026-09-20T11:51:21.4593301+03:00" testType="13cdc9d9-ddb5-4fa4-a97d-d965ccfc6d4b" outcome="Passed" testListId="8c84fa94-04c1-424b-9868-57a2d4851a1d" relativeResultsDirectory="2848c83b-ef13-40ca-9e2b-ab1e23fdee59" />
    <UnitTestResult executionId="5becb882-9faa-46e4-834a-0048daa292ff" testId="93ae927a-f3d7-6808-7991-0971e0130554" testName="NovaCart.Tests.Payment.UnitTests.Domain.PaymentStatusTests.From_Should_ReturnStatus_When_ValidValue(value: &quot;Pending&quot;)" computerName="MSI-DT" duration="00:00:00.0000095" startTime="2026-09-20T11:51:21.4531904+03:00" endTime="2026-09-20T11:51:21.4536229+03:00" testType="13cdc9d9-ddb5-4fa4-a97d-d965ccfc6d4b" outcome="Passed" testListId="8c84fa94-04c1-424b-9868-57a2d4851a1d" relativeResultsDirectory="5becb882-9faa-46e4-834a-0048daa292ff" />
    <UnitTestResult executionId="8bd6e611-bb1f-4e9f-bf66-a8cb0ee6d8a7" testId="581fba00-7de1-7b48-226a-8a7f44133166" testName="NovaCart.Tests.Payment.UnitTests.Application.CancellationAndFreeOrderTests.Cancellation_ConfirmsOnlyAfterVoidingOrRefunding(paid: False)" computerName="MSI-DT" duration="00:00:00.0012882" startTime="2026-09-20T11:51:21.5132919+03:00" endTime="2026-09-20T11:51:21.5145540+03:00" testType="13cdc9d9-ddb5-4fa4-a97d-d965ccfc6d4b" outcome="Passed" testListId="8c84fa94-04c1-424b-9868-57a2d4851a1d" relativeResultsDirectory="8bd6e611-bb1f-4e9f-bf66-a8cb0ee6d8a7" />
    <UnitTestResult executionId="75df233c-c766-4488-a746-2d2d9cad3e99" testId="a63670cb-e845-cd1c-10bc-3f873a38dd3f" testName="NovaCart.Tests.Payment.UnitTests.Domain.PaymentStatusTests.From_Should_ReturnStatus_When_ValidValue(value: &quot;Failed&quot;)" computerName="MSI-DT" duration="00:00:00.0001297" startTime="2026-09-20T11:51:21.4429021+03:00" endTime="2026-09-20T11:51:21.4429316+03:00" testType="13cdc9d9-ddb5-4fa4-a97d-d965ccfc6d4b" outcome="Passed" testListId="8c84fa94-04c1-424b-9868-57a2d4851a1d" relativeResultsDirectory="75df233c-c766-4488-a746-2d2d9cad3e99" />
    <UnitTestResult executionId="3c8418bc-df99-4a30-8efe-64d9bdda40b5" testId="c561d137-0ffd-d8d7-638a-6dbe9150f9f7" testName="NovaCart.Tests.Payment.UnitTests.Domain.PaymentRecordTests.Create_Should_ThrowArgumentException_When_InvalidAmount(amount: -999.99)" computerName="MSI-DT" duration="00:00:00.0004172" startTime="2026-09-20T11:51:21.4603683+03:00" endTime="2026-09-20T11:51:21.4603996+03:00" testType="13cdc9d9-ddb5-4fa4-a97d-d965ccfc6d4b" outcome="Passed" testListId="8c84fa94-04c1-424b-9868-57a2d4851a1d" relativeResultsDirectory="3c8418bc-df99-4a30-8efe-64d9bdda40b5" />
    <UnitTestResult executionId="b0eba24b-0793-4ec7-a0c5-e32ec2c4f7ea" testId="041ce26d-c59a-74ab-5987-36e5fdf72fb5" testName="NovaCart.Tests.Payment.UnitTests.Domain.PaymentRecordTests.Create_Should_ThrowArgumentException_When_InvalidCurrencyFormat(currency: &quot;US&quot;)" computerName="MSI-DT" duration="00:00:00.0001218" startTime="2026-09-20T11:51:21.4573793+03:00" endTime="2026-09-20T11:51:21.4574019+03:00" testType="13cdc9d9-ddb5-4fa4-a97d-d965ccfc6d4b" outcome="Passed" testListId="8c84fa94-04c1-424b-9868-57a2d4851a1d" relativeResultsDirectory="b0eba24b-0793-4ec7-a0c5-e32ec2c4f7ea" />
    <UnitTestResult executionId="40bc2b12-16ee-4b09-9b2b-c87eba58cf43" testId="1894f8a1-1140-4dcf-9fb3-59ea6b62d95b" testName="NovaCart.Tests.Payment.UnitTests.Domain.PaymentStatusTests.ImplicitConversion_Should_ReturnStringValue" computerName="MSI-DT" duration="00:00:00.0263725" startTime="2026-09-20T11:51:21.4210189+03:00" endTime="2026-09-20T11:51:21.4303756+03:00" testType="13cdc9d9-ddb5-4fa4-a97d-d965ccfc6d4b" outcome="Passed" testListId="8c84fa94-04c1-424b-9868-57a2d4851a1d" relativeResultsDirectory="40bc2b12-16ee-4b09-9b2b-c87eba58cf43" />
    <UnitTestResult executionId="9e6d19fd-deb9-422f-a823-440702546bc9" testId="d5b5ef66-a6d0-c929-b751-8ffc4d6d9d7c" testName="NovaCart.Tests.Payment.UnitTests.Domain.PaymentRecordTests.MarkAsFailed_Should_ThrowArgumentException_When_ReasonTooLong" computerName="MSI-DT" duration="00:00:00.0004425" startTime="2026-09-20T11:51:21.4602364+03:00" endTime="2026-09-20T11:51:21.4602697+03:00" testType="13cdc9d9-ddb5-4fa4-a97d-d965ccfc6d4b" outcome="Passed" testListId="8c84fa94-04c1-424b-9868-57a2d4851a1d" relativeResultsDirectory="9e6d19fd-deb9-422f-a823-440702546bc9" />
    <UnitTestResult executionId="64f5250c-c4cd-4bf8-bdd7-61475c164bc4" testId="f7c80b13-eba9-052c-4108-18d582fa41e4" testName="NovaCart.Tests.Payment.UnitTests.Domain.PaymentRecordTests.MarkAsFailed_Should_ThrowInvalidOperationException_When_AlreadySucceeded" computerName="MSI-DT" duration="00:00:00.0046127" startTime="2026-09-20T11:51:21.4605726+03:00" endTime="2026-09-20T11:51:21.4605990+03:00" testType="13cdc9d9-ddb5-4fa4-a97d-d965ccfc6d4b" outcome="Passed" testListId="8c84fa94-04c1-424b-9868-57a2d4851a1d" relativeResultsDirectory="64f5250c-c4cd-4bf8-bdd7-61475c164bc4" />
    <UnitTestResult executionId="a1a157cd-fe57-45a2-9f4e-fc2c41ab140d" testId="f257d9df-d365-0013-2a62-0e5e80185ccb" testName="NovaCart.Tests.Payment.UnitTests.Domain.PaymentRecordTests.MarkAsSucceeded_Should_UpdateStatus_When_Pending" computerName="MSI-DT" duration="00:00:00.0011216" startTime="2026-09-20T11:51:21.4539618+03:00" endTime="2026-09-20T11:51:21.4541794+03:00" testType="13cdc9d9-ddb5-4fa4-a97d-d965ccfc6d4b" outcome="Passed" testListId="8c84fa94-04c1-424b-9868-57a2d4851a1d" relativeResultsDirectory="a1a157cd-fe57-45a2-9f4e-fc2c41ab140d" />
    <UnitTestResult executionId="f5f1d08e-c76a-45a7-9590-5890a8320b0b" testId="0836787d-1871-85a3-2dfb-6d959da76667" testName="NovaCart.Tests.Payment.UnitTests.Application.OrderCreatedIntegrationEventConsumerTests.Consume_Should_CreatePaymentAndSave_When_NewOrder" computerName="MSI-DT" duration="00:00:00.0007393" startTime="2026-09-20T11:51:21.5193508+03:00" endTime="2026-09-20T11:51:21.5200622+03:00" testType="13cdc9d9-ddb5-4fa4-a97d-d965ccfc6d4b" outcome="Passed" testListId="8c84fa94-04c1-424b-9868-57a2d4851a1d" relativeResultsDirectory="f5f1d08e-c76a-45a7-9590-5890a8320b0b" />
    <UnitTestResult executionId="4acd9d4c-ef7d-4181-b8be-d8193cc1236c" testId="d756ad43-8ca5-e7be-a8bc-4e81209f7019" testName="NovaCart.Tests.Payment.UnitTests.Domain.PaymentRecordTests.Create_Should_ThrowArgumentException_When_EmptyCurrency(currency: &quot;   &quot;)" computerName="MSI-DT" duration="00:00:00.0006976" startTime="2026-09-20T11:51:21.4591450+03:00" endTime="2026-09-20T11:51:21.4591754+03:00" testType="13cdc9d9-ddb5-4fa4-a97d-d965ccfc6d4b" outcome="Passed" testListId="8c84fa94-04c1-424b-9868-57a2d4851a1d" relativeResultsDirectory="4acd9d4c-ef7d-4181-b8be-d8193cc1236c" />
    <UnitTestResult executionId="f62a4282-67e6-464d-9294-dd7ee7e7c199" testId="d03bdaa3-a248-7d31-5fcc-201e11ac85ad" testName="NovaCart.Tests.Payment.UnitTests.Domain.PaymentStatusTests.From_Should_ThrowArgumentException_When_InvalidValue(value: &quot;Invalid&quot;)" computerName="MSI-DT" duration="00:00:00.0003373" startTime="2026-09-20T11:51:21.4541266+03:00" endTime="2026-09-20T11:51:21.4543516+03:00" testType="13cdc9d9-ddb5-4fa4-a97d-d965ccfc6d4b" outcome="Passed" testListId="8c84fa94-04c1-424b-9868-57a2d4851a1d" relativeResultsDirectory="f62a4282-67e6-464d-9294-dd7ee7e7c199" />
    <UnitTestResult executionId="01567eb2-fe8f-4a2a-a314-bd4d4a54c923" testId="e7beae5e-421b-efbd-56c8-5f488e96d62d" testName="NovaCart.Tests.Payment.UnitTests.Domain.PaymentRecordTests.MarkAsFailed_Should_ThrowArgumentException_When_EmptyReason(reason: null)" computerName="MSI-DT" duration="00:00:00.0003356" startTime="2026-09-20T11:51:21.4427799+03:00" endTime="2026-09-20T11:51:21.4532526+03:00" testType="13cdc9d9-ddb5-4fa4-a97d-d965ccfc6d4b" outcome="Passed" testListId="8c84fa94-04c1-424b-9868-57a2d4851a1d" relativeResultsDirectory="01567eb2-fe8f-4a2a-a314-bd4d4a54c923" />
    <UnitTestResult executionId="fab563f0-373c-461c-b34c-e0dbfd5fb4aa" testId="fd0b1b7b-330e-0cec-af70-38a27bba8166" testName="NovaCart.Tests.Payment.UnitTests.Application.CancellationAndFreeOrderTests.Cancellation_ConfirmsOnlyAfterVoidingOrRefunding(paid: True)" computerName="MSI-DT" duration="00:00:00.1141927" startTime="2026-09-20T11:51:21.4209314+03:00" endTime="2026-09-20T11:51:21.5131712+03:00" testType="13cdc9d9-ddb5-4fa4-a97d-d965ccfc6d4b" outcome="Passed" testListId="8c84fa94-04c1-424b-9868-57a2d4851a1d" relativeResultsDirectory="fab563f0-373c-461c-b34c-e0dbfd5fb4aa" />
    <UnitTestResult executionId="61709167-e586-4e58-b234-dec911a80b18" testId="d2a06cf4-979e-80c3-ebfd-f34dec4c715b" testName="NovaCart.Tests.Payment.UnitTests.Domain.PaymentStatusTests.ToString_Should_ReturnValue" computerName="MSI-DT" duration="00:00:00.0002242" startTime="2026-09-20T11:51:21.4546659+03:00" endTime="2026-09-20T11:51:21.4547131+03:00" testType="13cdc9d9-ddb5-4fa4-a97d-d965ccfc6d4b" outcome="Passed" testListId="8c84fa94-04c1-424b-9868-57a2d4851a1d" relativeResultsDirectory="61709167-e586-4e58-b234-dec911a80b18" />
    <UnitTestResult executionId="2e39e1e1-8129-4df8-b750-01ebd789b32c" testId="fa5de203-a216-63bd-0b62-9e1d2441522d" testName="NovaCart.Tests.Payment.UnitTests.Domain.PaymentStatusTests.Equality_Should_BeTrue_When_SameStatus" computerName="MSI-DT" duration="00:00:00.0001373" startTime="2026-09-20T11:51:21.4548448+03:00" endTime="2026-09-20T11:51:21.4571469+03:00" testType="13cdc9d9-ddb5-4fa4-a97d-d965ccfc6d4b" outcome="Passed" testListId="8c84fa94-04c1-424b-9868-57a2d4851a1d" relativeResultsDirectory="2e39e1e1-8129-4df8-b750-01ebd789b32c" />
    <UnitTestResult executionId="45764139-018d-4bca-8836-00a2432f6128" testId="9032d486-2c79-3533-9356-e8761590a47a" testName="NovaCart.Tests.Payment.UnitTests.Domain.PaymentRecordTests.Create_Should_ThrowArgumentException_When_InvalidCurrencyFormat(currency: &quot;12A&quot;)" computerName="MSI-DT" duration="00:00:00.0005737" startTime="2026-09-20T11:51:21.4572318+03:00" endTime="2026-09-20T11:51:21.4572626+03:00" testType="13cdc9d9-ddb5-4fa4-a97d-d965ccfc6d4b" outcome="Passed" testListId="8c84fa94-04c1-424b-9868-57a2d4851a1d" relativeResultsDirectory="45764139-018d-4bca-8836-00a2432f6128" />
    <UnitTestResult executionId="a29da113-35e5-48d4-bb7c-6d9546248cf6" testId="d297243b-0323-24ee-faea-7062e6f94dda" testName="NovaCart.Tests.Payment.UnitTests.Domain.PaymentRecordTests.Create_Should_ThrowArgumentException_When_EmptyCurrency(currency: null)" computerName="MSI-DT" duration="00:00:00.0003844" startTime="2026-09-20T11:51:21.4592273+03:00" endTime="2026-09-20T11:51:21.4592515+03:00" testType="13cdc9d9-ddb5-4fa4-a97d-d965ccfc6d4b" outcome="Passed" testListId="8c84fa94-04c1-424b-9868-57a2d4851a1d" relativeResultsDirectory="a29da113-35e5-48d4-bb7c-6d9546248cf6" />
    <UnitTestResult executionId="d59a381c-c17e-4af5-afb1-bce86ef2bc8a" testId="17311e70-e674-ae34-79ac-48b0990db905" testName="NovaCart.Tests.Payment.UnitTests.Domain.PaymentRecordTests.Create_Should_ThrowArgumentException_When_InvalidCurrencyFormat(currency: &quot;USDT&quot;)" computerName="MSI-DT" duration="00:00:00.0003253" startTime="2026-09-20T11:51:21.4573138+03:00" endTime="2026-09-20T11:51:21.4573379+03:00" testType="13cdc9d9-ddb5-4fa4-a97d-d965ccfc6d4b" outcome="Passed" testListId="8c84fa94-04c1-424b-9868-57a2d4851a1d" relativeResultsDirectory="d59a381c-c17e-4af5-afb1-bce86ef2bc8a" />
    <UnitTestResult executionId="731147ac-6b55-400a-85cc-984389f23760" testId="e29f4727-0644-24e5-9f1f-d027c5c595f5" testName="NovaCart.Tests.Payment.UnitTests.Domain.PaymentRecordTests.MarkAsFailed_Should_ThrowArgumentException_When_EmptyReason(reason: &quot;   &quot;)" computerName="MSI-DT" duration="00:00:00.0003816" startTime="2026-09-20T11:51:21.4426840+03:00" endTime="2026-09-20T11:51:21.4427215+03:00" testType="13cdc9d9-ddb5-4fa4-a97d-d965ccfc6d4b" outcome="Passed" testListId="8c84fa94-04c1-424b-9868-57a2d4851a1d" relativeResultsDirectory="731147ac-6b55-400a-85cc-984389f23760" />
    <UnitTestResult executionId="175e6668-83be-4965-b16b-1475466f7e2b" testId="e07295b1-d259-b3ab-ed65-96cb95e349d5" testName="NovaCart.Tests.Payment.UnitTests.Application.CancellationAndFreeOrderTests.FreeOrder_SucceedsEvenWhenProviderWouldDecline" computerName="MSI-DT" duration="00:00:00.0017968" startTime="2026-09-20T11:51:21.5191402+03:00" endTime="2026-09-20T11:51:21.5201441+03:00" testType="13cdc9d9-ddb5-4fa4-a97d-d965ccfc6d4b" outcome="Passed" testListId="8c84fa94-04c1-424b-9868-57a2d4851a1d" relativeResultsDirectory="175e6668-83be-4965-b16b-1475466f7e2b" />
    <UnitTestResult executionId="2744f36b-67b3-4db3-a3a1-64a7b269f54a" testId="f185acc8-252e-1523-b704-66141c9d4bf0" testName="NovaCart.Tests.Payment.UnitTests.Application.OrderCreatedIntegrationEventConsumerTests.Consume_Should_SkipProcessing_When_PaymentAlreadyFailed" computerName="MSI-DT" duration="00:00:00.0009472" startTime="2026-09-20T11:51:21.5190981+03:00" endTime="2026-09-20T11:51:21.5192537+03:00" testType="13cdc9d9-ddb5-4fa4-a97d-d965ccfc6d4b" outcome="Passed" testListId="8c84fa94-04c1-424b-9868-57a2d4851a1d" relativeResultsDirectory="2744f36b-67b3-4db3-a3a1-64a7b269f54a" />
    <UnitTestResult executionId="594aeab2-ba9a-49ad-9395-14e39dbb8d35" testId="ae8c740e-a2a2-66fb-13f5-6a32bdac12a8" testName="NovaCart.Tests.Payment.UnitTests.Domain.PaymentStatusTests.From_Should_ReturnStatus_When_ValidValue(value: &quot;Succeeded&quot;)" computerName="MSI-DT" duration="00:00:00.0016626" startTime="2026-09-20T11:51:21.4425624+03:00" endTime="2026-09-20T11:51:21.4428182+03:00" testType="13cdc9d9-ddb5-4fa4-a97d-d965ccfc6d4b" outcome="Passed" testListId="8c84fa94-04c1-424b-9868-57a2d4851a1d" relativeResultsDirectory="594aeab2-ba9a-49ad-9395-14e39dbb8d35" />
    <UnitTestResult executionId="ee87aad7-433a-4d8b-93ae-3656bfac7b43" testId="47f42c25-6017-2348-ddb9-8e38015abdcd" testName="NovaCart.Tests.Payment.UnitTests.Domain.PaymentStatusTests.From_Should_ThrowArgumentException_When_InvalidValue(value: &quot;&quot;)" computerName="MSI-DT" duration="00:00:00.0001261" startTime="2026-09-20T11:51:21.4544775+03:00" endTime="2026-09-20T11:51:21.4545284+03:00" testType="13cdc9d9-ddb5-4fa4-a97d-d965ccfc6d4b" outcome="Passed" testListId="8c84fa94-04c1-424b-9868-57a2d4851a1d" relativeResultsDirectory="ee87aad7-433a-4d8b-93ae-3656bfac7b43" />
    <UnitTestResult executionId="a6e8ee58-40a4-495d-8341-ae37ffdbc1b9" testId="75390f68-0dcc-b177-2f27-71ef3923a14b" testName="NovaCart.Tests.Payment.UnitTests.Domain.PaymentRecordTests.Create_Should_ThrowArgumentException_When_EmptyOrderId" computerName="MSI-DT" duration="00:00:00.0006470" startTime="2026-09-20T11:51:21.4542993+03:00" endTime="2026-09-20T11:51:21.4548832+03:00" testType="13cdc9d9-ddb5-4fa4-a97d-d965ccfc6d4b" outcome="Passed" testListId="8c84fa94-04c1-424b-9868-57a2d4851a1d" relativeResultsDirectory="a6e8ee58-40a4-495d-8341-ae37ffdbc1b9" />
  </Results>
  <TestDefinitions>
    <UnitTest name="NovaCart.Tests.Payment.UnitTests.Domain.PaymentRecordTests.MarkAsSucceeded_Should_ThrowInvalidOperationException_When_AlreadyFailed" storage="d:\repos\novacart\tests\unittests\payment.unittests\bin\debug\net10.0\novacart.tests.payment.unittests.dll" id="470a4361-18a5-2ba3-0832-53c53b7e75e4">
      <Execution id="c7494aed-0fbc-4488-8f94-81955ad59485" />
      <TestMethod codeBase="D:\Repos\NovaCart\tests\UnitTests\Payment.UnitTests\bin\Debug\net10.0\NovaCart.Tests.Payment.UnitTests.dll" adapterTypeName="executor://xunit/VsTestRunner3/netcore/" className="NovaCart.Tests.Payment.UnitTests.Domain.PaymentRecordTests" name="MarkAsSucceeded_Should_ThrowInvalidOperationException_When_AlreadyFailed" />
    </UnitTest>
    <UnitTest name="NovaCart.Tests.Payment.UnitTests.Domain.PaymentRecordTests.MarkAsSucceeded_Should_ThrowInvalidOperationException_When_AlreadySucceeded" storage="d:\repos\novacart\tests\unittests\payment.unittests\bin\debug\net10.0\novacart.tests.payment.unittests.dll" id="edf76bb9-ee50-08ec-7b4c-e96646f8af37">
      <Execution id="d24fe035-8d70-4cc0-83f7-0771f39f1c31" />
      <TestMethod codeBase="D:\Repos\NovaCart\tests\UnitTests\Payment.UnitTests\bin\Debug\net10.0\NovaCart.Tests.Payment.UnitTests.dll" adapterTypeName="executor://xunit/VsTestRunner3/netcore/" className="NovaCart.Tests.Payment.UnitTests.Domain.PaymentRecordTests" name="MarkAsSucceeded_Should_ThrowInvalidOperationException_When_AlreadySucceeded" />
    </UnitTest>
    <UnitTest name="NovaCart.Tests.Payment.UnitTests.Domain.PaymentRecordTests.Create_Should_ThrowArgumentException_When_InvalidAmount(amount: -999.99)" storage="d:\repos\novacart\tests\unittests\payment.unittests\bin\debug\net10.0\novacart.tests.payment.unittests.dll" id="c561d137-0ffd-d8d7-638a-6dbe9150f9f7">
      <Execution id="3c8418bc-df99-4a30-8efe-64d9bdda40b5" />
      <TestMethod codeBase="D:\Repos\NovaCart\tests\UnitTests\Payment.UnitTests\bin\Debug\net10.0\NovaCart.Tests.Payment.UnitTests.dll" adapterTypeName="executor://xunit/VsTestRunner3/netcore/" className="NovaCart.Tests.Payment.UnitTests.Domain.PaymentRecordTests" name="Create_Should_ThrowArgumentException_When_InvalidAmount" />
    </UnitTest>
    <UnitTest name="NovaCart.Tests.Payment.UnitTests.Domain.PaymentStatusTests.Equality_Should_BeFalse_When_DifferentStatus" storage="d:\repos\novacart\tests\unittests\payment.unittests\bin\debug\net10.0\novacart.tests.payment.unittests.dll" id="b8a4cc0a-af09-0aa7-eaab-a804f1141318">
      <Execution id="ccd089b0-68d1-44d7-873e-e89abfa99d79" />
      <TestMethod codeBase="D:\Repos\NovaCart\tests\UnitTests\Payment.UnitTests\bin\Debug\net10.0\NovaCart.Tests.Payment.UnitTests.dll" adapterTypeName="executor://xunit/VsTestRunner3/netcore/" className="NovaCart.Tests.Payment.UnitTests.Domain.PaymentStatusTests" name="Equality_Should_BeFalse_When_DifferentStatus" />
    </UnitTest>
    <UnitTest name="NovaCart.Tests.Payment.UnitTests.Domain.PaymentRecordTests.Create_Should_ThrowArgumentException_When_EmptyCurrency(currency: &quot;   &quot;)" storage="d:\repos\novacart\tests\unittests\payment.unittests\bin\debug\net10.0\novacart.tests.payment.unittests.dll" id="d756ad43-8ca5-e7be-a8bc-4e81209f7019">
      <Execution id="4acd9d4c-ef7d-4181-b8be-d8193cc1236c" />
      <TestMethod codeBase="D:\Repos\NovaCart\tests\UnitTests\Payment.UnitTests\bin\Debug\net10.0\NovaCart.Tests.Payment.UnitTests.dll" adapterTypeName="executor://xunit/VsTestRunner3/netcore/" className="NovaCart.Tests.Payment.UnitTests.Domain.PaymentRecordTests" name="Create_Should_ThrowArgumentException_When_EmptyCurrency" />
    </UnitTest>
    <UnitTest name="NovaCart.Tests.Payment.UnitTests.Domain.PaymentRecordTests.Create_Should_ThrowArgumentException_When_InvalidCurrencyFormat(currency: &quot;US&quot;)" storage="d:\repos\novacart\tests\unittests\payment.unittests\bin\debug\net10.0\novacart.tests.payment.unittests.dll" id="041ce26d-c59a-74ab-5987-36e5fdf72fb5">
      <Execution id="b0eba24b-0793-4ec7-a0c5-e32ec2c4f7ea" />
      <TestMethod codeBase="D:\Repos\NovaCart\tests\UnitTests\Payment.UnitTests\bin\Debug\net10.0\NovaCart.Tests.Payment.UnitTests.dll" adapterTypeName="executor://xunit/VsTestRunner3/netcore/" className="NovaCart.Tests.Payment.UnitTests.Domain.PaymentRecordTests" name="Create_Should_ThrowArgumentException_When_InvalidCurrencyFormat" />
    </UnitTest>
    <UnitTest name="NovaCart.Tests.Payment.UnitTests.Domain.PaymentStatusTests.ImplicitConversion_Should_ReturnStringValue" storage="d:\repos\novacart\tests\unittests\payment.unittests\bin\debug\net10.0\novacart.tests.payment.unittests.dll" id="1894f8a1-1140-4dcf-9fb3-59ea6b62d95b">
      <Execution id="40bc2b12-16ee-4b09-9b2b-c87eba58cf43" />
      <TestMethod codeBase="D:\Repos\NovaCart\tests\UnitTests\Payment.UnitTests\bin\Debug\net10.0\NovaCart.Tests.Payment.UnitTests.dll" adapterTypeName="executor://xunit/VsTestRunner3/netcore/" className="NovaCart.Tests.Payment.UnitTests.Domain.PaymentStatusTests" name="ImplicitConversion_Should_ReturnStringValue" />
    </UnitTest>
    <UnitTest name="NovaCart.Tests.Payment.UnitTests.Domain.PaymentRecordTests.MarkAsSucceeded_Should_UpdateStatus_When_Pending" storage="d:\repos\novacart\tests\unittests\payment.unittests\bin\debug\net10.0\novacart.tests.payment.unittests.dll" id="f257d9df-d365-0013-2a62-0e5e80185ccb">
      <Execution id="a1a157cd-fe57-45a2-9f4e-fc2c41ab140d" />
      <TestMethod codeBase="D:\Repos\NovaCart\tests\UnitTests\Payment.UnitTests\bin\Debug\net10.0\NovaCart.Tests.Payment.UnitTests.dll" adapterTypeName="executor://xunit/VsTestRunner3/netcore/" className="NovaCart.Tests.Payment.UnitTests.Domain.PaymentRecordTests" name="MarkAsSucceeded_Should_UpdateStatus_When_Pending" />
    </UnitTest>
    <UnitTest name="NovaCart.Tests.Payment.UnitTests.Domain.PaymentStatusTests.From_Should_ThrowArgumentException_When_InvalidValue(value: &quot;Invalid&quot;)" storage="d:\repos\novacart\tests\unittests\payment.unittests\bin\debug\net10.0\novacart.tests.payment.unittests.dll" id="d03bdaa3-a248-7d31-5fcc-201e11ac85ad">
      <Execution id="f62a4282-67e6-464d-9294-dd7ee7e7c199" />
      <TestMethod codeBase="D:\Repos\NovaCart\tests\UnitTests\Payment.UnitTests\bin\Debug\net10.0\NovaCart.Tests.Payment.UnitTests.dll" adapterTypeName="executor://xunit/VsTestRunner3/netcore/" className="NovaCart.Tests.Payment.UnitTests.Domain.PaymentStatusTests" name="From_Should_ThrowArgumentException_When_InvalidValue" />
    </UnitTest>
    <UnitTest name="NovaCart.Tests.Payment.UnitTests.Application.OrderCreatedIntegrationEventConsumerTests.Consume_Should_SkipProcessing_When_PaymentAlreadyFailed" storage="d:\repos\novacart\tests\unittests\payment.unittests\bin\debug\net10.0\novacart.tests.payment.unittests.dll" id="f185acc8-252e-1523-b704-66141c9d4bf0">
      <Execution id="2744f36b-67b3-4db3-a3a1-64a7b269f54a" />
      <TestMethod codeBase="D:\Repos\NovaCart\tests\UnitTests\Payment.UnitTests\bin\Debug\net10.0\NovaCart.Tests.Payment.UnitTests.dll" adapterTypeName="executor://xunit/VsTestRunner3/netcore/" className="NovaCart.Tests.Payment.UnitTests.Application.OrderCreatedIntegrationEventConsumerTests" name="Consume_Should_SkipProcessing_When_PaymentAlreadyFailed" />
    </UnitTest>
    <UnitTest name="NovaCart.Tests.Payment.UnitTests.Application.OrderCreatedIntegrationEventConsumerTests.Consume_Should_SkipProcessing_When_PaymentAlreadySucceeded" storage="d:\repos\novacart\tests\unittests\payment.unittests\bin\debug\net10.0\novacart.tests.payment.unittests.dll" id="a35ca8e3-93c5-e6c3-8c19-52937872801a">
      <Execution id="68b3198e-9ce2-4afe-8614-e60c0ade8c43" />
      <TestMethod codeBase="D:\Repos\NovaCart\tests\UnitTests\Payment.UnitTests\bin\Debug\net10.0\NovaCart.Tests.Payment.UnitTests.dll" adapterTypeName="executor://xunit/VsTestRunner3/netcore/" className="NovaCart.Tests.Payment.UnitTests.Application.OrderCreatedIntegrationEventConsumerTests" name="Consume_Should_SkipProcessing_When_PaymentAlreadySucceeded" />
    </UnitTest>
    <UnitTest name="NovaCart.Tests.Payment.UnitTests.Domain.PaymentRecordTests.MarkAsFailed_Should_ThrowArgumentException_When_EmptyReason(reason: &quot;&quot;)" storage="d:\repos\novacart\tests\unittests\payment.unittests\bin\debug\net10.0\novacart.tests.payment.unittests.dll" id="3c1104b4-6ec0-cf15-1e35-5c3828d3a48f">
      <Execution id="2985457d-e8ca-4493-8e81-4ca31182c704" />
      <TestMethod codeBase="D:\Repos\NovaCart\tests\UnitTests\Payment.UnitTests\bin\Debug\net10.0\NovaCart.Tests.Payment.UnitTests.dll" adapterTypeName="executor://xunit/VsTestRunner3/netcore/" className="NovaCart.Tests.Payment.UnitTests.Domain.PaymentRecordTests" name="MarkAsFailed_Should_ThrowArgumentException_When_EmptyReason" />
    </UnitTest>
    <UnitTest name="NovaCart.Tests.Payment.UnitTests.Domain.PaymentRecordTests.MarkAsFailed_Should_UpdateStatusAndReason_When_Pending" storage="d:\repos\novacart\tests\unittests\payment.unittests\bin\debug\net10.0\novacart.tests.payment.unittests.dll" id="46eec0b5-ead1-6586-93ff-85e8f579f8d3">
      <Execution id="ed17d6f8-39cf-493d-9146-68218b536569" />
      <TestMethod codeBase="D:\Repos\NovaCart\tests\UnitTests\Payment.UnitTests\bin\Debug\net10.0\NovaCart.Tests.Payment.UnitTests.dll" adapterTypeName="executor://xunit/VsTestRunner3/netcore/" className="NovaCart.Tests.Payment.UnitTests.Domain.PaymentRecordTests" name="MarkAsFailed_Should_UpdateStatusAndReason_When_Pending" />
    </UnitTest>
    <UnitTest name="NovaCart.Tests.Payment.UnitTests.Application.OrderCreatedIntegrationEventConsumerTests.Consume_Should_PublishSucceededOrFailedEvent_When_NewOrder" storage="d:\repos\novacart\tests\unittests\payment.unittests\bin\debug\net10.0\novacart.tests.payment.unittests.dll" id="2f386270-7e07-05a0-6a54-4ce354e13195">
      <Execution id="3a66698a-4d09-4543-b196-34595efcd1b9" />
      <TestMethod codeBase="D:\Repos\NovaCart\tests\UnitTests\Payment.UnitTests\bin\Debug\net10.0\NovaCart.Tests.Payment.UnitTests.dll" adapterTypeName="executor://xunit/VsTestRunner3/netcore/" className="NovaCart.Tests.Payment.UnitTests.Application.OrderCreatedIntegrationEventConsumerTests" name="Consume_Should_PublishSucceededOrFailedEvent_When_NewOrder" />
    </UnitTest>
    <UnitTest name="NovaCart.Tests.Payment.UnitTests.Application.OrderCreatedIntegrationEventConsumerTests.Consume_Should_CreatePaymentAndSave_When_NewOrder" storage="d:\repos\novacart\tests\unittests\payment.unittests\bin\debug\net10.0\novacart.tests.payment.unittests.dll" id="0836787d-1871-85a3-2dfb-6d959da76667">
      <Execution id="f5f1d08e-c76a-45a7-9590-5890a8320b0b" />
      <TestMethod codeBase="D:\Repos\NovaCart\tests\UnitTests\Payment.UnitTests\bin\Debug\net10.0\NovaCart.Tests.Payment.UnitTests.dll" adapterTypeName="executor://xunit/VsTestRunner3/netcore/" className="NovaCart.Tests.Payment.UnitTests.Application.OrderCreatedIntegrationEventConsumerTests" name="Consume_Should_CreatePaymentAndSave_When_NewOrder" />
    </UnitTest>
    <UnitTest name="NovaCart.Tests.Payment.UnitTests.Domain.PaymentStatusTests.From_Should_ReturnStatus_When_ValidValue(value: &quot;Pending&quot;)" storage="d:\repos\novacart\tests\unittests\payment.unittests\bin\debug\net10.0\novacart.tests.payment.unittests.dll" id="93ae927a-f3d7-6808-7991-0971e0130554">
      <Execution id="5becb882-9faa-46e4-834a-0048daa292ff" />
      <TestMethod codeBase="D:\Repos\NovaCart\tests\UnitTests\Payment.UnitTests\bin\Debug\net10.0\NovaCart.Tests.Payment.UnitTests.dll" adapterTypeName="executor://xunit/VsTestRunner3/netcore/" className="NovaCart.Tests.Payment.UnitTests.Domain.PaymentStatusTests" name="From_Should_ReturnStatus_When_ValidValue" />
    </UnitTest>
    <UnitTest name="NovaCart.Tests.Payment.UnitTests.Domain.PaymentStatusTests.Equality_Should_BeTrue_When_SameStatus" storage="d:\repos\novacart\tests\unittests\payment.unittests\bin\debug\net10.0\novacart.tests.payment.unittests.dll" id="fa5de203-a216-63bd-0b62-9e1d2441522d">
      <Execution id="2e39e1e1-8129-4df8-b750-01ebd789b32c" />
      <TestMethod codeBase="D:\Repos\NovaCart\tests\UnitTests\Payment.UnitTests\bin\Debug\net10.0\NovaCart.Tests.Payment.UnitTests.dll" adapterTypeName="executor://xunit/VsTestRunner3/netcore/" className="NovaCart.Tests.Payment.UnitTests.Domain.PaymentStatusTests" name="Equality_Should_BeTrue_When_SameStatus" />
    </UnitTest>
    <UnitTest name="NovaCart.Tests.Payment.UnitTests.Domain.PaymentRecordTests.Create_Should_ThrowArgumentException_When_InvalidAmount(amount: -1)" storage="d:\repos\novacart\tests\unittests\payment.unittests\bin\debug\net10.0\novacart.tests.payment.unittests.dll" id="36ad56de-1e09-84cf-878f-b3363f7471b7">
      <Execution id="c1843611-dd54-4f0e-9e37-2164e60be2fe" />
      <TestMethod codeBase="D:\Repos\NovaCart\tests\UnitTests\Payment.UnitTests\bin\Debug\net10.0\NovaCart.Tests.Payment.UnitTests.dll" adapterTypeName="executor://xunit/VsTestRunner3/netcore/" className="NovaCart.Tests.Payment.UnitTests.Domain.PaymentRecordTests" name="Create_Should_ThrowArgumentException_When_InvalidAmount" />
    </UnitTest>
    <UnitTest name="NovaCart.Tests.Payment.UnitTests.Domain.PaymentRecordTests.MarkAsFailed_Should_ThrowInvalidOperationException_When_AlreadySucceeded" storage="d:\repos\novacart\tests\unittests\payment.unittests\bin\debug\net10.0\novacart.tests.payment.unittests.dll" id="f7c80b13-eba9-052c-4108-18d582fa41e4">
      <Execution id="64f5250c-c4cd-4bf8-bdd7-61475c164bc4" />
      <TestMethod codeBase="D:\Repos\NovaCart\tests\UnitTests\Payment.UnitTests\bin\Debug\net10.0\NovaCart.Tests.Payment.UnitTests.dll" adapterTypeName="executor://xunit/VsTestRunner3/netcore/" className="NovaCart.Tests.Payment.UnitTests.Domain.PaymentRecordTests" name="MarkAsFailed_Should_ThrowInvalidOperationException_When_AlreadySucceeded" />
    </UnitTest>
    <UnitTest name="NovaCart.Tests.Payment.UnitTests.Domain.PaymentRecordTests.MarkAsFailed_Should_ThrowArgumentException_When_EmptyReason(reason: &quot;   &quot;)" storage="d:\repos\novacart\tests\unittests\payment.unittests\bin\debug\net10.0\novacart.tests.payment.unittests.dll" id="e29f4727-0644-24e5-9f1f-d027c5c595f5">
      <Execution id="731147ac-6b55-400a-85cc-984389f23760" />
      <TestMethod codeBase="D:\Repos\NovaCart\tests\UnitTests\Payment.UnitTests\bin\Debug\net10.0\NovaCart.Tests.Payment.UnitTests.dll" adapterTypeName="executor://xunit/VsTestRunner3/netcore/" className="NovaCart.Tests.Payment.UnitTests.Domain.PaymentRecordTests" name="MarkAsFailed_Should_ThrowArgumentException_When_EmptyReason" />
    </UnitTest>
    <UnitTest name="NovaCart.Tests.Payment.UnitTests.Application.CancellationAndFreeOrderTests.FreeOrder_SucceedsEvenWhenProviderWouldDecline" storage="d:\repos\novacart\tests\unittests\payment.unittests\bin\debug\net10.0\novacart.tests.payment.unittests.dll" id="e07295b1-d259-b3ab-ed65-96cb95e349d5">
      <Execution id="175e6668-83be-4965-b16b-1475466f7e2b" />
      <TestMethod codeBase="D:\Repos\NovaCart\tests\UnitTests\Payment.UnitTests\bin\Debug\net10.0\NovaCart.Tests.Payment.UnitTests.dll" adapterTypeName="executor://xunit/VsTestRunner3/netcore/" className="NovaCart.Tests.Payment.UnitTests.Application.CancellationAndFreeOrderTests" name="FreeOrder_SucceedsEvenWhenProviderWouldDecline" />
    </UnitTest>
    <UnitTest name="NovaCart.Tests.Payment.UnitTests.Domain.PaymentStatusTests.From_Should_ReturnStatus_When_ValidValue(value: &quot;Succeeded&quot;)" storage="d:\repos\novacart\tests\unittests\payment.unittests\bin\debug\net10.0\novacart.tests.payment.unittests.dll" id="ae8c740e-a2a2-66fb-13f5-6a32bdac12a8">
      <Execution id="594aeab2-ba9a-49ad-9395-14e39dbb8d35" />
      <TestMethod codeBase="D:\Repos\NovaCart\tests\UnitTests\Payment.UnitTests\bin\Debug\net10.0\NovaCart.Tests.Payment.UnitTests.dll" adapterTypeName="executor://xunit/VsTestRunner3/netcore/" className="NovaCart.Tests.Payment.UnitTests.Domain.PaymentStatusTests" name="From_Should_ReturnStatus_When_ValidValue" />
    </UnitTest>
    <UnitTest name="NovaCart.Tests.Payment.UnitTests.Application.CancellationAndFreeOrderTests.Cancellation_ConfirmsOnlyAfterVoidingOrRefunding(paid: False)" storage="d:\repos\novacart\tests\unittests\payment.unittests\bin\debug\net10.0\novacart.tests.payment.unittests.dll" id="581fba00-7de1-7b48-226a-8a7f44133166">
      <Execution id="8bd6e611-bb1f-4e9f-bf66-a8cb0ee6d8a7" />
      <TestMethod codeBase="D:\Repos\NovaCart\tests\UnitTests\Payment.UnitTests\bin\Debug\net10.0\NovaCart.Tests.Payment.UnitTests.dll" adapterTypeName="executor://xunit/VsTestRunner3/netcore/" className="NovaCart.Tests.Payment.UnitTests.Application.CancellationAndFreeOrderTests" name="Cancellation_ConfirmsOnlyAfterVoidingOrRefunding" />
    </UnitTest>
    <UnitTest name="NovaCart.Tests.Payment.UnitTests.Domain.PaymentRecordTests.MarkAsFailed_Should_ThrowArgumentException_When_EmptyReason(reason: null)" storage="d:\repos\novacart\tests\unittests\payment.unittests\bin\debug\net10.0\novacart.tests.payment.unittests.dll" id="e7beae5e-421b-efbd-56c8-5f488e96d62d">
      <Execution id="01567eb2-fe8f-4a2a-a314-bd4d4a54c923" />
      <TestMethod codeBase="D:\Repos\NovaCart\tests\UnitTests\Payment.UnitTests\bin\Debug\net10.0\NovaCart.Tests.Payment.UnitTests.dll" adapterTypeName="executor://xunit/VsTestRunner3/netcore/" className="NovaCart.Tests.Payment.UnitTests.Domain.PaymentRecordTests" name="MarkAsFailed_Should_ThrowArgumentException_When_EmptyReason" />
    </UnitTest>
    <UnitTest name="NovaCart.Tests.Payment.UnitTests.Domain.PaymentRecordTests.Create_Should_NormalizeCurrency_When_LowerCase" storage="d:\repos\novacart\tests\unittests\payment.unittests\bin\debug\net10.0\novacart.tests.payment.unittests.dll" id="59434367-409e-9b84-5602-8e44588a9566">
      <Execution id="d43adb38-eadd-4be7-9727-431ef1a28428" />
      <TestMethod codeBase="D:\Repos\NovaCart\tests\UnitTests\Payment.UnitTests\bin\Debug\net10.0\NovaCart.Tests.Payment.UnitTests.dll" adapterTypeName="executor://xunit/VsTestRunner3/netcore/" className="NovaCart.Tests.Payment.UnitTests.Domain.PaymentRecordTests" name="Create_Should_NormalizeCurrency_When_LowerCase" />
    </UnitTest>
    <UnitTest name="NovaCart.Tests.Payment.UnitTests.Domain.PaymentStatusTests.From_Should_ReturnStatus_When_ValidValue(value: &quot;Failed&quot;)" storage="d:\repos\novacart\tests\unittests\payment.unittests\bin\debug\net10.0\novacart.tests.payment.unittests.dll" id="a63670cb-e845-cd1c-10bc-3f873a38dd3f">
      <Execution id="75df233c-c766-4488-a746-2d2d9cad3e99" />
      <TestMethod codeBase="D:\Repos\NovaCart\tests\UnitTests\Payment.UnitTests\bin\Debug\net10.0\NovaCart.Tests.Payment.UnitTests.dll" adapterTypeName="executor://xunit/VsTestRunner3/netcore/" className="NovaCart.Tests.Payment.UnitTests.Domain.PaymentStatusTests" name="From_Should_ReturnStatus_When_ValidValue" />
    </UnitTest>
    <UnitTest name="NovaCart.Tests.Payment.UnitTests.Domain.PaymentStatusTests.From_Should_ThrowArgumentException_When_InvalidValue(value: &quot;pending&quot;)" storage="d:\repos\novacart\tests\unittests\payment.unittests\bin\debug\net10.0\novacart.tests.payment.unittests.dll" id="bcb94f29-a43e-641a-fab7-c676235926b9">
      <Execution id="a54e9fb3-caca-4074-9c99-aa5f99b65d99" />
      <TestMethod codeBase="D:\Repos\NovaCart\tests\UnitTests\Payment.UnitTests\bin\Debug\net10.0\NovaCart.Tests.Payment.UnitTests.dll" adapterTypeName="executor://xunit/VsTestRunner3/netcore/" className="NovaCart.Tests.Payment.UnitTests.Domain.PaymentStatusTests" name="From_Should_ThrowArgumentException_When_InvalidValue" />
    </UnitTest>
    <UnitTest name="NovaCart.Tests.Payment.UnitTests.Domain.PaymentRecordTests.Create_Should_ThrowArgumentException_When_InvalidCurrencyFormat(currency: &quot;USDT&quot;)" storage="d:\repos\novacart\tests\unittests\payment.unittests\bin\debug\net10.0\novacart.tests.payment.unittests.dll" id="17311e70-e674-ae34-79ac-48b0990db905">
      <Execution id="d59a381c-c17e-4af5-afb1-bce86ef2bc8a" />
      <TestMethod codeBase="D:\Repos\NovaCart\tests\UnitTests\Payment.UnitTests\bin\Debug\net10.0\NovaCart.Tests.Payment.UnitTests.dll" adapterTypeName="executor://xunit/VsTestRunner3/netcore/" className="NovaCart.Tests.Payment.UnitTests.Domain.PaymentRecordTests" name="Create_Should_ThrowArgumentException_When_InvalidCurrencyFormat" />
    </UnitTest>
    <UnitTest name="NovaCart.Tests.Payment.UnitTests.Domain.PaymentStatusTests.From_Should_ThrowArgumentException_When_InvalidValue(value: &quot;&quot;)" storage="d:\repos\novacart\tests\unittests\payment.unittests\bin\debug\net10.0\novacart.tests.payment.unittests.dll" id="47f42c25-6017-2348-ddb9-8e38015abdcd">
      <Execution id="ee87aad7-433a-4d8b-93ae-3656bfac7b43" />
      <TestMethod codeBase="D:\Repos\NovaCart\tests\UnitTests\Payment.UnitTests\bin\Debug\net10.0\NovaCart.Tests.Payment.UnitTests.dll" adapterTypeName="executor://xunit/VsTestRunner3/netcore/" className="NovaCart.Tests.Payment.UnitTests.Domain.PaymentStatusTests" name="From_Should_ThrowArgumentException_When_InvalidValue" />
    </UnitTest>
    <UnitTest name="NovaCart.Tests.Payment.UnitTests.Domain.PaymentRecordTests.MarkAsFailed_Should_ThrowArgumentException_When_ReasonTooLong" storage="d:\repos\novacart\tests\unittests\payment.unittests\bin\debug\net10.0\novacart.tests.payment.unittests.dll" id="d5b5ef66-a6d0-c929-b751-8ffc4d6d9d7c">
      <Execution id="9e6d19fd-deb9-422f-a823-440702546bc9" />
      <TestMethod codeBase="D:\Repos\NovaCart\tests\UnitTests\Payment.UnitTests\bin\Debug\net10.0\NovaCart.Tests.Payment.UnitTests.dll" adapterTypeName="executor://xunit/VsTestRunner3/netcore/" className="NovaCart.Tests.Payment.UnitTests.Domain.PaymentRecordTests" name="MarkAsFailed_Should_ThrowArgumentException_When_ReasonTooLong" />
    </UnitTest>
    <UnitTest name="NovaCart.Tests.Payment.UnitTests.Domain.PaymentStatusTests.ToString_Should_ReturnValue" storage="d:\repos\novacart\tests\unittests\payment.unittests\bin\debug\net10.0\novacart.tests.payment.unittests.dll" id="d2a06cf4-979e-80c3-ebfd-f34dec4c715b">
      <Execution id="61709167-e586-4e58-b234-dec911a80b18" />
      <TestMethod codeBase="D:\Repos\NovaCart\tests\UnitTests\Payment.UnitTests\bin\Debug\net10.0\NovaCart.Tests.Payment.UnitTests.dll" adapterTypeName="executor://xunit/VsTestRunner3/netcore/" className="NovaCart.Tests.Payment.UnitTests.Domain.PaymentStatusTests" name="ToString_Should_ReturnValue" />
    </UnitTest>
    <UnitTest name="NovaCart.Tests.Payment.UnitTests.Domain.PaymentRecordTests.Create_Should_ThrowArgumentException_When_EmptyCurrency(currency: null)" storage="d:\repos\novacart\tests\unittests\payment.unittests\bin\debug\net10.0\novacart.tests.payment.unittests.dll" id="d297243b-0323-24ee-faea-7062e6f94dda">
      <Execution id="a29da113-35e5-48d4-bb7c-6d9546248cf6" />
      <TestMethod codeBase="D:\Repos\NovaCart\tests\UnitTests\Payment.UnitTests\bin\Debug\net10.0\NovaCart.Tests.Payment.UnitTests.dll" adapterTypeName="executor://xunit/VsTestRunner3/netcore/" className="NovaCart.Tests.Payment.UnitTests.Domain.PaymentRecordTests" name="Create_Should_ThrowArgumentException_When_EmptyCurrency" />
    </UnitTest>
    <UnitTest name="NovaCart.Tests.Payment.UnitTests.Application.CancellationAndFreeOrderTests.Cancellation_ConfirmsOnlyAfterVoidingOrRefunding(paid: True)" storage="d:\repos\novacart\tests\unittests\payment.unittests\bin\debug\net10.0\novacart.tests.payment.unittests.dll" id="fd0b1b7b-330e-0cec-af70-38a27bba8166">
      <Execution id="fab563f0-373c-461c-b34c-e0dbfd5fb4aa" />
      <TestMethod codeBase="D:\Repos\NovaCart\tests\UnitTests\Payment.UnitTests\bin\Debug\net10.0\NovaCart.Tests.Payment.UnitTests.dll" adapterTypeName="executor://xunit/VsTestRunner3/netcore/" className="NovaCart.Tests.Payment.UnitTests.Application.CancellationAndFreeOrderTests" name="Cancellation_ConfirmsOnlyAfterVoidingOrRefunding" />
    </UnitTest>
    <UnitTest name="NovaCart.Tests.Payment.UnitTests.Domain.PaymentRecordTests.Create_Should_ThrowArgumentException_When_EmptyOrderId" storage="d:\repos\novacart\tests\unittests\payment.unittests\bin\debug\net10.0\novacart.tests.payment.unittests.dll" id="75390f68-0dcc-b177-2f27-71ef3923a14b">
      <Execution id="a6e8ee58-40a4-495d-8341-ae37ffdbc1b9" />
      <TestMethod codeBase="D:\Repos\NovaCart\tests\UnitTests\Payment.UnitTests\bin\Debug\net10.0\NovaCart.Tests.Payment.UnitTests.dll" adapterTypeName="executor://xunit/VsTestRunner3/netcore/" className="NovaCart.Tests.Payment.UnitTests.Domain.PaymentRecordTests" name="Create_Should_ThrowArgumentException_When_EmptyOrderId" />
    </UnitTest>
    <UnitTest name="NovaCart.Tests.Payment.UnitTests.Domain.PaymentRecordTests.Create_Should_ThrowArgumentException_When_InvalidCurrencyFormat(currency: &quot;12A&quot;)" storage="d:\repos\novacart\tests\unittests\payment.unittests\bin\debug\net10.0\novacart.tests.payment.unittests.dll" id="9032d486-2c79-3533-9356-e8761590a47a">
      <Execution id="45764139-018d-4bca-8836-00a2432f6128" />
      <TestMethod codeBase="D:\Repos\NovaCart\tests\UnitTests\Payment.UnitTests\bin\Debug\net10.0\NovaCart.Tests.Payment.UnitTests.dll" adapterTypeName="executor://xunit/VsTestRunner3/netcore/" className="NovaCart.Tests.Payment.UnitTests.Domain.PaymentRecordTests" name="Create_Should_ThrowArgumentException_When_InvalidCurrencyFormat" />
    </UnitTest>
    <UnitTest name="NovaCart.Tests.Payment.UnitTests.Application.CancellationAndFreeOrderTests.CancellationBeforeCreation_PreventsDelayedPayment" storage="d:\repos\novacart\tests\unittests\payment.unittests\bin\debug\net10.0\novacart.tests.payment.unittests.dll" id="26dac637-ec6b-2e74-d88c-9367754371d5">
      <Execution id="667be7ab-60bd-43c5-b996-78593a806841" />
      <TestMethod codeBase="D:\Repos\NovaCart\tests\UnitTests\Payment.UnitTests\bin\Debug\net10.0\NovaCart.Tests.Payment.UnitTests.dll" adapterTypeName="executor://xunit/VsTestRunner3/netcore/" className="NovaCart.Tests.Payment.UnitTests.Application.CancellationAndFreeOrderTests" name="CancellationBeforeCreation_PreventsDelayedPayment" />
    </UnitTest>
    <UnitTest name="NovaCart.Tests.Payment.UnitTests.Domain.PaymentRecordTests.Create_Should_ThrowArgumentException_When_EmptyCurrency(currency: &quot;&quot;)" storage="d:\repos\novacart\tests\unittests\payment.unittests\bin\debug\net10.0\novacart.tests.payment.unittests.dll" id="96d1d684-b70e-5104-8471-a275904bf183">
      <Execution id="2848c83b-ef13-40ca-9e2b-ab1e23fdee59" />
      <TestMethod codeBase="D:\Repos\NovaCart\tests\UnitTests\Payment.UnitTests\bin\Debug\net10.0\NovaCart.Tests.Payment.UnitTests.dll" adapterTypeName="executor://xunit/VsTestRunner3/netcore/" className="NovaCart.Tests.Payment.UnitTests.Domain.PaymentRecordTests" name="Create_Should_ThrowArgumentException_When_EmptyCurrency" />
    </UnitTest>
    <UnitTest name="NovaCart.Tests.Payment.UnitTests.Domain.PaymentRecordTests.Create_Should_ReturnPaymentRecord_When_ValidData" storage="d:\repos\novacart\tests\unittests\payment.unittests\bin\debug\net10.0\novacart.tests.payment.unittests.dll" id="01d12902-65fb-7bbd-7f2b-1e27a8c15314">
      <Execution id="c33d7787-0073-427c-822e-f2577c3cec54" />
      <TestMethod codeBase="D:\Repos\NovaCart\tests\UnitTests\Payment.UnitTests\bin\Debug\net10.0\NovaCart.Tests.Payment.UnitTests.dll" adapterTypeName="executor://xunit/VsTestRunner3/netcore/" className="NovaCart.Tests.Payment.UnitTests.Domain.PaymentRecordTests" name="Create_Should_ReturnPaymentRecord_When_ValidData" />
    </UnitTest>
  </TestDefinitions>
  <TestEntries>
    <TestEntry testId="46eec0b5-ead1-6586-93ff-85e8f579f8d3" executionId="ed17d6f8-39cf-493d-9146-68218b536569" testListId="8c84fa94-04c1-424b-9868-57a2d4851a1d" />
    <TestEntry testId="a35ca8e3-93c5-e6c3-8c19-52937872801a" executionId="68b3198e-9ce2-4afe-8614-e60c0ade8c43" testListId="8c84fa94-04c1-424b-9868-57a2d4851a1d" />
    <TestEntry testId="59434367-409e-9b84-5602-8e44588a9566" executionId="d43adb38-eadd-4be7-9727-431ef1a28428" testListId="8c84fa94-04c1-424b-9868-57a2d4851a1d" />
    <TestEntry testId="3c1104b4-6ec0-cf15-1e35-5c3828d3a48f" executionId="2985457d-e8ca-4493-8e81-4ca31182c704" testListId="8c84fa94-04c1-424b-9868-57a2d4851a1d" />
    <TestEntry testId="bcb94f29-a43e-641a-fab7-c676235926b9" executionId="a54e9fb3-caca-4074-9c99-aa5f99b65d99" testListId="8c84fa94-04c1-424b-9868-57a2d4851a1d" />
    <TestEntry testId="b8a4cc0a-af09-0aa7-eaab-a804f1141318" executionId="ccd089b0-68d1-44d7-873e-e89abfa99d79" testListId="8c84fa94-04c1-424b-9868-57a2d4851a1d" />
    <TestEntry testId="01d12902-65fb-7bbd-7f2b-1e27a8c15314" executionId="c33d7787-0073-427c-822e-f2577c3cec54" testListId="8c84fa94-04c1-424b-9868-57a2d4851a1d" />
    <TestEntry testId="edf76bb9-ee50-08ec-7b4c-e96646f8af37" executionId="d24fe035-8d70-4cc0-83f7-0771f39f1c31" testListId="8c84fa94-04c1-424b-9868-57a2d4851a1d" />
    <TestEntry testId="470a4361-18a5-2ba3-0832-53c53b7e75e4" executionId="c7494aed-0fbc-4488-8f94-81955ad59485" testListId="8c84fa94-04c1-424b-9868-57a2d4851a1d" />
    <TestEntry testId="36ad56de-1e09-84cf-878f-b3363f7471b7" executionId="c1843611-dd54-4f0e-9e37-2164e60be2fe" testListId="8c84fa94-04c1-424b-9868-57a2d4851a1d" />
    <TestEntry testId="26dac637-ec6b-2e74-d88c-9367754371d5" executionId="667be7ab-60bd-43c5-b996-78593a806841" testListId="8c84fa94-04c1-424b-9868-57a2d4851a1d" />
    <TestEntry testId="2f386270-7e07-05a0-6a54-4ce354e13195" executionId="3a66698a-4d09-4543-b196-34595efcd1b9" testListId="8c84fa94-04c1-424b-9868-57a2d4851a1d" />
    <TestEntry testId="96d1d684-b70e-5104-8471-a275904bf183" executionId="2848c83b-ef13-40ca-9e2b-ab1e23fdee59" testListId="8c84fa94-04c1-424b-9868-57a2d4851a1d" />
    <TestEntry testId="93ae927a-f3d7-6808-7991-0971e0130554" executionId="5becb882-9faa-46e4-834a-0048daa292ff" testListId="8c84fa94-04c1-424b-9868-57a2d4851a1d" />
    <TestEntry testId="581fba00-7de1-7b48-226a-8a7f44133166" executionId="8bd6e611-bb1f-4e9f-bf66-a8cb0ee6d8a7" testListId="8c84fa94-04c1-424b-9868-57a2d4851a1d" />
    <TestEntry testId="a63670cb-e845-cd1c-10bc-3f873a38dd3f" executionId="75df233c-c766-4488-a746-2d2d9cad3e99" testListId="8c84fa94-04c1-424b-9868-57a2d4851a1d" />
    <TestEntry testId="c561d137-0ffd-d8d7-638a-6dbe9150f9f7" executionId="3c8418bc-df99-4a30-8efe-64d9bdda40b5" testListId="8c84fa94-04c1-424b-9868-57a2d4851a1d" />
    <TestEntry testId="041ce26d-c59a-74ab-5987-36e5fdf72fb5" executionId="b0eba24b-0793-4ec7-a0c5-e32ec2c4f7ea" testListId="8c84fa94-04c1-424b-9868-57a2d4851a1d" />
    <TestEntry testId="1894f8a1-1140-4dcf-9fb3-59ea6b62d95b" executionId="40bc2b12-16ee-4b09-9b2b-c87eba58cf43" testListId="8c84fa94-04c1-424b-9868-57a2d4851a1d" />
    <TestEntry testId="d5b5ef66-a6d0-c929-b751-8ffc4d6d9d7c" executionId="9e6d19fd-deb9-422f-a823-440702546bc9" testListId="8c84fa94-04c1-424b-9868-57a2d4851a1d" />
    <TestEntry testId="f7c80b13-eba9-052c-4108-18d582fa41e4" executionId="64f5250c-c4cd-4bf8-bdd7-61475c164bc4" testListId="8c84fa94-04c1-424b-9868-57a2d4851a1d" />
    <TestEntry testId="f257d9df-d365-0013-2a62-0e5e80185ccb" executionId="a1a157cd-fe57-45a2-9f4e-fc2c41ab140d" testListId="8c84fa94-04c1-424b-9868-57a2d4851a1d" />
    <TestEntry testId="0836787d-1871-85a3-2dfb-6d959da76667" executionId="f5f1d08e-c76a-45a7-9590-5890a8320b0b" testListId="8c84fa94-04c1-424b-9868-57a2d4851a1d" />
    <TestEntry testId="d756ad43-8ca5-e7be-a8bc-4e81209f7019" executionId="4acd9d4c-ef7d-4181-b8be-d8193cc1236c" testListId="8c84fa94-04c1-424b-9868-57a2d4851a1d" />
    <TestEntry testId="d03bdaa3-a248-7d31-5fcc-201e11ac85ad" executionId="f62a4282-67e6-464d-9294-dd7ee7e7c199" testListId="8c84fa94-04c1-424b-9868-57a2d4851a1d" />
    <TestEntry testId="e7beae5e-421b-efbd-56c8-5f488e96d62d" executionId="01567eb2-fe8f-4a2a-a314-bd4d4a54c923" testListId="8c84fa94-04c1-424b-9868-57a2d4851a1d" />
    <TestEntry testId="fd0b1b7b-330e-0cec-af70-38a27bba8166" executionId="fab563f0-373c-461c-b34c-e0dbfd5fb4aa" testListId="8c84fa94-04c1-424b-9868-57a2d4851a1d" />
    <TestEntry testId="d2a06cf4-979e-80c3-ebfd-f34dec4c715b" executionId="61709167-e586-4e58-b234-dec911a80b18" testListId="8c84fa94-04c1-424b-9868-57a2d4851a1d" />
    <TestEntry testId="fa5de203-a216-63bd-0b62-9e1d2441522d" executionId="2e39e1e1-8129-4df8-b750-01ebd789b32c" testListId="8c84fa94-04c1-424b-9868-57a2d4851a1d" />
    <TestEntry testId="9032d486-2c79-3533-9356-e8761590a47a" executionId="45764139-018d-4bca-8836-00a2432f6128" testListId="8c84fa94-04c1-424b-9868-57a2d4851a1d" />
    <TestEntry testId="d297243b-0323-24ee-faea-7062e6f94dda" executionId="a29da113-35e5-48d4-bb7c-6d9546248cf6" testListId="8c84fa94-04c1-424b-9868-57a2d4851a1d" />
    <TestEntry testId="17311e70-e674-ae34-79ac-48b0990db905" executionId="d59a381c-c17e-4af5-afb1-bce86ef2bc8a" testListId="8c84fa94-04c1-424b-9868-57a2d4851a1d" />
    <TestEntry testId="e29f4727-0644-24e5-9f1f-d027c5c595f5" executionId="731147ac-6b55-400a-85cc-984389f23760" testListId="8c84fa94-04c1-424b-9868-57a2d4851a1d" />
    <TestEntry testId="e07295b1-d259-b3ab-ed65-96cb95e349d5" executionId="175e6668-83be-4965-b16b-1475466f7e2b" testListId="8c84fa94-04c1-424b-9868-57a2d4851a1d" />
    <TestEntry testId="f185acc8-252e-1523-b704-66141c9d4bf0" executionId="2744f36b-67b3-4db3-a3a1-64a7b269f54a" testListId="8c84fa94-04c1-424b-9868-57a2d4851a1d" />
    <TestEntry testId="ae8c740e-a2a2-66fb-13f5-6a32bdac12a8" executionId="594aeab2-ba9a-49ad-9395-14e39dbb8d35" testListId="8c84fa94-04c1-424b-9868-57a2d4851a1d" />
    <TestEntry testId="47f42c25-6017-2348-ddb9-8e38015abdcd" executionId="ee87aad7-433a-4d8b-93ae-3656bfac7b43" testListId="8c84fa94-04c1-424b-9868-57a2d4851a1d" />
    <TestEntry testId="75390f68-0dcc-b177-2f27-71ef3923a14b" executionId="a6e8ee58-40a4-495d-8341-ae37ffdbc1b9" testListId="8c84fa94-04c1-424b-9868-57a2d4851a1d" />
  </TestEntries>
  <TestLists>
    <TestList name="Список результатов" id="8c84fa94-04c1-424b-9868-57a2d4851a1d" />
    <TestList name="Все загруженные результаты" id="19431567-8539-422a-85d7-44ee4e166bda" />
  </TestLists>
  <ResultSummary outcome="Completed">
    <Counters total="38" executed="38" passed="38" failed="0" error="0" timeout="0" aborted="0" inconclusive="0" passedButRunAborted="0" notRunnable="0" notExecuted="0" disconnected="0" warning="0" completed="0" inProgress="0" pending="0" />
    <Output>
      <StdOut>[xUnit.net 00:00:00.00] xUnit.net VSTest Adapter v3.1.4+50e68bbb8b (64-bit .NET 10.0.12)&#xD;
[xUnit.net 00:00:02.09]   Discovering: NovaCart.Tests.Payment.UnitTests&#xD;
[xUnit.net 00:00:02.14]   Discovered:  NovaCart.Tests.Payment.UnitTests&#xD;
[xUnit.net 00:00:02.17]   Starting:    NovaCart.Tests.Payment.UnitTests&#xD;
     Warning:&#xD;
     The component "Fluent Assertions" is governed by the rules defined in the Xceed License Agreement and&#xD;
     the Xceed Fluent Assertions Community License. You may use Fluent Assertions free of charge for&#xD;
     non-commercial use only. An active subscription is required to use Fluent Assertions for commercial use.&#xD;
     Please contact Xceed Sales mailto:sales@xceed.com to acquire a subscription at a very low cost.&#xD;
     A paid commercial license supports the development and continued increasing support of&#xD;
     Fluent Assertions users under both commercial and community licenses. Help us&#xD;
     keep Fluent Assertions at the forefront of unit testing.&#xD;
     For more information, visit https://xceed.com/products/unit-testing/fluent-assertions/&#xD;
[xUnit.net 00:00:02.32]   Finished:    NovaCart.Tests.Payment.UnitTests&#xD;
</StdOut>
    </Output>
  </ResultSummary>
</TestRun>